<?xml version="1.0" encoding="UTF-8"?>
<coverage generated="1783686782759" clover="3.2.0">
  <project timestamp="1783686782759" name="All files">
    <metrics statements="2150" coveredstatements="1256" conditionals="1451" coveredconditionals="847" methods="283" coveredmethods="127" elements="3884" coveredelements="2230" complexity="0" loc="2150" ncloc="2150" packages="14" files="47" classes="47"/>
    <package name="constants">
      <metrics statements="66" coveredstatements="66" conditionals="0" coveredconditionals="0" methods="7" coveredmethods="7"/>
      <file name="audioConfig.ts" path="C:\Users\oob\.gemini\antigravity\scratch\darwins-canvas\web\src\constants\audioConfig.ts">
        <metrics statements="1" coveredstatements="1" conditionals="0" coveredconditionals="0" methods="0" coveredmethods="0"/>
        <line num="1" count="1" type="stmt"/>
      </file>
      <file name="index.ts" path="C:\Users\oob\.gemini\antigravity\scratch\darwins-canvas\web\src\constants\index.ts">
        <metrics statements="65" coveredstatements="65" conditionals="0" coveredconditionals="0" methods="7" coveredmethods="7"/>
        <line num="4" count="15" type="stmt"/>
        <line num="5" count="15" type="stmt"/>
        <line num="7" count="15" type="stmt"/>
        <line num="14" count="15" type="stmt"/>
        <line num="15" count="15" type="stmt"/>
        <line num="20" count="15" type="stmt"/>
        <line num="21" count="15" type="stmt"/>
        <line num="26" count="15" type="stmt"/>
        <line num="27" count="15" type="stmt"/>
        <line num="30" count="15" type="stmt"/>
        <line num="31" count="15" type="stmt"/>
        <line num="39" count="15" type="stmt"/>
        <line num="46" count="15" type="stmt"/>
        <line num="47" count="15" type="stmt"/>
        <line num="48" count="15" type="stmt"/>
        <line num="51" count="15" type="stmt"/>
        <line num="52" count="15" type="stmt"/>
        <line num="53" count="15" type="stmt"/>
        <line num="55" count="15" type="stmt"/>
        <line num="56" count="15" type="stmt"/>
        <line num="57" count="15" type="stmt"/>
        <line num="60" count="15" type="stmt"/>
        <line num="61" count="15" type="stmt"/>
        <line num="64" count="15" type="stmt"/>
        <line num="65" count="228715" type="stmt"/>
        <line num="66" count="54497" type="stmt"/>
        <line num="67" count="97142" type="stmt"/>
        <line num="68" count="17408" type="stmt"/>
        <line num="71" count="9727" type="stmt"/>
        <line num="72" count="15" type="stmt"/>
        <line num="73" count="15" type="stmt"/>
        <line num="74" count="15" type="stmt"/>
        <line num="77" count="15" type="stmt"/>
        <line num="78" count="15" type="stmt"/>
        <line num="79" count="15" type="stmt"/>
        <line num="80" count="15" type="stmt"/>
        <line num="83" count="15" type="stmt"/>
        <line num="84" count="15" type="stmt"/>
        <line num="85" count="15" type="stmt"/>
        <line num="86" count="15" type="stmt"/>
        <line num="87" count="15" type="stmt"/>
        <line num="88" count="15" type="stmt"/>
        <line num="90" count="15" type="stmt"/>
        <line num="91" count="15" type="stmt"/>
        <line num="92" count="15" type="stmt"/>
        <line num="93" count="15" type="stmt"/>
        <line num="96" count="15" type="stmt"/>
        <line num="97" count="15" type="stmt"/>
        <line num="98" count="15" type="stmt"/>
        <line num="101" count="15" type="stmt"/>
        <line num="102" count="15" type="stmt"/>
        <line num="107" count="15" type="stmt"/>
        <line num="108" count="15" type="stmt"/>
        <line num="109" count="15" type="stmt"/>
        <line num="110" count="15" type="stmt"/>
        <line num="112" count="15" type="stmt"/>
        <line num="113" count="15" type="stmt"/>
        <line num="114" count="15" type="stmt"/>
        <line num="117" count="15" type="stmt"/>
        <line num="118" count="15" type="stmt"/>
        <line num="120" count="15" type="stmt"/>
        <line num="121" count="15" type="stmt"/>
        <line num="122" count="15" type="stmt"/>
        <line num="125" count="15" type="stmt"/>
        <line num="139" count="15" type="stmt"/>
      </file>
    </package>
    <package name="engine">
      <metrics statements="938" coveredstatements="427" conditionals="626" coveredconditionals="272" methods="74" coveredmethods="28"/>
      <file name="SpatialGrid.ts" path="C:\Users\oob\.gemini\antigravity\scratch\darwins-canvas\web\src\engine\SpatialGrid.ts">
        <metrics statements="51" coveredstatements="51" conditionals="8" coveredconditionals="8" methods="8" coveredmethods="8"/>
        <line num="16" count="2137" type="stmt"/>
        <line num="17" count="2137" type="stmt"/>
        <line num="18" count="2137" type="stmt"/>
        <line num="19" count="2137" type="stmt"/>
        <line num="20" count="2137" type="stmt"/>
        <line num="21" count="2137" type="stmt"/>
        <line num="22" count="2137" type="stmt"/>
        <line num="23" count="106888" type="stmt"/>
        <line num="24" count="106888" type="stmt"/>
        <line num="29" count="59401" type="stmt"/>
        <line num="30" count="59401" type="stmt"/>
        <line num="31" count="59401" type="cond" truecount="4" falsecount="0"/>
        <line num="33" count="2002" type="stmt"/>
        <line num="34" count="2002" type="stmt"/>
        <line num="35" count="2002" type="stmt"/>
        <line num="36" count="2002" type="stmt"/>
        <line num="37" count="2002" type="stmt"/>
        <line num="38" count="2002" type="stmt"/>
        <line num="39" count="676341" type="stmt"/>
        <line num="40" count="676341" type="stmt"/>
        <line num="45" count="59401" type="stmt"/>
        <line num="46" count="12588100" type="stmt"/>
        <line num="47" count="12588100" type="stmt"/>
        <line num="52" count="4305858" type="cond" truecount="4" falsecount="0"/>
        <line num="53" count="4305853" type="stmt"/>
        <line num="54" count="4305853" type="stmt"/>
        <line num="55" count="4305853" type="stmt"/>
        <line num="59" count="602164" type="stmt"/>
        <line num="60" count="602164" type="stmt"/>
        <line num="64" count="3703694" type="stmt"/>
        <line num="65" count="3703694" type="stmt"/>
        <line num="73" count="1812219" type="stmt"/>
        <line num="74" count="1812219" type="stmt"/>
        <line num="75" count="1812219" type="stmt"/>
        <line num="76" count="1812219" type="stmt"/>
        <line num="77" count="1812219" type="stmt"/>
        <line num="79" count="1812219" type="stmt"/>
        <line num="80" count="9644804" type="stmt"/>
        <line num="81" count="61798276" type="stmt"/>
        <line num="82" count="61798276" type="stmt"/>
        <line num="83" count="12199121" type="stmt"/>
        <line num="94" count="1102510" type="stmt"/>
        <line num="95" count="1102510" type="stmt"/>
        <line num="96" count="1102510" type="stmt"/>
        <line num="97" count="1102510" type="stmt"/>
        <line num="98" count="1102510" type="stmt"/>
        <line num="100" count="1102510" type="stmt"/>
        <line num="101" count="4315988" type="stmt"/>
        <line num="102" count="23298798" type="stmt"/>
        <line num="103" count="23298798" type="stmt"/>
        <line num="104" count="6358396" type="stmt"/>
      </file>
      <file name="audioEngine.ts" path="C:\Users\oob\.gemini\antigravity\scratch\darwins-canvas\web\src\engine\audioEngine.ts">
        <metrics statements="267" coveredstatements="22" conditionals="209" coveredconditionals="0" methods="30" coveredmethods="0"/>
        <line num="15" count="1" type="stmt"/>
        <line num="16" count="1" type="stmt"/>
        <line num="17" count="1" type="stmt"/>
        <line num="18" count="1" type="stmt"/>
        <line num="21" count="1" type="stmt"/>
        <line num="22" count="1" type="stmt"/>
        <line num="25" count="1" type="stmt"/>
        <line num="28" count="1" type="stmt"/>
        <line num="29" count="1" type="stmt"/>
        <line num="30" count="1" type="stmt"/>
        <line num="31" count="1" type="stmt"/>
        <line num="32" count="1" type="stmt"/>
        <line num="33" count="1" type="stmt"/>
        <line num="34" count="1" type="stmt"/>
        <line num="36" count="1" type="stmt"/>
        <line num="39" count="1" type="stmt"/>
        <line num="40" count="1" type="stmt"/>
        <line num="41" count="1" type="stmt"/>
        <line num="44" count="1" type="stmt"/>
        <line num="51" count="1" type="stmt"/>
        <line num="54" count="0" type="cond" truecount="0" falsecount="2"/>
        <line num="55" count="0" type="stmt"/>
        <line num="56" count="0" type="cond" truecount="0" falsecount="2"/>
        <line num="58" count="0" type="stmt"/>
        <line num="59" count="0" type="stmt"/>
        <line num="60" count="0" type="stmt"/>
        <line num="62" count="0" type="stmt"/>
        <line num="63" count="0" type="stmt"/>
        <line num="64" count="0" type="stmt"/>
        <line num="66" count="0" type="stmt"/>
        <line num="67" count="0" type="stmt"/>
        <line num="69" count="0" type="stmt"/>
        <line num="74" count="0" type="cond" truecount="0" falsecount="4"/>
        <line num="75" count="0" type="stmt"/>
        <line num="78" count="0" type="stmt"/>
        <line num="79" count="0" type="stmt"/>
        <line num="80" count="0" type="stmt"/>
        <line num="82" count="0" type="stmt"/>
        <line num="83" count="0" type="stmt"/>
        <line num="84" count="0" type="stmt"/>
        <line num="86" count="0" type="stmt"/>
        <line num="87" count="0" type="stmt"/>
        <line num="88" count="0" type="stmt"/>
        <line num="89" count="0" type="stmt"/>
        <line num="91" count="0" type="cond" truecount="0" falsecount="2"/>
        <line num="92" count="0" type="stmt"/>
        <line num="93" count="0" type="stmt"/>
        <line num="97" count="0" type="stmt"/>
        <line num="98" count="0" type="stmt"/>
        <line num="99" count="0" type="stmt"/>
        <line num="100" count="0" type="stmt"/>
        <line num="102" count="0" type="stmt"/>
        <line num="103" count="0" type="stmt"/>
        <line num="104" count="0" type="stmt"/>
        <line num="105" count="0" type="cond" truecount="0" falsecount="2"/>
        <line num="106" count="0" type="stmt"/>
        <line num="107" count="0" type="stmt"/>
        <line num="108" count="0" type="stmt"/>
        <line num="117" count="0" type="cond" truecount="0" falsecount="5"/>
        <line num="118" count="0" type="stmt"/>
        <line num="119" count="0" type="stmt"/>
        <line num="120" count="0" type="stmt"/>
        <line num="121" count="0" type="stmt"/>
        <line num="122" count="0" type="stmt"/>
        <line num="123" count="0" type="stmt"/>
        <line num="124" count="0" type="stmt"/>
        <line num="125" count="0" type="stmt"/>
        <line num="126" count="0" type="stmt"/>
        <line num="130" count="0" type="stmt"/>
        <line num="131" count="0" type="stmt"/>
        <line num="135" count="0" type="cond" truecount="0" falsecount="6"/>
        <line num="137" count="0" type="stmt"/>
        <line num="139" count="0" type="stmt"/>
        <line num="140" count="0" type="stmt"/>
        <line num="141" count="0" type="stmt"/>
        <line num="145" count="0" type="cond" truecount="0" falsecount="7"/>
        <line num="149" count="0" type="stmt"/>
        <line num="150" count="0" type="cond" truecount="0" falsecount="4"/>
        <line num="151" count="0" type="stmt"/>
        <line num="154" count="0" type="cond" truecount="0" falsecount="5"/>
        <line num="156" count="0" type="stmt"/>
        <line num="160" count="0" type="cond" truecount="0" falsecount="7"/>
        <line num="162" count="0" type="stmt"/>
        <line num="163" count="0" type="stmt"/>
        <line num="165" count="0" type="stmt"/>
        <line num="166" count="0" type="stmt"/>
        <line num="168" count="0" type="stmt"/>
        <line num="169" count="0" type="cond" truecount="0" falsecount="2"/>
        <line num="170" count="0" type="cond" truecount="0" falsecount="2"/>
        <line num="171" count="0" type="cond" truecount="0" falsecount="2"/>
        <line num="172" count="0" type="cond" truecount="0" falsecount="2"/>
        <line num="175" count="0" type="stmt"/>
        <line num="176" count="0" type="stmt"/>
        <line num="178" count="0" type="stmt"/>
        <line num="180" count="0" type="stmt"/>
        <line num="181" count="0" type="stmt"/>
        <line num="186" count="0" type="stmt"/>
        <line num="187" count="0" type="stmt"/>
        <line num="189" count="0" type="cond" truecount="0" falsecount="2"/>
        <line num="192" count="0" type="stmt"/>
        <line num="193" count="0" type="stmt"/>
        <line num="194" count="0" type="stmt"/>
        <line num="198" count="0" type="stmt"/>
        <line num="199" count="0" type="stmt"/>
        <line num="204" count="0" type="cond" truecount="0" falsecount="2"/>
        <line num="206" count="0" type="stmt"/>
        <line num="207" count="0" type="cond" truecount="0" falsecount="2"/>
        <line num="208" count="0" type="cond" truecount="0" falsecount="2"/>
        <line num="212" count="0" type="cond" truecount="0" falsecount="4"/>
        <line num="213" count="0" type="stmt"/>
        <line num="214" count="0" type="cond" truecount="0" falsecount="2"/>
        <line num="215" count="0" type="stmt"/>
        <line num="218" count="0" type="stmt"/>
        <line num="219" count="0" type="stmt"/>
        <line num="220" count="0" type="stmt"/>
        <line num="221" count="0" type="stmt"/>
        <line num="222" count="0" type="stmt"/>
        <line num="223" count="0" type="stmt"/>
        <line num="224" count="0" type="stmt"/>
        <line num="225" count="0" type="stmt"/>
        <line num="226" count="0" type="stmt"/>
        <line num="227" count="0" type="stmt"/>
        <line num="228" count="0" type="stmt"/>
        <line num="232" count="0" type="cond" truecount="0" falsecount="4"/>
        <line num="233" count="0" type="stmt"/>
        <line num="234" count="0" type="cond" truecount="0" falsecount="2"/>
        <line num="235" count="0" type="stmt"/>
        <line num="237" count="0" type="stmt"/>
        <line num="238" count="0" type="stmt"/>
        <line num="239" count="0" type="stmt"/>
        <line num="240" count="0" type="stmt"/>
        <line num="241" count="0" type="stmt"/>
        <line num="242" count="0" type="stmt"/>
        <line num="243" count="0" type="stmt"/>
        <line num="244" count="0" type="stmt"/>
        <line num="245" count="0" type="stmt"/>
        <line num="246" count="0" type="stmt"/>
        <line num="247" count="0" type="stmt"/>
        <line num="251" count="0" type="stmt"/>
        <line num="252" count="0" type="cond" truecount="0" falsecount="2"/>
        <line num="253" count="0" type="cond" truecount="0" falsecount="4"/>
        <line num="254" count="0" type="stmt"/>
        <line num="258" count="0" type="stmt"/>
        <line num="259" count="0" type="cond" truecount="0" falsecount="2"/>
        <line num="260" count="0" type="cond" truecount="0" falsecount="4"/>
        <line num="261" count="0" type="stmt"/>
        <line num="265" count="0" type="stmt"/>
        <line num="266" count="0" type="cond" truecount="0" falsecount="2"/>
        <line num="267" count="0" type="cond" truecount="0" falsecount="4"/>
        <line num="268" count="0" type="stmt"/>
        <line num="272" count="0" type="stmt"/>
        <line num="273" count="0" type="cond" truecount="0" falsecount="2"/>
        <line num="275" count="0" type="cond" truecount="0" falsecount="2"/>
        <line num="276" count="0" type="stmt"/>
        <line num="279" count="0" type="stmt"/>
        <line num="281" count="0" type="cond" truecount="0" falsecount="4"/>
        <line num="282" count="0" type="cond" truecount="0" falsecount="2"/>
        <line num="285" count="0" type="cond" truecount="0" falsecount="2"/>
        <line num="286" count="0" type="stmt"/>
        <line num="287" count="0" type="stmt"/>
        <line num="290" count="0" type="cond" truecount="0" falsecount="2"/>
        <line num="291" count="0" type="stmt"/>
        <line num="292" count="0" type="cond" truecount="0" falsecount="2"/>
        <line num="293" count="0" type="stmt"/>
        <line num="294" count="0" type="stmt"/>
        <line num="301" count="0" type="cond" truecount="0" falsecount="2"/>
        <line num="302" count="0" type="stmt"/>
        <line num="308" count="0" type="stmt"/>
        <line num="309" count="0" type="cond" truecount="0" falsecount="2"/>
        <line num="310" count="0" type="stmt"/>
        <line num="311" count="0" type="stmt"/>
        <line num="313" count="0" type="cond" truecount="0" falsecount="2"/>
        <line num="314" count="0" type="cond" truecount="0" falsecount="2"/>
        <line num="318" count="0" type="cond" truecount="0" falsecount="5"/>
        <line num="320" count="0" type="stmt"/>
        <line num="321" count="0" type="stmt"/>
        <line num="322" count="0" type="stmt"/>
        <line num="324" count="0" type="stmt"/>
        <line num="325" count="0" type="stmt"/>
        <line num="327" count="0" type="stmt"/>
        <line num="328" count="0" type="stmt"/>
        <line num="329" count="0" type="stmt"/>
        <line num="331" count="0" type="stmt"/>
        <line num="332" count="0" type="stmt"/>
        <line num="333" count="0" type="stmt"/>
        <line num="335" count="0" type="stmt"/>
        <line num="336" count="0" type="stmt"/>
        <line num="338" count="0" type="stmt"/>
        <line num="339" count="0" type="stmt"/>
        <line num="341" count="0" type="stmt"/>
        <line num="342" count="0" type="stmt"/>
        <line num="346" count="0" type="stmt"/>
        <line num="347" count="0" type="cond" truecount="0" falsecount="2"/>
        <line num="348" count="0" type="cond" truecount="0" falsecount="4"/>
        <line num="349" count="0" type="stmt"/>
        <line num="352" count="1" type="stmt"/>
        <line num="361" count="0" type="stmt"/>
        <line num="362" count="0" type="cond" truecount="0" falsecount="4"/>
        <line num="365" count="0" type="stmt"/>
        <line num="366" count="0" type="cond" truecount="0" falsecount="2"/>
        <line num="367" count="0" type="stmt"/>
        <line num="368" count="0" type="cond" truecount="0" falsecount="2"/>
        <line num="370" count="0" type="stmt"/>
        <line num="371" count="0" type="stmt"/>
        <line num="372" count="0" type="stmt"/>
        <line num="373" count="0" type="cond" truecount="0" falsecount="2"/>
        <line num="375" count="0" type="cond" truecount="0" falsecount="4"/>
        <line num="376" count="0" type="stmt"/>
        <line num="378" count="0" type="stmt"/>
        <line num="380" count="0" type="stmt"/>
        <line num="381" count="0" type="cond" truecount="0" falsecount="2"/>
        <line num="382" count="0" type="cond" truecount="0" falsecount="2"/>
        <line num="383" count="0" type="cond" truecount="0" falsecount="2"/>
        <line num="384" count="0" type="cond" truecount="0" falsecount="2"/>
        <line num="386" count="0" type="cond" truecount="0" falsecount="4"/>
        <line num="387" count="0" type="stmt"/>
        <line num="390" count="0" type="stmt"/>
        <line num="397" count="0" type="stmt"/>
        <line num="398" count="0" type="cond" truecount="0" falsecount="2"/>
        <line num="399" count="0" type="stmt"/>
        <line num="402" count="0" type="cond" truecount="0" falsecount="5"/>
        <line num="403" count="0" type="cond" truecount="0" falsecount="2"/>
        <line num="404" count="0" type="cond" truecount="0" falsecount="2"/>
        <line num="405" count="0" type="cond" truecount="0" falsecount="4"/>
        <line num="406" count="0" type="stmt"/>
        <line num="408" count="0" type="stmt"/>
        <line num="409" count="0" type="cond" truecount="0" falsecount="2"/>
        <line num="410" count="0" type="stmt"/>
        <line num="411" count="0" type="stmt"/>
        <line num="417" count="0" type="cond" truecount="0" falsecount="2"/>
        <line num="419" count="0" type="cond" truecount="0" falsecount="4"/>
        <line num="421" count="0" type="stmt"/>
        <line num="423" count="0" type="cond" truecount="0" falsecount="4"/>
        <line num="424" count="0" type="stmt"/>
        <line num="426" count="0" type="stmt"/>
        <line num="427" count="0" type="stmt"/>
        <line num="429" count="0" type="stmt"/>
        <line num="430" count="0" type="stmt"/>
        <line num="431" count="0" type="stmt"/>
        <line num="433" count="0" type="stmt"/>
        <line num="434" count="0" type="stmt"/>
        <line num="435" count="0" type="stmt"/>
        <line num="437" count="0" type="stmt"/>
        <line num="438" count="0" type="stmt"/>
        <line num="440" count="0" type="stmt"/>
        <line num="441" count="0" type="stmt"/>
        <line num="445" count="0" type="stmt"/>
        <line num="446" count="0" type="cond" truecount="0" falsecount="2"/>
        <line num="447" count="0" type="cond" truecount="0" falsecount="4"/>
        <line num="448" count="0" type="stmt"/>
        <line num="452" count="0" type="stmt"/>
        <line num="454" count="0" type="stmt"/>
        <line num="455" count="0" type="cond" truecount="0" falsecount="2"/>
        <line num="456" count="0" type="stmt"/>
        <line num="457" count="0" type="cond" truecount="0" falsecount="2"/>
        <line num="459" count="0" type="cond" truecount="0" falsecount="2"/>
        <line num="461" count="0" type="stmt"/>
        <line num="462" count="0" type="stmt"/>
        <line num="463" count="0" type="cond" truecount="0" falsecount="4"/>
        <line num="465" count="0" type="stmt"/>
        <line num="470" count="0" type="cond" truecount="0" falsecount="2"/>
        <line num="471" count="0" type="cond" truecount="0" falsecount="2"/>
        <line num="472" count="0" type="cond" truecount="0" falsecount="2"/>
        <line num="473" count="0" type="cond" truecount="0" falsecount="2"/>
        <line num="474" count="0" type="cond" truecount="0" falsecount="2"/>
        <line num="475" count="0" type="stmt"/>
        <line num="479" count="1" type="stmt"/>
      </file>
      <file name="collision.ts" path="C:\Users\oob\.gemini\antigravity\scratch\darwins-canvas\web\src\engine\collision.ts">
        <metrics statements="116" coveredstatements="116" conditionals="135" coveredconditionals="120" methods="1" coveredmethods="1"/>
        <line num="13" count="59413" type="stmt"/>
        <line num="14" count="59413" type="stmt"/>
        <line num="19" count="59413" type="stmt"/>
        <line num="20" count="59413" type="stmt"/>
        <line num="21" count="602135" type="stmt"/>
        <line num="22" count="602135" type="cond" truecount="2" falsecount="0"/>
        <line num="24" count="602064" type="stmt"/>
        <line num="25" count="602064" type="stmt"/>
        <line num="27" count="602064" type="stmt"/>
        <line num="29" count="602064" type="stmt"/>
        <line num="30" count="2906833" type="stmt"/>
        <line num="31" count="2906833" type="cond" truecount="2" falsecount="0"/>
        <line num="32" count="1153423" type="cond" truecount="2" falsecount="0"/>
        <line num="35" count="1153248" type="cond" truecount="4" falsecount="0"/>
        <line num="37" count="1153247" type="stmt"/>
        <line num="38" count="1153247" type="stmt"/>
        <line num="39" count="1153247" type="stmt"/>
        <line num="42" count="1153247" type="stmt"/>
        <line num="43" count="1153247" type="stmt"/>
        <line num="45" count="1153247" type="cond" truecount="4" falsecount="0"/>
        <line num="47" count="86245" type="stmt"/>
        <line num="48" count="86245" type="stmt"/>
        <line num="51" count="86245" type="stmt"/>
        <line num="52" count="86245" type="cond" truecount="3" falsecount="1"/>
        <line num="53" count="86245" type="cond" truecount="2" falsecount="0"/>
        <line num="54" count="43217" type="cond" truecount="1" falsecount="1"/>
        <line num="56" count="86245" type="cond" truecount="2" falsecount="0"/>
        <line num="58" count="6044" type="stmt"/>
        <line num="59" count="6044" type="stmt"/>
        <line num="62" count="6044" type="cond" truecount="2" falsecount="0"/>
        <line num="63" count="6044" type="cond" truecount="2" falsecount="0"/>
        <line num="65" count="6044" type="stmt"/>
        <line num="66" count="6044" type="stmt"/>
        <line num="68" count="6044" type="stmt"/>
        <line num="69" count="6044" type="stmt"/>
        <line num="71" count="6044" type="cond" truecount="2" falsecount="0"/>
        <line num="72" count="2699" type="cond" truecount="2" falsecount="0"/>
        <line num="73" count="2213" type="cond" truecount="1" falsecount="1"/>
        <line num="75" count="6044" type="cond" truecount="2" falsecount="0"/>
        <line num="76" count="3345" type="cond" truecount="2" falsecount="0"/>
        <line num="77" count="2628" type="cond" truecount="1" falsecount="1"/>
        <line num="79" count="6044" type="cond" truecount="2" falsecount="0"/>
        <line num="80" count="6043" type="cond" truecount="2" falsecount="0"/>
        <line num="81" count="243" type="stmt"/>
        <line num="83" count="6043" type="stmt"/>
        <line num="85" count="6044" type="cond" truecount="2" falsecount="0"/>
        <line num="86" count="6043" type="cond" truecount="2" falsecount="0"/>
        <line num="87" count="240" type="stmt"/>
        <line num="89" count="6043" type="stmt"/>
        <line num="96" count="6044" type="cond" truecount="2" falsecount="0"/>
        <line num="97" count="74" type="stmt"/>
        <line num="98" count="74" type="cond" truecount="1" falsecount="1"/>
        <line num="99" count="74" type="cond" truecount="2" falsecount="0"/>
        <line num="100" count="59" type="cond" truecount="1" falsecount="1"/>
        <line num="101" count="74" type="stmt"/>
        <line num="109" count="74" type="cond" truecount="3" falsecount="1"/>
        <line num="110" count="74" type="stmt"/>
        <line num="111" count="74" type="stmt"/>
        <line num="112" count="74" type="cond" truecount="1" falsecount="1"/>
        <line num="113" count="74" type="stmt"/>
        <line num="116" count="6044" type="cond" truecount="2" falsecount="0"/>
        <line num="117" count="94" type="stmt"/>
        <line num="118" count="94" type="cond" truecount="1" falsecount="1"/>
        <line num="119" count="94" type="cond" truecount="2" falsecount="0"/>
        <line num="120" count="76" type="cond" truecount="1" falsecount="1"/>
        <line num="121" count="94" type="stmt"/>
        <line num="129" count="94" type="cond" truecount="3" falsecount="1"/>
        <line num="130" count="94" type="stmt"/>
        <line num="131" count="94" type="stmt"/>
        <line num="132" count="94" type="cond" truecount="1" falsecount="1"/>
        <line num="133" count="94" type="stmt"/>
        <line num="136" count="6044" type="cond" truecount="2" falsecount="0"/>
        <line num="143" count="59413" type="stmt"/>
        <line num="144" count="59413" type="stmt"/>
        <line num="145" count="602135" type="cond" truecount="4" falsecount="0"/>
        <line num="147" count="601966" type="stmt"/>
        <line num="148" count="601966" type="stmt"/>
        <line num="149" count="601966" type="stmt"/>
        <line num="151" count="601966" type="stmt"/>
        <line num="152" count="749157" type="cond" truecount="2" falsecount="0"/>
        <line num="154" count="747231" type="stmt"/>
        <line num="155" count="747231" type="stmt"/>
        <line num="156" count="747231" type="cond" truecount="2" falsecount="0"/>
        <line num="157" count="258" type="cond" truecount="5" falsecount="0"/>
        <line num="159" count="746973" type="cond" truecount="6" falsecount="0"/>
        <line num="162" count="747231" type="cond" truecount="2" falsecount="0"/>
        <line num="164" count="167113" type="stmt"/>
        <line num="165" count="167113" type="stmt"/>
        <line num="166" count="167113" type="stmt"/>
        <line num="167" count="167113" type="cond" truecount="2" falsecount="0"/>
        <line num="169" count="749157" type="cond" truecount="2" falsecount="0"/>
        <line num="170" count="2711" type="stmt"/>
        <line num="172" count="2711" type="stmt"/>
        <line num="173" count="2711" type="cond" truecount="2" falsecount="0"/>
        <line num="174" count="168" type="cond" truecount="2" falsecount="0"/>
        <line num="175" count="1" type="stmt"/>
        <line num="176" count="2543" type="cond" truecount="2" falsecount="0"/>
        <line num="177" count="2255" type="stmt"/>
        <line num="178" count="288" type="cond" truecount="2" falsecount="0"/>
        <line num="179" count="147" type="stmt"/>
        <line num="182" count="2711" type="cond" truecount="4" falsecount="0"/>
        <line num="183" count="1169" type="stmt"/>
        <line num="186" count="2711" type="stmt"/>
        <line num="187" count="2711" type="cond" truecount="2" falsecount="0"/>
        <line num="188" count="1375" type="cond" truecount="2" falsecount="0"/>
        <line num="189" count="1039" type="cond" truecount="1" falsecount="1"/>
        <line num="190" count="2711" type="stmt"/>
        <line num="191" count="2711" type="cond" truecount="4" falsecount="0"/>
        <line num="192" count="2711" type="stmt"/>
        <line num="195" count="2711" type="stmt"/>
        <line num="201" count="59413" type="stmt"/>
        <line num="202" count="602135" type="cond" truecount="4" falsecount="0"/>
        <line num="203" count="483" type="stmt"/>
        <line num="204" count="483" type="cond" truecount="2" falsecount="0"/>
        <line num="205" count="2" type="cond" truecount="1" falsecount="1"/>
        <line num="206" count="2" type="cond" truecount="1" falsecount="1"/>
      </file>
      <file name="creatureFactory.ts" path="C:\Users\oob\.gemini\antigravity\scratch\darwins-canvas\web\src\engine\creatureFactory.ts">
        <metrics statements="38" coveredstatements="35" conditionals="35" coveredconditionals="22" methods="2" coveredmethods="2"/>
        <line num="15" count="3817" type="stmt"/>
        <line num="17" count="3817" type="stmt"/>
        <line num="18" count="3817" type="stmt"/>
        <line num="19" count="3817" type="cond" truecount="2" falsecount="0"/>
        <line num="20" count="1086" type="stmt"/>
        <line num="21" count="1086" type="stmt"/>
        <line num="22" count="2731" type="cond" truecount="2" falsecount="0"/>
        <line num="23" count="41" type="stmt"/>
        <line num="24" count="41" type="stmt"/>
        <line num="27" count="3817" type="stmt"/>
        <line num="28" count="3817" type="stmt"/>
        <line num="29" count="3817" type="stmt"/>
        <line num="30" count="3817" type="stmt"/>
        <line num="31" count="3817" type="stmt"/>
        <line num="33" count="3817" type="stmt"/>
        <line num="34" count="22" type="cond" truecount="2" falsecount="0"/>
        <line num="35" count="17" type="cond" truecount="1" falsecount="1"/>
        <line num="36" count="17" type="cond" truecount="2" falsecount="0"/>
        <line num="37" count="15" type="cond" truecount="1" falsecount="1"/>
        <line num="38" count="15" type="cond" truecount="1" falsecount="1"/>
        <line num="39" count="15" type="cond" truecount="1" falsecount="1"/>
        <line num="40" count="15" type="cond" truecount="1" falsecount="1"/>
        <line num="41" count="0" type="cond" truecount="0" falsecount="2"/>
        <line num="42" count="0" type="cond" truecount="0" falsecount="2"/>
        <line num="43" count="0" type="cond" truecount="0" falsecount="2"/>
        <line num="47" count="3817" type="cond" truecount="4" falsecount="0"/>
        <line num="48" count="3817" type="stmt"/>
        <line num="49" count="3817" type="stmt"/>
        <line num="50" count="3817" type="stmt"/>
        <line num="51" count="3817" type="stmt"/>
        <line num="52" count="3817" type="stmt"/>
        <line num="53" count="3817" type="stmt"/>
        <line num="55" count="3817" type="stmt"/>
        <line num="64" count="117" type="stmt"/>
        <line num="65" count="117" type="cond" truecount="1" falsecount="1"/>
        <line num="67" count="117" type="stmt"/>
        <line num="68" count="117" type="stmt"/>
        <line num="70" count="117" type="stmt"/>
      </file>
      <file name="entityManager.ts" path="C:\Users\oob\.gemini\antigravity\scratch\darwins-canvas\web\src\engine\entityManager.ts">
        <metrics statements="34" coveredstatements="27" conditionals="12" coveredconditionals="10" methods="8" coveredmethods="6"/>
        <line num="10" count="107" type="stmt"/>
        <line num="17" count="5367" type="stmt"/>
        <line num="24" count="652" type="stmt"/>
        <line num="31" count="2711" type="stmt"/>
        <line num="38" count="2" type="stmt"/>
        <line num="39" count="1" type="stmt"/>
        <line num="41" count="2" type="stmt"/>
        <line num="42" count="2" type="stmt"/>
        <line num="43" count="2" type="stmt"/>
        <line num="44" count="2" type="stmt"/>
        <line num="45" count="2" type="stmt"/>
        <line num="46" count="2" type="stmt"/>
        <line num="53" count="0" type="stmt"/>
        <line num="54" count="0" type="stmt"/>
        <line num="55" count="0" type="stmt"/>
        <line num="58" count="0" type="stmt"/>
        <line num="69" count="0" type="stmt"/>
        <line num="70" count="0" type="stmt"/>
        <line num="71" count="0" type="stmt"/>
        <line num="80" count="59401" type="cond" truecount="2" falsecount="0"/>
        <line num="81" count="632" type="stmt"/>
        <line num="82" count="4161" type="stmt"/>
        <line num="83" count="4161" type="cond" truecount="2" falsecount="0"/>
        <line num="85" count="650" type="stmt"/>
        <line num="87" count="650" type="stmt"/>
        <line num="88" count="650" type="stmt"/>
        <line num="89" count="650" type="cond" truecount="1" falsecount="1"/>
        <line num="90" count="650" type="cond" truecount="1" falsecount="1"/>
        <line num="93" count="632" type="stmt"/>
        <line num="96" count="59401" type="cond" truecount="2" falsecount="0"/>
        <line num="97" count="2433" type="stmt"/>
        <line num="98" count="143743" type="cond" truecount="2" falsecount="0"/>
        <line num="99" count="2705" type="stmt"/>
        <line num="102" count="2433" type="stmt"/>
      </file>
      <file name="movement.ts" path="C:\Users\oob\.gemini\antigravity\scratch\darwins-canvas\web\src\engine\movement.ts">
        <metrics statements="72" coveredstatements="23" conditionals="54" coveredconditionals="20" methods="4" coveredmethods="2"/>
        <line num="17" count="456710" type="cond" truecount="2" falsecount="0"/>
        <line num="18" count="4623" type="stmt"/>
        <line num="19" count="4623" type="cond" truecount="2" falsecount="0"/>
        <line num="20" count="452087" type="cond" truecount="2" falsecount="0"/>
        <line num="21" count="26391" type="stmt"/>
        <line num="22" count="26391" type="cond" truecount="2" falsecount="0"/>
        <line num="25" count="456710" type="cond" truecount="2" falsecount="0"/>
        <line num="26" count="6870" type="stmt"/>
        <line num="27" count="6870" type="cond" truecount="2" falsecount="0"/>
        <line num="28" count="449840" type="cond" truecount="2" falsecount="0"/>
        <line num="29" count="34857" type="stmt"/>
        <line num="30" count="34857" type="cond" truecount="2" falsecount="0"/>
        <line num="38" count="456710" type="stmt"/>
        <line num="39" count="456710" type="stmt"/>
        <line num="40" count="456710" type="stmt"/>
        <line num="41" count="456710" type="cond" truecount="2" falsecount="0"/>
        <line num="42" count="456710" type="cond" truecount="2" falsecount="0"/>
        <line num="43" count="439" type="stmt"/>
        <line num="44" count="439" type="stmt"/>
        <line num="46" count="456710" type="stmt"/>
        <line num="47" count="456710" type="stmt"/>
        <line num="48" count="456710" type="stmt"/>
        <line num="50" count="456710" type="stmt"/>
        <line num="59" count="0" type="cond" truecount="0" falsecount="3"/>
        <line num="60" count="0" type="cond" truecount="0" falsecount="4"/>
        <line num="63" count="0" type="cond" truecount="0" falsecount="2"/>
        <line num="64" count="0" type="stmt"/>
        <line num="65" count="0" type="stmt"/>
        <line num="66" count="0" type="stmt"/>
        <line num="67" count="0" type="stmt"/>
        <line num="71" count="0" type="stmt"/>
        <line num="74" count="0" type="stmt"/>
        <line num="77" count="0" type="cond" truecount="0" falsecount="2"/>
        <line num="80" count="0" type="stmt"/>
        <line num="81" count="0" type="stmt"/>
        <line num="82" count="0" type="stmt"/>
        <line num="83" count="0" type="cond" truecount="0" falsecount="2"/>
        <line num="84" count="0" type="cond" truecount="0" falsecount="2"/>
        <line num="85" count="0" type="stmt"/>
        <line num="86" count="0" type="stmt"/>
        <line num="88" count="0" type="stmt"/>
        <line num="89" count="0" type="stmt"/>
        <line num="91" count="0" type="stmt"/>
        <line num="94" count="0" type="cond" truecount="0" falsecount="2"/>
        <line num="95" count="0" type="stmt"/>
        <line num="96" count="0" type="stmt"/>
        <line num="106" count="0" type="cond" truecount="0" falsecount="3"/>
        <line num="107" count="0" type="cond" truecount="0" falsecount="2"/>
        <line num="109" count="0" type="cond" truecount="0" falsecount="2"/>
        <line num="111" count="0" type="stmt"/>
        <line num="112" count="0" type="stmt"/>
        <line num="114" count="0" type="cond" truecount="0" falsecount="2"/>
        <line num="116" count="0" type="stmt"/>
        <line num="117" count="0" type="stmt"/>
        <line num="118" count="0" type="stmt"/>
        <line num="119" count="0" type="stmt"/>
        <line num="120" count="0" type="stmt"/>
        <line num="124" count="0" type="stmt"/>
        <line num="125" count="0" type="stmt"/>
        <line num="126" count="0" type="stmt"/>
        <line num="127" count="0" type="cond" truecount="0" falsecount="2"/>
        <line num="128" count="0" type="cond" truecount="0" falsecount="2"/>
        <line num="129" count="0" type="stmt"/>
        <line num="130" count="0" type="stmt"/>
        <line num="132" count="0" type="stmt"/>
        <line num="133" count="0" type="stmt"/>
        <line num="134" count="0" type="stmt"/>
        <line num="135" count="0" type="stmt"/>
        <line num="137" count="0" type="stmt"/>
        <line num="139" count="0" type="cond" truecount="0" falsecount="4"/>
        <line num="141" count="0" type="stmt"/>
        <line num="142" count="0" type="stmt"/>
      </file>
      <file name="proceduralSfx.ts" path="C:\Users\oob\.gemini\antigravity\scratch\darwins-canvas\web\src\engine\proceduralSfx.ts">
        <metrics statements="157" coveredstatements="0" conditionals="20" coveredconditionals="0" methods="9" coveredmethods="0"/>
        <line num="2" count="0" type="stmt"/>
        <line num="3" count="0" type="stmt"/>
        <line num="5" count="0" type="stmt"/>
        <line num="7" count="0" type="stmt"/>
        <line num="8" count="0" type="stmt"/>
        <line num="9" count="0" type="stmt"/>
        <line num="11" count="0" type="stmt"/>
        <line num="12" count="0" type="stmt"/>
        <line num="13" count="0" type="stmt"/>
        <line num="15" count="0" type="stmt"/>
        <line num="16" count="0" type="stmt"/>
        <line num="18" count="0" type="stmt"/>
        <line num="19" count="0" type="stmt"/>
        <line num="23" count="0" type="stmt"/>
        <line num="24" count="0" type="stmt"/>
        <line num="26" count="0" type="stmt"/>
        <line num="28" count="0" type="stmt"/>
        <line num="29" count="0" type="stmt"/>
        <line num="30" count="0" type="stmt"/>
        <line num="32" count="0" type="stmt"/>
        <line num="33" count="0" type="stmt"/>
        <line num="34" count="0" type="stmt"/>
        <line num="36" count="0" type="stmt"/>
        <line num="37" count="0" type="stmt"/>
        <line num="39" count="0" type="stmt"/>
        <line num="40" count="0" type="stmt"/>
        <line num="44" count="0" type="stmt"/>
        <line num="45" count="0" type="stmt"/>
        <line num="46" count="0" type="stmt"/>
        <line num="47" count="0" type="stmt"/>
        <line num="48" count="0" type="stmt"/>
        <line num="51" count="0" type="stmt"/>
        <line num="52" count="0" type="stmt"/>
        <line num="54" count="0" type="stmt"/>
        <line num="55" count="0" type="stmt"/>
        <line num="56" count="0" type="stmt"/>
        <line num="58" count="0" type="stmt"/>
        <line num="60" count="0" type="stmt"/>
        <line num="61" count="0" type="stmt"/>
        <line num="62" count="0" type="stmt"/>
        <line num="63" count="0" type="stmt"/>
        <line num="64" count="0" type="stmt"/>
        <line num="65" count="0" type="stmt"/>
        <line num="67" count="0" type="stmt"/>
        <line num="68" count="0" type="stmt"/>
        <line num="69" count="0" type="stmt"/>
        <line num="71" count="0" type="stmt"/>
        <line num="75" count="0" type="stmt"/>
        <line num="76" count="0" type="stmt"/>
        <line num="78" count="0" type="stmt"/>
        <line num="79" count="0" type="stmt"/>
        <line num="80" count="0" type="stmt"/>
        <line num="81" count="0" type="stmt"/>
        <line num="83" count="0" type="stmt"/>
        <line num="84" count="0" type="stmt"/>
        <line num="86" count="0" type="stmt"/>
        <line num="87" count="0" type="stmt"/>
        <line num="88" count="0" type="stmt"/>
        <line num="90" count="0" type="stmt"/>
        <line num="91" count="0" type="stmt"/>
        <line num="92" count="0" type="stmt"/>
        <line num="93" count="0" type="stmt"/>
        <line num="98" count="0" type="stmt"/>
        <line num="99" count="0" type="stmt"/>
        <line num="100" count="0" type="stmt"/>
        <line num="101" count="0" type="stmt"/>
        <line num="103" count="0" type="stmt"/>
        <line num="104" count="0" type="stmt"/>
        <line num="105" count="0" type="stmt"/>
        <line num="107" count="0" type="stmt"/>
        <line num="108" count="0" type="stmt"/>
        <line num="109" count="0" type="stmt"/>
        <line num="111" count="0" type="stmt"/>
        <line num="112" count="0" type="stmt"/>
        <line num="114" count="0" type="stmt"/>
        <line num="115" count="0" type="stmt"/>
        <line num="126" count="0" type="stmt"/>
        <line num="127" count="0" type="stmt"/>
        <line num="128" count="0" type="stmt"/>
        <line num="130" count="0" type="cond" truecount="0" falsecount="6"/>
        <line num="131" count="0" type="stmt"/>
        <line num="133" count="0" type="cond" truecount="0" falsecount="4"/>
        <line num="135" count="0" type="cond" truecount="0" falsecount="2"/>
        <line num="136" count="0" type="stmt"/>
        <line num="137" count="0" type="stmt"/>
        <line num="138" count="0" type="stmt"/>
        <line num="139" count="0" type="stmt"/>
        <line num="140" count="0" type="stmt"/>
        <line num="143" count="0" type="stmt"/>
        <line num="144" count="0" type="stmt"/>
        <line num="146" count="0" type="stmt"/>
        <line num="147" count="0" type="stmt"/>
        <line num="148" count="0" type="cond" truecount="0" falsecount="2"/>
        <line num="150" count="0" type="stmt"/>
        <line num="151" count="0" type="stmt"/>
        <line num="152" count="0" type="stmt"/>
        <line num="153" count="0" type="stmt"/>
        <line num="154" count="0" type="stmt"/>
        <line num="156" count="0" type="stmt"/>
        <line num="157" count="0" type="stmt"/>
        <line num="158" count="0" type="stmt"/>
        <line num="159" count="0" type="stmt"/>
        <line num="161" count="0" type="cond" truecount="0" falsecount="2"/>
        <line num="162" count="0" type="stmt"/>
        <line num="163" count="0" type="stmt"/>
        <line num="164" count="0" type="stmt"/>
        <line num="165" count="0" type="stmt"/>
        <line num="166" count="0" type="stmt"/>
        <line num="168" count="0" type="stmt"/>
        <line num="169" count="0" type="stmt"/>
        <line num="170" count="0" type="stmt"/>
        <line num="172" count="0" type="stmt"/>
        <line num="173" count="0" type="stmt"/>
        <line num="174" count="0" type="stmt"/>
        <line num="175" count="0" type="stmt"/>
        <line num="176" count="0" type="stmt"/>
        <line num="178" count="0" type="cond" truecount="0" falsecount="2"/>
        <line num="179" count="0" type="stmt"/>
        <line num="180" count="0" type="stmt"/>
        <line num="181" count="0" type="stmt"/>
        <line num="182" count="0" type="stmt"/>
        <line num="183" count="0" type="stmt"/>
        <line num="185" count="0" type="stmt"/>
        <line num="186" count="0" type="stmt"/>
        <line num="187" count="0" type="stmt"/>
        <line num="188" count="0" type="stmt"/>
        <line num="189" count="0" type="stmt"/>
        <line num="190" count="0" type="stmt"/>
        <line num="192" count="0" type="stmt"/>
        <line num="193" count="0" type="stmt"/>
        <line num="195" count="0" type="cond" truecount="0" falsecount="2"/>
        <line num="196" count="0" type="stmt"/>
        <line num="197" count="0" type="stmt"/>
        <line num="198" count="0" type="stmt"/>
        <line num="199" count="0" type="stmt"/>
        <line num="200" count="0" type="stmt"/>
        <line num="201" count="0" type="stmt"/>
        <line num="202" count="0" type="stmt"/>
        <line num="203" count="0" type="stmt"/>
        <line num="204" count="0" type="stmt"/>
        <line num="205" count="0" type="stmt"/>
        <line num="206" count="0" type="stmt"/>
        <line num="211" count="0" type="stmt"/>
        <line num="212" count="0" type="stmt"/>
        <line num="214" count="0" type="stmt"/>
        <line num="215" count="0" type="stmt"/>
        <line num="216" count="0" type="stmt"/>
        <line num="217" count="0" type="stmt"/>
        <line num="219" count="0" type="stmt"/>
        <line num="220" count="0" type="stmt"/>
        <line num="222" count="0" type="stmt"/>
        <line num="223" count="0" type="stmt"/>
        <line num="224" count="0" type="stmt"/>
        <line num="226" count="0" type="stmt"/>
        <line num="227" count="0" type="stmt"/>
        <line num="228" count="0" type="stmt"/>
        <line num="229" count="0" type="stmt"/>
      </file>
      <file name="reproduction.ts" path="C:\Users\oob\.gemini\antigravity\scratch\darwins-canvas\web\src\engine\reproduction.ts">
        <metrics statements="72" coveredstatements="68" conditionals="47" coveredconditionals="39" methods="3" coveredmethods="3"/>
        <line num="18" count="59400" type="cond" truecount="1" falsecount="1"/>
        <line num="20" count="59400" type="stmt"/>
        <line num="22" count="59400" type="stmt"/>
        <line num="23" count="59400" type="stmt"/>
        <line num="24" count="59400" type="stmt"/>
        <line num="25" count="59400" type="stmt"/>
        <line num="26" count="602117" type="cond" truecount="2" falsecount="0"/>
        <line num="27" count="184096" type="cond" truecount="2" falsecount="0"/>
        <line num="28" count="50412" type="cond" truecount="1" falsecount="1"/>
        <line num="31" count="59400" type="stmt"/>
        <line num="32" count="602117" type="cond" truecount="2" falsecount="0"/>
        <line num="34" count="601468" type="cond" truecount="2" falsecount="0"/>
        <line num="35" count="89841" type="stmt"/>
        <line num="36" count="89841" type="stmt"/>
        <line num="39" count="511627" type="stmt"/>
        <line num="40" count="511627" type="stmt"/>
        <line num="41" count="511627" type="stmt"/>
        <line num="43" count="511627" type="stmt"/>
        <line num="44" count="511627" type="stmt"/>
        <line num="45" count="511627" type="stmt"/>
        <line num="47" count="511627" type="cond" truecount="2" falsecount="0"/>
        <line num="48" count="377900" type="stmt"/>
        <line num="49" count="377900" type="stmt"/>
        <line num="50" count="377900" type="stmt"/>
        <line num="51" count="133727" type="cond" truecount="2" falsecount="0"/>
        <line num="52" count="36539" type="stmt"/>
        <line num="53" count="36539" type="stmt"/>
        <line num="54" count="36539" type="stmt"/>
        <line num="57" count="511627" type="cond" truecount="2" falsecount="0"/>
        <line num="60" count="169047" type="cond" truecount="1" falsecount="1"/>
        <line num="63" count="169047" type="cond" truecount="3" falsecount="1"/>
        <line num="64" count="169047" type="cond" truecount="3" falsecount="1"/>
        <line num="65" count="169047" type="cond" truecount="3" falsecount="1"/>
        <line num="68" count="169047" type="cond" truecount="2" falsecount="0"/>
        <line num="71" count="104369" type="cond" truecount="2" falsecount="0"/>
        <line num="73" count="104" type="stmt"/>
        <line num="74" count="104" type="stmt"/>
        <line num="75" count="104" type="cond" truecount="2" falsecount="0"/>
        <line num="76" count="81" type="cond" truecount="2" falsecount="0"/>
        <line num="77" count="14" type="cond" truecount="1" falsecount="1"/>
        <line num="79" count="104" type="stmt"/>
        <line num="82" count="59400" type="stmt"/>
        <line num="89" count="104" type="stmt"/>
        <line num="90" count="104" type="stmt"/>
        <line num="92" count="104" type="stmt"/>
        <line num="93" count="104" type="stmt"/>
        <line num="96" count="104" type="stmt"/>
        <line num="97" count="104" type="stmt"/>
        <line num="102" count="520" type="stmt"/>
        <line num="103" count="104" type="stmt"/>
        <line num="104" count="104" type="stmt"/>
        <line num="105" count="104" type="stmt"/>
        <line num="106" count="104" type="stmt"/>
        <line num="107" count="104" type="stmt"/>
        <line num="108" count="104" type="stmt"/>
        <line num="109" count="104" type="stmt"/>
        <line num="112" count="104" type="stmt"/>
        <line num="113" count="104" type="stmt"/>
        <line num="114" count="104" type="stmt"/>
        <line num="115" count="104" type="stmt"/>
        <line num="116" count="104" type="stmt"/>
        <line num="117" count="104" type="stmt"/>
        <line num="119" count="104" type="stmt"/>
        <line num="121" count="104" type="cond" truecount="1" falsecount="1"/>
        <line num="122" count="0" type="stmt"/>
        <line num="123" count="0" type="stmt"/>
        <line num="124" count="0" type="stmt"/>
        <line num="125" count="0" type="stmt"/>
        <line num="127" count="104" type="stmt"/>
        <line num="131" count="104" type="stmt"/>
        <line num="132" count="104" type="stmt"/>
        <line num="134" count="104" type="stmt"/>
      </file>
      <file name="simulate.ts" path="C:\Users\oob\.gemini\antigravity\scratch\darwins-canvas\web\src\engine\simulate.ts">
        <metrics statements="66" coveredstatements="49" conditionals="51" coveredconditionals="35" methods="1" coveredmethods="1"/>
        <line num="25" count="59400" type="stmt"/>
        <line num="26" count="59400" type="stmt"/>
        <line num="29" count="59400" type="stmt"/>
        <line num="30" count="602117" type="cond" truecount="5" falsecount="1"/>
        <line num="31" count="0" type="stmt"/>
        <line num="32" count="0" type="stmt"/>
        <line num="33" count="0" type="stmt"/>
        <line num="38" count="59400" type="cond" truecount="1" falsecount="1"/>
        <line num="39" count="0" type="stmt"/>
        <line num="41" count="59400" type="stmt"/>
        <line num="43" count="59400" type="stmt"/>
        <line num="45" count="59400" type="stmt"/>
        <line num="46" count="602117" type="cond" truecount="3" falsecount="1"/>
        <line num="50" count="602117" type="stmt"/>
        <line num="53" count="59400" type="stmt"/>
        <line num="54" count="3703683" type="cond" truecount="1" falsecount="1"/>
        <line num="55" count="3703683" type="stmt"/>
        <line num="60" count="59400" type="cond" truecount="1" falsecount="1"/>
        <line num="61" count="0" type="stmt"/>
        <line num="62" count="0" type="stmt"/>
        <line num="63" count="0" type="cond" truecount="0" falsecount="2"/>
        <line num="64" count="0" type="stmt"/>
        <line num="70" count="59400" type="cond" truecount="1" falsecount="1"/>
        <line num="71" count="0" type="stmt"/>
        <line num="72" count="0" type="stmt"/>
        <line num="76" count="59400" type="stmt"/>
        <line num="79" count="59400" type="stmt"/>
        <line num="82" count="59400" type="stmt"/>
        <line num="83" count="602117" type="cond" truecount="2" falsecount="0"/>
        <line num="84" count="456710" type="cond" truecount="1" falsecount="1"/>
        <line num="85" count="456710" type="stmt"/>
        <line num="86" count="456710" type="cond" truecount="2" falsecount="0"/>
        <line num="87" count="36732" type="stmt"/>
        <line num="88" count="36732" type="stmt"/>
        <line num="89" count="419978" type="cond" truecount="2" falsecount="0"/>
        <line num="90" count="51900" type="stmt"/>
        <line num="92" count="456710" type="stmt"/>
        <line num="94" count="456710" type="cond" truecount="1" falsecount="2"/>
        <line num="95" count="456710" type="stmt"/>
        <line num="96" count="0" type="stmt"/>
        <line num="97" count="0" type="stmt"/>
        <line num="102" count="59400" type="stmt"/>
        <line num="103" count="59400" type="stmt"/>
        <line num="106" count="59400" type="stmt"/>
        <line num="109" count="59400" type="stmt"/>
        <line num="110" count="59400" type="cond" truecount="2" falsecount="0"/>
        <line num="111" count="59400" type="cond" truecount="2" falsecount="0"/>
        <line num="112" count="59400" type="stmt"/>
        <line num="114" count="59400" type="stmt"/>
        <line num="118" count="59400" type="stmt"/>
        <line num="119" count="602117" type="stmt"/>
        <line num="120" count="602117" type="cond" truecount="3" falsecount="1"/>
        <line num="121" count="0" type="stmt"/>
        <line num="122" count="0" type="stmt"/>
        <line num="133" count="59400" type="cond" truecount="2" falsecount="0"/>
        <line num="134" count="102" type="stmt"/>
        <line num="135" count="104" type="stmt"/>
        <line num="136" count="104" type="cond" truecount="2" falsecount="0"/>
        <line num="137" count="81" type="cond" truecount="2" falsecount="0"/>
        <line num="138" count="67" type="cond" truecount="1" falsecount="1"/>
        <line num="142" count="59400" type="stmt"/>
        <line num="145" count="59400" type="stmt"/>
        <line num="148" count="59400" type="cond" truecount="1" falsecount="1"/>
        <line num="149" count="0" type="stmt"/>
        <line num="150" count="0" type="cond" truecount="0" falsecount="2"/>
        <line num="151" count="0" type="stmt"/>
      </file>
      <file name="spatialAudioUtils.ts" path="C:\Users\oob\.gemini\antigravity\scratch\darwins-canvas\web\src\engine\spatialAudioUtils.ts">
        <metrics statements="11" coveredstatements="0" conditionals="6" coveredconditionals="0" methods="1" coveredmethods="0"/>
        <line num="4" count="0" type="stmt"/>
        <line num="5" count="0" type="stmt"/>
        <line num="6" count="0" type="stmt"/>
        <line num="7" count="0" type="stmt"/>
        <line num="9" count="0" type="cond" truecount="0" falsecount="2"/>
        <line num="10" count="0" type="stmt"/>
        <line num="13" count="0" type="stmt"/>
        <line num="14" count="0" type="cond" truecount="0" falsecount="4"/>
        <line num="15" count="0" type="stmt"/>
        <line num="16" count="0" type="stmt"/>
        <line num="19" count="0" type="stmt"/>
      </file>
      <file name="spawner.ts" path="C:\Users\oob\.gemini\antigravity\scratch\darwins-canvas\web\src\engine\spawner.ts">
        <metrics statements="28" coveredstatements="28" conditionals="14" coveredconditionals="14" methods="2" coveredmethods="2"/>
        <line num="11" count="3" type="stmt"/>
        <line num="12" count="3" type="stmt"/>
        <line num="16" count="59400" type="stmt"/>
        <line num="17" count="3703850" type="stmt"/>
        <line num="18" count="3703850" type="stmt"/>
        <line num="22" count="59400" type="stmt"/>
        <line num="23" count="59400" type="cond" truecount="2" falsecount="0"/>
        <line num="24" count="9727" type="cond" truecount="2" falsecount="0"/>
        <line num="25" count="4945" type="stmt"/>
        <line num="26" count="4945" type="stmt"/>
        <line num="30" count="4782" type="stmt"/>
        <line num="31" count="4782" type="cond" truecount="2" falsecount="0"/>
        <line num="32" count="4733" type="stmt"/>
        <line num="34" count="4782" type="stmt"/>
        <line num="38" count="4782" type="stmt"/>
        <line num="39" count="4782" type="stmt"/>
        <line num="42" count="4782" type="stmt"/>
        <line num="43" count="9805" type="stmt"/>
        <line num="44" count="9805" type="stmt"/>
        <line num="46" count="9805" type="stmt"/>
        <line num="48" count="9805" type="stmt"/>
        <line num="49" count="9805" type="cond" truecount="2" falsecount="0"/>
        <line num="51" count="9805" type="cond" truecount="2" falsecount="0"/>
        <line num="52" count="5869" type="stmt"/>
        <line num="53" count="5869" type="cond" truecount="2" falsecount="0"/>
        <line num="56" count="9805" type="cond" truecount="2" falsecount="0"/>
        <line num="57" count="4733" type="stmt"/>
        <line num="69" count="49" type="stmt"/>
      </file>
      <file name="worldRef.ts" path="C:\Users\oob\.gemini\antigravity\scratch\darwins-canvas\web\src\engine\worldRef.ts">
        <metrics statements="26" coveredstatements="8" conditionals="35" coveredconditionals="4" methods="5" coveredmethods="3"/>
        <line num="15" count="5" type="stmt"/>
        <line num="20" count="5" type="stmt"/>
        <line num="65" count="1" type="cond" truecount="1" falsecount="1"/>
        <line num="66" count="1" type="stmt"/>
        <line num="67" count="1" type="stmt"/>
        <line num="68" count="1" type="stmt"/>
        <line num="74" count="1" type="stmt"/>
        <line num="75" count="1" type="stmt"/>
        <line num="83" count="0" type="stmt"/>
        <line num="84" count="0" type="stmt"/>
        <line num="87" count="0" type="cond" truecount="0" falsecount="2"/>
        <line num="88" count="0" type="stmt"/>
        <line num="89" count="0" type="cond" truecount="0" falsecount="7"/>
        <line num="90" count="0" type="stmt"/>
        <line num="95" count="0" type="stmt"/>
        <line num="96" count="0" type="cond" truecount="0" falsecount="2"/>
        <line num="99" count="0" type="cond" truecount="0" falsecount="2"/>
        <line num="100" count="0" type="cond" truecount="0" falsecount="2"/>
        <line num="102" count="0" type="cond" truecount="0" falsecount="2"/>
        <line num="103" count="0" type="cond" truecount="0" falsecount="2"/>
        <line num="107" count="0" type="stmt"/>
        <line num="108" count="0" type="stmt"/>
        <line num="109" count="0" type="cond" truecount="0" falsecount="2"/>
        <line num="110" count="0" type="cond" truecount="0" falsecount="2"/>
        <line num="112" count="0" type="cond" truecount="0" falsecount="2"/>
        <line num="113" count="0" type="cond" truecount="0" falsecount="2"/>
      </file>
    </package>
    <package name="engine.ai">
      <metrics statements="203" coveredstatements="191" conditionals="157" coveredconditionals="146" methods="4" coveredmethods="4"/>
      <file name="Boids.ts" path="C:\Users\oob\.gemini\antigravity\scratch\darwins-canvas\web\src\engine\ai\Boids.ts">
        <metrics statements="54" coveredstatements="54" conditionals="28" coveredconditionals="27" methods="1" coveredmethods="1"/>
        <line num="15" count="4" type="stmt"/>
        <line num="16" count="4" type="stmt"/>
        <line num="24" count="602142" type="stmt"/>
        <line num="25" count="602142" type="stmt"/>
        <line num="26" count="602142" type="stmt"/>
        <line num="27" count="602142" type="stmt"/>
        <line num="29" count="602142" type="stmt"/>
        <line num="32" count="602142" type="stmt"/>
        <line num="35" count="602142" type="stmt"/>
        <line num="37" count="602142" type="stmt"/>
        <line num="38" count="4818429" type="stmt"/>
        <line num="39" count="4818429" type="cond" truecount="2" falsecount="0"/>
        <line num="40" count="4217644" type="cond" truecount="1" falsecount="1"/>
        <line num="42" count="4217644" type="stmt"/>
        <line num="43" count="4217644" type="stmt"/>
        <line num="46" count="4217644" type="cond" truecount="4" falsecount="0"/>
        <line num="48" count="4217644" type="stmt"/>
        <line num="50" count="4217644" type="cond" truecount="4" falsecount="0"/>
        <line num="51" count="3155659" type="stmt"/>
        <line num="54" count="3155659" type="stmt"/>
        <line num="56" count="3155659" type="stmt"/>
        <line num="59" count="3155659" type="cond" truecount="4" falsecount="0"/>
        <line num="61" count="767887" type="stmt"/>
        <line num="63" count="767887" type="stmt"/>
        <line num="64" count="767887" type="stmt"/>
        <line num="68" count="3155659" type="cond" truecount="2" falsecount="0"/>
        <line num="69" count="2717120" type="stmt"/>
        <line num="70" count="2717120" type="stmt"/>
        <line num="71" count="2717120" type="stmt"/>
        <line num="72" count="2717120" type="stmt"/>
        <line num="73" count="2717120" type="stmt"/>
        <line num="79" count="602142" type="cond" truecount="2" falsecount="0"/>
        <line num="80" count="512034" type="stmt"/>
        <line num="81" count="512034" type="stmt"/>
        <line num="82" count="512034" type="stmt"/>
        <line num="83" count="512034" type="stmt"/>
        <line num="86" count="512034" type="stmt"/>
        <line num="87" count="512034" type="stmt"/>
        <line num="88" count="512034" type="cond" truecount="2" falsecount="0"/>
        <line num="89" count="512034" type="stmt"/>
        <line num="90" count="512034" type="stmt"/>
        <line num="93" count="512034" type="cond" truecount="2" falsecount="0"/>
        <line num="94" count="512034" type="stmt"/>
        <line num="95" count="512034" type="stmt"/>
        <line num="99" count="602142" type="cond" truecount="4" falsecount="0"/>
        <line num="100" count="305118" type="stmt"/>
        <line num="103" count="602142" type="stmt"/>
        <line num="104" count="602142" type="stmt"/>
        <line num="105" count="602142" type="stmt"/>
        <line num="106" count="602142" type="stmt"/>
        <line num="107" count="602142" type="stmt"/>
        <line num="108" count="602142" type="stmt"/>
        <line num="109" count="602142" type="stmt"/>
        <line num="111" count="602142" type="stmt"/>
      </file>
      <file name="Thoughts.ts" path="C:\Users\oob\.gemini\antigravity\scratch\darwins-canvas\web\src\engine\ai\Thoughts.ts">
        <metrics statements="149" coveredstatements="137" conditionals="129" coveredconditionals="119" methods="3" coveredmethods="3"/>
        <line num="11" count="5" type="stmt"/>
        <line num="12" count="5" type="stmt"/>
        <line num="13" count="5" type="stmt"/>
        <line num="21" count="19081474" type="cond" truecount="2" falsecount="2"/>
        <line num="25" count="9540737" type="stmt"/>
        <line num="26" count="9540737" type="stmt"/>
        <line num="28" count="9540737" type="cond" truecount="2" falsecount="0"/>
        <line num="30" count="7618930" type="cond" truecount="4" falsecount="0"/>
        <line num="31" count="360102" type="stmt"/>
        <line num="35" count="7258828" type="cond" truecount="1" falsecount="1"/>
        <line num="36" count="7258828" type="cond" truecount="2" falsecount="0"/>
        <line num="38" count="1921807" type="cond" truecount="2" falsecount="0"/>
        <line num="40" count="514634" type="cond" truecount="2" falsecount="0"/>
        <line num="41" count="7884" type="cond" truecount="2" falsecount="0"/>
        <line num="42" count="3750" type="cond" truecount="3" falsecount="1"/>
        <line num="45" count="1913923" type="stmt"/>
        <line num="49" count="602142" type="stmt"/>
        <line num="50" count="602142" type="stmt"/>
        <line num="51" count="602142" type="stmt"/>
        <line num="52" count="602142" type="stmt"/>
        <line num="53" count="602142" type="stmt"/>
        <line num="56" count="602142" type="cond" truecount="1" falsecount="1"/>
        <line num="57" count="0" type="stmt"/>
        <line num="58" count="0" type="stmt"/>
        <line num="59" count="0" type="stmt"/>
        <line num="60" count="0" type="cond" truecount="0" falsecount="2"/>
        <line num="61" count="0" type="stmt"/>
        <line num="62" count="0" type="stmt"/>
        <line num="63" count="0" type="stmt"/>
        <line num="64" count="0" type="stmt"/>
        <line num="65" count="0" type="stmt"/>
        <line num="69" count="602142" type="cond" truecount="1" falsecount="1"/>
        <line num="70" count="602142" type="stmt"/>
        <line num="71" count="602142" type="stmt"/>
        <line num="72" count="602142" type="stmt"/>
        <line num="73" count="602142" type="stmt"/>
        <line num="75" count="602142" type="stmt"/>
        <line num="79" count="602142" type="stmt"/>
        <line num="80" count="4471959" type="stmt"/>
        <line num="81" count="4471959" type="cond" truecount="4" falsecount="0"/>
        <line num="83" count="3871174" type="cond" truecount="2" falsecount="0"/>
        <line num="84" count="198206" type="stmt"/>
        <line num="85" count="198206" type="stmt"/>
        <line num="86" count="198206" type="stmt"/>
        <line num="87" count="198206" type="cond" truecount="2" falsecount="0"/>
        <line num="88" count="18620" type="cond" truecount="2" falsecount="0"/>
        <line num="89" count="13513" type="stmt"/>
        <line num="90" count="13513" type="stmt"/>
        <line num="91" count="13513" type="stmt"/>
        <line num="92" count="13513" type="stmt"/>
        <line num="93" count="13513" type="stmt"/>
        <line num="94" count="5107" type="cond" truecount="2" falsecount="0"/>
        <line num="95" count="1943" type="stmt"/>
        <line num="96" count="1943" type="stmt"/>
        <line num="97" count="1943" type="stmt"/>
        <line num="98" count="1943" type="stmt"/>
        <line num="104" count="602142" type="stmt"/>
        <line num="107" count="602142" type="cond" truecount="6" falsecount="0"/>
        <line num="108" count="382754" type="cond" truecount="3" falsecount="1"/>
        <line num="112" count="382754" type="stmt"/>
        <line num="113" count="382754" type="stmt"/>
        <line num="114" count="2972149" type="stmt"/>
        <line num="115" count="2972149" type="cond" truecount="4" falsecount="0"/>
        <line num="117" count="2589395" type="cond" truecount="2" falsecount="0"/>
        <line num="118" count="73998" type="stmt"/>
        <line num="119" count="73998" type="stmt"/>
        <line num="120" count="73998" type="stmt"/>
        <line num="121" count="73998" type="cond" truecount="2" falsecount="0"/>
        <line num="122" count="51686" type="stmt"/>
        <line num="123" count="51686" type="cond" truecount="2" falsecount="0"/>
        <line num="124" count="50649" type="stmt"/>
        <line num="125" count="50649" type="stmt"/>
        <line num="128" count="51686" type="cond" truecount="2" falsecount="0"/>
        <line num="129" count="14952" type="stmt"/>
        <line num="130" count="14952" type="stmt"/>
        <line num="131" count="14952" type="stmt"/>
        <line num="132" count="14952" type="stmt"/>
        <line num="133" count="14952" type="stmt"/>
        <line num="134" count="14952" type="stmt"/>
        <line num="135" count="36734" type="cond" truecount="2" falsecount="0"/>
        <line num="136" count="13174" type="stmt"/>
        <line num="137" count="13174" type="stmt"/>
        <line num="138" count="13174" type="stmt"/>
        <line num="139" count="13174" type="stmt"/>
        <line num="140" count="13174" type="stmt"/>
        <line num="149" count="602142" type="cond" truecount="2" falsecount="0"/>
        <line num="150" count="602142" type="cond" truecount="2" falsecount="0"/>
        <line num="151" count="602142" type="cond" truecount="4" falsecount="0"/>
        <line num="153" count="602142" type="cond" truecount="8" falsecount="0"/>
        <line num="154" count="490737" type="stmt"/>
        <line num="158" count="602142" type="cond" truecount="7" falsecount="0"/>
        <line num="160" count="348417" type="stmt"/>
        <line num="161" count="4799504" type="stmt"/>
        <line num="162" count="4799504" type="cond" truecount="4" falsecount="0"/>
        <line num="163" count="384" type="stmt"/>
        <line num="164" count="384" type="stmt"/>
        <line num="165" count="384" type="stmt"/>
        <line num="166" count="384" type="cond" truecount="4" falsecount="0"/>
        <line num="167" count="230" type="stmt"/>
        <line num="168" count="230" type="stmt"/>
        <line num="169" count="230" type="stmt"/>
        <line num="170" count="230" type="stmt"/>
        <line num="171" count="230" type="stmt"/>
        <line num="177" count="602142" type="cond" truecount="8" falsecount="0"/>
        <line num="178" count="183627" type="stmt"/>
        <line num="179" count="1135039" type="stmt"/>
        <line num="180" count="1135039" type="cond" truecount="4" falsecount="0"/>
        <line num="181" count="1134877" type="stmt"/>
        <line num="182" count="1134877" type="stmt"/>
        <line num="183" count="1134877" type="stmt"/>
        <line num="184" count="1134877" type="cond" truecount="4" falsecount="0"/>
        <line num="185" count="305500" type="stmt"/>
        <line num="186" count="305500" type="stmt"/>
        <line num="187" count="305500" type="stmt"/>
        <line num="188" count="305500" type="stmt"/>
        <line num="189" count="305500" type="stmt"/>
        <line num="195" count="602142" type="cond" truecount="2" falsecount="0"/>
        <line num="196" count="13513" type="stmt"/>
        <line num="197" count="13513" type="stmt"/>
        <line num="198" count="13513" type="stmt"/>
        <line num="199" count="588629" type="cond" truecount="2" falsecount="0"/>
        <line num="200" count="14858" type="stmt"/>
        <line num="201" count="14858" type="stmt"/>
        <line num="202" count="14858" type="stmt"/>
        <line num="203" count="573771" type="cond" truecount="2" falsecount="0"/>
        <line num="204" count="229" type="stmt"/>
        <line num="205" count="229" type="stmt"/>
        <line num="206" count="229" type="stmt"/>
        <line num="207" count="573542" type="cond" truecount="2" falsecount="0"/>
        <line num="208" count="150924" type="stmt"/>
        <line num="209" count="150924" type="stmt"/>
        <line num="210" count="150924" type="stmt"/>
        <line num="211" count="422618" type="cond" truecount="1" falsecount="1"/>
        <line num="212" count="0" type="stmt"/>
        <line num="213" count="0" type="stmt"/>
        <line num="214" count="0" type="stmt"/>
        <line num="217" count="422618" type="cond" truecount="2" falsecount="0"/>
        <line num="218" count="422618" type="cond" truecount="4" falsecount="0"/>
        <line num="219" count="15073" type="stmt"/>
        <line num="220" count="15073" type="stmt"/>
        <line num="221" count="15073" type="stmt"/>
        <line num="223" count="407545" type="stmt"/>
        <line num="224" count="407545" type="stmt"/>
        <line num="225" count="407545" type="stmt"/>
        <line num="229" count="602142" type="stmt"/>
        <line num="230" count="602142" type="stmt"/>
        <line num="231" count="602142" type="stmt"/>
        <line num="232" count="602142" type="stmt"/>
        <line num="233" count="602142" type="stmt"/>
      </file>
    </package>
    <package name="engine.systems">
      <metrics statements="254" coveredstatements="249" conditionals="205" coveredconditionals="195" methods="9" coveredmethods="9"/>
      <file name="AnalyticsSystem.ts" path="C:\Users\oob\.gemini\antigravity\scratch\darwins-canvas\web\src\engine\systems\AnalyticsSystem.ts">
        <metrics statements="28" coveredstatements="26" conditionals="14" coveredconditionals="11" methods="1" coveredmethods="1"/>
        <line num="8" count="6" type="stmt"/>
        <line num="9" count="6" type="cond" truecount="2" falsecount="0"/>
        <line num="10" count="5" type="stmt"/>
        <line num="12" count="5" type="stmt"/>
        <line num="13" count="5" type="stmt"/>
        <line num="14" count="5" type="stmt"/>
        <line num="15" count="5" type="stmt"/>
        <line num="17" count="5" type="stmt"/>
        <line num="18" count="7" type="stmt"/>
        <line num="19" count="7" type="cond" truecount="2" falsecount="0"/>
        <line num="20" count="6" type="cond" truecount="2" falsecount="0"/>
        <line num="21" count="5" type="cond" truecount="1" falsecount="1"/>
        <line num="23" count="7" type="cond" truecount="2" falsecount="0"/>
        <line num="24" count="1" type="stmt"/>
        <line num="28" count="5" type="stmt"/>
        <line num="29" count="5" type="stmt"/>
        <line num="30" count="5" type="stmt"/>
        <line num="31" count="0" type="cond" truecount="0" falsecount="2"/>
        <line num="32" count="0" type="stmt"/>
        <line num="35" count="5" type="stmt"/>
        <line num="57" count="5" type="stmt"/>
        <line num="58" count="5" type="stmt"/>
        <line num="59" count="5" type="stmt"/>
        <line num="60" count="5" type="stmt"/>
        <line num="61" count="5" type="stmt"/>
        <line num="62" count="5" type="stmt"/>
        <line num="65" count="5" type="cond" truecount="2" falsecount="0"/>
        <line num="66" count="1" type="stmt"/>
      </file>
      <file name="EnvironmentSystem.ts" path="C:\Users\oob\.gemini\antigravity\scratch\darwins-canvas\web\src\engine\systems\EnvironmentSystem.ts">
        <metrics statements="17" coveredstatements="17" conditionals="16" coveredconditionals="16" methods="1" coveredmethods="1"/>
        <line num="14" count="59411" type="stmt"/>
        <line num="16" count="59411" type="stmt"/>
        <line num="17" count="59411" type="cond" truecount="2" falsecount="0"/>
        <line num="18" count="41013" type="stmt"/>
        <line num="19" count="18398" type="cond" truecount="2" falsecount="0"/>
        <line num="20" count="11197" type="stmt"/>
        <line num="22" count="7201" type="stmt"/>
        <line num="25" count="59411" type="stmt"/>
        <line num="26" count="59411" type="cond" truecount="4" falsecount="0"/>
        <line num="27" count="12274" type="stmt"/>
        <line num="28" count="47137" type="cond" truecount="4" falsecount="0"/>
        <line num="29" count="5536" type="stmt"/>
        <line num="30" count="5536" type="stmt"/>
        <line num="31" count="41601" type="cond" truecount="4" falsecount="0"/>
        <line num="32" count="4091" type="stmt"/>
        <line num="33" count="4091" type="stmt"/>
        <line num="36" count="59411" type="stmt"/>
      </file>
      <file name="ImmigrationSystem.ts" path="C:\Users\oob\.gemini\antigravity\scratch\darwins-canvas\web\src\engine\systems\ImmigrationSystem.ts">
        <metrics statements="26" coveredstatements="26" conditionals="31" coveredconditionals="30" methods="3" coveredmethods="3"/>
        <line num="16" count="59408" type="cond" truecount="2" falsecount="0"/>
        <line num="17" count="2047" type="stmt"/>
        <line num="19" count="59408" type="cond" truecount="2" falsecount="0"/>
        <line num="20" count="2025" type="stmt"/>
        <line num="23" count="59408" type="stmt"/>
        <line num="25" count="59408" type="cond" truecount="2" falsecount="0"/>
        <line num="26" count="268" type="stmt"/>
        <line num="28" count="268" type="cond" truecount="2" falsecount="0"/>
        <line num="30" count="267" type="stmt"/>
        <line num="31" count="267" type="stmt"/>
        <line num="32" count="634" type="cond" truecount="2" falsecount="0"/>
        <line num="33" count="402" type="cond" truecount="2" falsecount="0"/>
        <line num="34" count="302" type="cond" truecount="2" falsecount="0"/>
        <line num="35" count="33" type="cond" truecount="1" falsecount="1"/>
        <line num="40" count="267" type="stmt"/>
        <line num="41" count="717" type="stmt"/>
        <line num="45" count="267" type="cond" truecount="1" falsecount="0"/>
        <line num="46" count="480" type="cond" truecount="2" falsecount="0"/>
        <line num="50" count="267" type="cond" truecount="4" falsecount="0"/>
        <line num="51" count="238" type="stmt"/>
        <line num="52" count="238" type="stmt"/>
        <line num="53" count="238" type="stmt"/>
        <line num="57" count="267" type="cond" truecount="4" falsecount="0"/>
        <line num="60" count="267" type="cond" truecount="4" falsecount="0"/>
        <line num="61" count="241" type="stmt"/>
        <line num="62" count="241" type="stmt"/>
      </file>
      <file name="InteractionSystem.ts" path="C:\Users\oob\.gemini\antigravity\scratch\darwins-canvas\web\src\engine\systems\InteractionSystem.ts">
        <metrics statements="20" coveredstatements="20" conditionals="10" coveredconditionals="9" methods="1" coveredmethods="1"/>
        <line num="13" count="6" type="stmt"/>
        <line num="14" count="6" type="stmt"/>
        <line num="16" count="6" type="stmt"/>
        <line num="17" count="6" type="stmt"/>
        <line num="18" count="6" type="cond" truecount="1" falsecount="1"/>
        <line num="21" count="6" type="stmt"/>
        <line num="22" count="6" type="stmt"/>
        <line num="23" count="6" type="stmt"/>
        <line num="24" count="6" type="stmt"/>
        <line num="27" count="6" type="stmt"/>
        <line num="28" count="6" type="stmt"/>
        <line num="33" count="6" type="stmt"/>
        <line num="34" count="6" type="stmt"/>
        <line num="35" count="6" type="stmt"/>
        <line num="36" count="6" type="stmt"/>
        <line num="37" count="6" type="stmt"/>
        <line num="39" count="6" type="cond" truecount="6" falsecount="0"/>
        <line num="40" count="5" type="cond" truecount="2" falsecount="0"/>
        <line num="41" count="4" type="stmt"/>
[...]
        <line num="50" count="3592" type="stmt"/>
        <line num="52" count="3592" type="stmt"/>
        <line num="113" count="1057" type="stmt"/>
      </file>
    </package>
    <package name="ui">
      <metrics statements="64" coveredstatements="42" conditionals="27" coveredconditionals="14" methods="20" coveredmethods="7"/>
      <file name="PauseMenuModal.css" path="C:\Users\oob\.gemini\antigravity\scratch\darwins-canvas\web\src\ui\PauseMenuModal.css">
        <metrics statements="0" coveredstatements="0" conditionals="0" coveredconditionals="0" methods="0" coveredmethods="0"/>
      </file>
      <file name="TitleScreen.css" path="C:\Users\oob\.gemini\antigravity\scratch\darwins-canvas\web\src\ui\TitleScreen.css">
        <metrics statements="0" coveredstatements="0" conditionals="0" coveredconditionals="0" methods="0" coveredmethods="0"/>
      </file>
      <file name="TitleScreen.tsx" path="C:\Users\oob\.gemini\antigravity\scratch\darwins-canvas\web\src\ui\TitleScreen.tsx">
        <metrics statements="64" coveredstatements="42" conditionals="27" coveredconditionals="14" methods="20" coveredmethods="7"/>
        <line num="21" count="5" type="stmt"/>
        <line num="22" count="5" type="stmt"/>
        <line num="23" count="5" type="stmt"/>
        <line num="25" count="5" type="stmt"/>
        <line num="27" count="5" type="stmt"/>
        <line num="29" count="2" type="stmt"/>
        <line num="32" count="2" type="stmt"/>
        <line num="33" count="1" type="stmt"/>
        <line num="34" count="1" type="stmt"/>
        <line num="35" count="1" type="stmt"/>
        <line num="36" count="1" type="stmt"/>
        <line num="38" count="2" type="stmt"/>
        <line num="39" count="2" type="stmt"/>
        <line num="40" count="2" type="stmt"/>
        <line num="42" count="2" type="stmt"/>
        <line num="43" count="2" type="stmt"/>
        <line num="44" count="2" type="stmt"/>
        <line num="45" count="2" type="stmt"/>
        <line num="49" count="5" type="stmt"/>
        <line num="50" count="1" type="cond" truecount="1" falsecount="1"/>
        <line num="51" count="1" type="stmt"/>
        <line num="52" count="1" type="stmt"/>
        <line num="54" count="0" type="stmt"/>
        <line num="55" count="0" type="stmt"/>
        <line num="56" count="0" type="stmt"/>
        <line num="57" count="0" type="stmt"/>
        <line num="62" count="5" type="stmt"/>
        <line num="63" count="1" type="cond" truecount="1" falsecount="1"/>
        <line num="65" count="1" type="stmt"/>
        <line num="66" count="1" type="stmt"/>
        <line num="67" count="1" type="stmt"/>
        <line num="69" count="1" type="stmt"/>
        <line num="70" count="1" type="stmt"/>
        <line num="71" count="1" type="stmt"/>
        <line num="72" count="1" type="stmt"/>
        <line num="73" count="0" type="stmt"/>
        <line num="77" count="5" type="stmt"/>
        <line num="78" count="0" type="stmt"/>
        <line num="79" count="0" type="cond" truecount="0" falsecount="2"/>
        <line num="80" count="0" type="stmt"/>
        <line num="84" count="5" type="stmt"/>
        <line num="86" count="1" type="stmt"/>
        <line num="87" count="1" type="stmt"/>
        <line num="88" count="1" type="cond" truecount="1" falsecount="1"/>
        <line num="89" count="1" type="stmt"/>
        <line num="90" count="1" type="stmt"/>
        <line num="93" count="1" type="stmt"/>
        <line num="96" count="5" type="stmt"/>
        <line num="97" count="0" type="cond" truecount="0" falsecount="2"/>
        <line num="98" count="0" type="stmt"/>
        <line num="102" count="5" type="stmt"/>
        <line num="104" count="0" type="stmt"/>
        <line num="105" count="0" type="stmt"/>
        <line num="106" count="0" type="stmt"/>
        <line num="108" count="0" type="stmt"/>
        <line num="109" count="0" type="stmt"/>
        <line num="115" count="5" type="stmt"/>
        <line num="137" count="0" type="stmt"/>
        <line num="140" count="0" type="stmt"/>
        <line num="149" count="0" type="stmt"/>
        <line num="152" count="0" type="stmt"/>
        <line num="164" count="0" type="stmt"/>
        <line num="169" count="0" type="stmt"/>
        <line num="173" count="0" type="stmt"/>
      </file>
    </package>
    <package name="ui.components">
      <metrics statements="56" coveredstatements="5" conditionals="34" coveredconditionals="6" methods="35" coveredmethods="3"/>
      <file name="DoodleLayer.tsx" path="C:\Users\oob\.gemini\antigravity\scratch\darwins-canvas\web\src\ui\components\DoodleLayer.tsx">
        <metrics statements="10" coveredstatements="3" conditionals="12" coveredconditionals="6" methods="9" coveredmethods="1"/>
        <line num="4" count="5" type="stmt"/>
        <line num="6" count="5" type="stmt"/>
        <line num="7" count="0" type="stmt"/>
        <line num="10" count="5" type="stmt"/>
        <line num="13" count="0" type="cond" truecount="1" falsecount="1"/>
        <line num="22" count="0" type="cond" truecount="1" falsecount="1"/>
        <line num="30" count="0" type="cond" truecount="1" falsecount="1"/>
        <line num="39" count="0" type="cond" truecount="1" falsecount="1"/>
        <line num="46" count="0" type="cond" truecount="1" falsecount="1"/>
        <line num="53" count="0" type="cond" truecount="1" falsecount="1"/>
      </file>
      <file name="EmergencyResetButton.tsx" path="C:\Users\oob\.gemini\antigravity\scratch\darwins-canvas\web\src\ui\components\EmergencyResetButton.tsx">
        <metrics statements="19" coveredstatements="0" conditionals="4" coveredconditionals="0" methods="4" coveredmethods="0"/>
        <line num="5" count="0" type="stmt"/>
        <line num="7" count="0" type="stmt"/>
        <line num="8" count="0" type="cond" truecount="0" falsecount="2"/>
        <line num="9" count="0" type="stmt"/>
        <line num="10" count="0" type="stmt"/>
        <line num="11" count="0" type="stmt"/>
        <line num="12" count="0" type="stmt"/>
        <line num="15" count="0" type="stmt"/>
        <line num="18" count="0" type="stmt"/>
        <line num="19" count="0" type="stmt"/>
        <line num="20" count="0" type="stmt"/>
        <line num="21" count="0" type="stmt"/>
        <line num="24" count="0" type="stmt"/>
        <line num="26" count="0" type="stmt"/>
        <line num="29" count="0" type="cond" truecount="0" falsecount="2"/>
        <line num="30" count="0" type="stmt"/>
        <line num="53" count="0" type="stmt"/>
        <line num="71" count="0" type="stmt"/>
        <line num="78" count="0" type="stmt"/>
      </file>
      <file name="MapSizePromptModal.tsx" path="C:\Users\oob\.gemini\antigravity\scratch\darwins-canvas\web\src\ui\components\MapSizePromptModal.tsx">
        <metrics statements="4" coveredstatements="2" conditionals="0" coveredconditionals="0" methods="4" coveredmethods="2"/>
        <line num="8" count="1" type="stmt"/>
        <line num="18" count="0" type="stmt"/>
        <line num="36" count="1" type="stmt"/>
        <line num="54" count="0" type="stmt"/>
      </file>
      <file name="PatchNotesModal.tsx" path="C:\Users\oob\.gemini\antigravity\scratch\darwins-canvas\web\src\ui\components\PatchNotesModal.tsx">
        <metrics statements="1" coveredstatements="0" conditionals="0" coveredconditionals="0" methods="1" coveredmethods="0"/>
        <line num="9" count="0" type="stmt"/>
      </file>
      <file name="SaveSlotsModal.tsx" path="C:\Users\oob\.gemini\antigravity\scratch\darwins-canvas\web\src\ui\components\SaveSlotsModal.tsx">
        <metrics statements="11" coveredstatements="0" conditionals="12" coveredconditionals="0" methods="6" coveredmethods="0"/>
        <line num="12" count="0" type="stmt"/>
        <line num="13" count="0" type="stmt"/>
        <line num="14" count="0" type="stmt"/>
        <line num="17" count="0" type="stmt"/>
        <line num="25" count="0" type="stmt"/>
        <line num="26" count="0" type="cond" truecount="0" falsecount="2"/>
        <line num="27" count="0" type="stmt"/>
        <line num="28" count="0" type="stmt"/>
        <line num="39" count="0" type="stmt"/>
        <line num="49" count="0" type="stmt"/>
        <line num="53" count="0" type="cond" truecount="0" falsecount="2"/>
      </file>
      <file name="SettingsModal.tsx" path="C:\Users\oob\.gemini\antigravity\scratch\darwins-canvas\web\src\ui\components\SettingsModal.tsx">
        <metrics statements="11" coveredstatements="0" conditionals="6" coveredconditionals="0" methods="11" coveredmethods="0"/>
        <line num="10" count="0" type="stmt"/>
        <line num="11" count="0" type="stmt"/>
        <line num="12" count="0" type="stmt"/>
        <line num="13" count="0" type="stmt"/>
        <line num="14" count="0" type="stmt"/>
        <line num="16" count="0" type="stmt"/>
        <line num="28" count="0" type="stmt"/>
        <line num="38" count="0" type="stmt"/>
        <line num="48" count="0" type="stmt"/>
        <line num="56" count="0" type="stmt"/>
        <line num="59" count="0" type="stmt"/>
      </file>
    </package>
    <package name="utils">
      <metrics statements="175" coveredstatements="115" conditionals="133" coveredconditionals="77" methods="28" coveredmethods="13"/>
      <file name="drawingUtils.ts" path="C:\Users\oob\.gemini\antigravity\scratch\darwins-canvas\web\src\utils\drawingUtils.ts">
        <metrics statements="89" coveredstatements="62" conditionals="89" coveredconditionals="50" methods="5" coveredmethods="2"/>
        <line num="4" count="0" type="stmt"/>
        <line num="5" count="0" type="stmt"/>
        <line num="6" count="0" type="stmt"/>
        <line num="7" count="0" type="stmt"/>
        <line num="8" count="0" type="stmt"/>
        <line num="9" count="0" type="stmt"/>
        <line num="13" count="3" type="stmt"/>
        <line num="14" count="3" type="stmt"/>
        <line num="31" count="1" type="cond" truecount="5" falsecount="1"/>
        <line num="33" count="1" type="stmt"/>
        <line num="34" count="1" type="stmt"/>
        <line num="35" count="1" type="stmt"/>
        <line num="36" count="1" type="stmt"/>
        <line num="37" count="1" type="stmt"/>
        <line num="40" count="1" type="cond" truecount="2" falsecount="4"/>
        <line num="42" count="1" type="stmt"/>
        <line num="43" count="1" type="stmt"/>
        <line num="45" count="1" type="stmt"/>
        <line num="46" count="25" type="stmt"/>
        <line num="47" count="25" type="cond" truecount="2" falsecount="0"/>
        <line num="49" count="12" type="stmt"/>
        <line num="50" count="12" type="stmt"/>
        <line num="51" count="12" type="stmt"/>
        <line num="54" count="12" type="cond" truecount="2" falsecount="0"/>
        <line num="59" count="4" type="stmt"/>
        <line num="61" count="8" type="stmt"/>
        <line num="62" count="8" type="stmt"/>
        <line num="63" count="8" type="stmt"/>
        <line num="64" count="8" type="stmt"/>
        <line num="65" count="8" type="stmt"/>
        <line num="67" count="8" type="cond" truecount="2" falsecount="0"/>
        <line num="68" count="8" type="cond" truecount="1" falsecount="1"/>
        <line num="69" count="8" type="cond" truecount="2" falsecount="0"/>
        <line num="70" count="8" type="cond" truecount="2" falsecount="0"/>
        <line num="74" count="1" type="stmt"/>
        <line num="75" count="1" type="stmt"/>
        <line num="76" count="2" type="stmt"/>
        <line num="77" count="4" type="stmt"/>
        <line num="78" count="4" type="cond" truecount="2" falsecount="0"/>
        <line num="79" count="2" type="cond" truecount="1" falsecount="1"/>
        <line num="80" count="2" type="cond" truecount="1" falsecount="1"/>
        <line num="81" count="2" type="cond" truecount="1" falsecount="1"/>
        <line num="82" count="2" type="cond" truecount="1" falsecount="1"/>
        <line num="83" count="2" type="cond" truecount="1" falsecount="1"/>
        <line num="84" count="2" type="cond" truecount="1" falsecount="1"/>
        <line num="85" count="2" type="cond" truecount="1" falsecount="1"/>
        <line num="86" count="2" type="cond" truecount="1" falsecount="1"/>
        <line num="91" count="1" type="stmt"/>
        <line num="92" count="1" type="stmt"/>
        <line num="93" count="2" type="stmt"/>
        <line num="94" count="4" type="stmt"/>
        <line num="95" count="4" type="cond" truecount="2" falsecount="0"/>
        <line num="96" count="2" type="cond" truecount="2" falsecount="2"/>
        <line num="97" count="2" type="cond" truecount="3" falsecount="1"/>
        <line num="98" count="2" type="cond" truecount="3" falsecount="1"/>
        <line num="99" count="2" type="cond" truecount="3" falsecount="1"/>
        <line num="105" count="1" type="stmt"/>
        <line num="106" count="16" type="cond" truecount="4" falsecount="0"/>
        <line num="107" count="6" type="stmt"/>
        <line num="108" count="6" type="stmt"/>
        <line num="109" count="6" type="stmt"/>
        <line num="110" count="6" type="stmt"/>
        <line num="111" count="6" type="stmt"/>
        <line num="113" count="6" type="stmt"/>
        <line num="114" count="6" type="stmt"/>
        <line num="115" count="6" type="stmt"/>
        <line num="116" count="6" type="stmt"/>
        <line num="117" count="6" type="stmt"/>
        <line num="126" count="0" type="stmt"/>
        <line num="127" count="0" type="stmt"/>
        <line num="128" count="0" type="cond" truecount="0" falsecount="2"/>
        <line num="130" count="0" type="stmt"/>
        <line num="134" count="0" type="stmt"/>
        <line num="135" count="0" type="stmt"/>
        <line num="138" count="0" type="stmt"/>
        <line num="139" count="0" type="stmt"/>
        <line num="140" count="0" type="stmt"/>
        <line num="141" count="0" type="cond" truecount="0" falsecount="2"/>
        <line num="142" count="0" type="cond" truecount="0" falsecount="2"/>
        <line num="143" count="0" type="cond" truecount="0" falsecount="2"/>
        <line num="144" count="0" type="cond" truecount="0" falsecount="2"/>
        <line num="145" count="0" type="cond" truecount="0" falsecount="2"/>
        <line num="151" count="0" type="stmt"/>
        <line num="152" count="0" type="stmt"/>
        <line num="153" count="0" type="cond" truecount="0" falsecount="2"/>
        <line num="154" count="0" type="cond" truecount="0" falsecount="2"/>
        <line num="155" count="0" type="cond" truecount="0" falsecount="2"/>
        <line num="156" count="0" type="cond" truecount="0" falsecount="2"/>
        <line num="159" count="0" type="stmt"/>
      </file>
      <file name="loreGenerator.ts" path="C:\Users\oob\.gemini\antigravity\scratch\darwins-canvas\web\src\utils\loreGenerator.ts">
        <metrics statements="40" coveredstatements="24" conditionals="38" coveredconditionals="23" methods="1" coveredmethods="1"/>
        <line num="9" count="2" type="cond" truecount="4" falsecount="0"/>
        <line num="12" count="2" type="stmt"/>
        <line num="13" count="2" type="cond" truecount="1" falsecount="1"/>
        <line num="14" count="2" type="cond" truecount="2" falsecount="0"/>
        <line num="15" count="1" type="stmt"/>
        <line num="16" count="0" type="cond" truecount="0" falsecount="2"/>
        <line num="17" count="0" type="cond" truecount="0" falsecount="2"/>
        <line num="18" count="0" type="stmt"/>
        <line num="20" count="0" type="stmt"/>
        <line num="23" count="2" type="cond" truecount="1" falsecount="1"/>
        <line num="24" count="2" type="cond" truecount="1" falsecount="1"/>
        <line num="25" count="2" type="stmt"/>
        <line num="27" count="2" type="cond" truecount="2" falsecount="0"/>
        <line num="28" count="1" type="cond" truecount="1" falsecount="1"/>
        <line num="30" count="2" type="stmt"/>
        <line num="33" count="2" type="stmt"/>
        <line num="34" count="2" type="stmt"/>
        <line num="35" count="2" type="stmt"/>
        <line num="37" count="2" type="cond" truecount="2" falsecount="0"/>
        <line num="38" count="2" type="cond" truecount="2" falsecount="0"/>
        <line num="40" count="2" type="cond" truecount="1" falsecount="1"/>
        <line num="41" count="0" type="stmt"/>
        <line num="42" count="0" type="stmt"/>
        <line num="43" count="0" type="stmt"/>
        <line num="44" count="2" type="cond" truecount="2" falsecount="2"/>
        <line num="45" count="0" type="stmt"/>
        <line num="46" count="0" type="stmt"/>
        <line num="47" count="0" type="stmt"/>
        <line num="48" count="2" type="cond" truecount="2" falsecount="2"/>
        <line num="49" count="0" type="stmt"/>
        <line num="50" count="0" type="stmt"/>
        <line num="51" count="0" type="stmt"/>
        <line num="52" count="2" type="cond" truecount="2" falsecount="2"/>
        <line num="53" count="0" type="stmt"/>
        <line num="54" count="0" type="stmt"/>
        <line num="55" count="0" type="stmt"/>
        <line num="57" count="2" type="stmt"/>
        <line num="58" count="2" type="stmt"/>
        <line num="59" count="2" type="stmt"/>
        <line num="62" count="2" type="stmt"/>
      </file>
      <file name="saveSystem.ts" path="C:\Users\oob\.gemini\antigravity\scratch\darwins-canvas\web\src\utils\saveSystem.ts">
        <metrics statements="46" coveredstatements="29" conditionals="6" coveredconditionals="4" methods="22" coveredmethods="10"/>
        <line num="3" count="1" type="stmt"/>
        <line num="4" count="1" type="stmt"/>
        <line num="5" count="1" type="stmt"/>
        <line num="23" count="1" type="stmt"/>
        <line num="26" count="4" type="cond" truecount="2" falsecount="0"/>
        <line num="27" count="1" type="stmt"/>
        <line num="28" count="1" type="stmt"/>
        <line num="30" count="1" type="stmt"/>
        <line num="31" count="1" type="stmt"/>
        <line num="33" count="1" type="stmt"/>
        <line num="34" count="1" type="stmt"/>
        <line num="35" count="1" type="cond" truecount="1" falsecount="1"/>
        <line num="36" count="1" type="stmt"/>
        <line num="41" count="4" type="stmt"/>
        <line num="45" count="2" type="stmt"/>
        <line num="49" count="2" type="stmt"/>
        <line num="62" count="2" type="stmt"/>
        <line num="63" count="2" type="stmt"/>
        <line num="64" count="2" type="stmt"/>
        <line num="65" count="2" type="stmt"/>
        <line num="67" count="2" type="stmt"/>
        <line num="68" count="2" type="stmt"/>
        <line num="73" count="2" type="stmt"/>
        <line num="74" count="2" type="stmt"/>
        <line num="75" count="2" type="stmt"/>
        <line num="76" count="2" type="stmt"/>
        <line num="77" count="2" type="stmt"/>
        <line num="79" count="2" type="stmt"/>
        <line num="80" count="2" type="cond" truecount="1" falsecount="1"/>
        <line num="85" count="0" type="stmt"/>
        <line num="86" count="0" type="stmt"/>
        <line num="87" count="0" type="stmt"/>
        <line num="88" count="0" type="stmt"/>
        <line num="89" count="0" type="stmt"/>
        <line num="91" count="0" type="stmt"/>
        <line num="92" count="0" type="stmt"/>
        <line num="93" count="0" type="stmt"/>
        <line num="95" count="0" type="stmt"/>
        <line num="101" count="0" type="stmt"/>
        <line num="107" count="0" type="stmt"/>
        <line num="108" count="0" type="stmt"/>
        <line num="109" count="0" type="stmt"/>
        <line num="110" count="0" type="stmt"/>
        <line num="111" count="0" type="stmt"/>
        <line num="113" count="0" type="stmt"/>
        <line num="114" count="0" type="stmt"/>
      </file>
    </package>
  </project>
</coverage>
