{"C:\\Users\\oob\\.gemini\\antigravity\\scratch\\darwins-canvas\\web\\src\\constants\\audioConfig.ts": {"path":"C:\\Users\\oob\\.gemini\\antigravity\\scratch\\darwins-canvas\\web\\src\\constants\\audioConfig.ts","statementMap":{"0":{"start":{"line":1,"column":28},"end":{"line":24,"column":null}}},"fnMap":{},"branchMap":{},"s":{"0":1},"f":{},"b":{},"meta":{"lastBranch":0,"lastFunction":0,"lastStatement":1,"seen":{"s:1:28:24:Infinity":0},"fnNames":{}}}
,"C:\\Users\\oob\\.gemini\\antigravity\\scratch\\darwins-canvas\\web\\src\\constants\\index.ts": {"path":"C:\\Users\\oob\\.gemini\\antigravity\\scratch\\darwins-canvas\\web\\src\\constants\\index.ts","statementMap":{"0":{"start":{"line":4,"column":13},"end":{"line":4,"column":null}},"1":{"start":{"line":4,"column":44},"end":{"line":4,"column":null}},"2":{"start":{"line":5,"column":13},"end":{"line":5,"column":null}},"3":{"start":{"line":5,"column":44},"end":{"line":5,"column":null}},"4":{"start":{"line":7,"column":27},"end":{"line":7,"column":null}},"5":{"start":{"line":14,"column":32},"end":{"line":14,"column":null}},"6":{"start":{"line":15,"column":32},"end":{"line":15,"column":null}},"7":{"start":{"line":20,"column":32},"end":{"line":20,"column":null}},"8":{"start":{"line":21,"column":32},"end":{"line":21,"column":null}},"9":{"start":{"line":26,"column":28},"end":{"line":26,"column":null}},"10":{"start":{"line":27,"column":32},"end":{"line":27,"column":null}},"11":{"start":{"line":30,"column":33},"end":{"line":30,"column":null}},"12":{"start":{"line":31,"column":33},"end":{"line":31,"column":null}},"13":{"start":{"line":39,"column":5},"end":{"line":43,"column":null}},"14":{"start":{"line":46,"column":43},"end":{"line":46,"column":null}},"15":{"start":{"line":47,"column":43},"end":{"line":47,"column":null}},"16":{"start":{"line":48,"column":43},"end":{"line":48,"column":null}},"17":{"start":{"line":51,"column":27},"end":{"line":51,"column":null}},"18":{"start":{"line":52,"column":33},"end":{"line":52,"column":null}},"19":{"start":{"line":53,"column":33},"end":{"line":53,"column":null}},"20":{"start":{"line":55,"column":37},"end":{"line":55,"column":null}},"21":{"start":{"line":56,"column":37},"end":{"line":56,"column":null}},"22":{"start":{"line":57,"column":37},"end":{"line":57,"column":null}},"23":{"start":{"line":60,"column":41},"end":{"line":60,"column":null}},"24":{"start":{"line":61,"column":41},"end":{"line":61,"column":null}},"25":{"start":{"line":64,"column":18},"end":{"line":64,"column":null}},"26":{"start":{"line":65,"column":13},"end":{"line":65,"column":null}},"27":{"start":{"line":65,"column":64},"end":{"line":65,"column":null}},"28":{"start":{"line":66,"column":13},"end":{"line":66,"column":null}},"29":{"start":{"line":66,"column":67},"end":{"line":66,"column":null}},"30":{"start":{"line":67,"column":13},"end":{"line":67,"column":null}},"31":{"start":{"line":67,"column":67},"end":{"line":67,"column":null}},"32":{"start":{"line":68,"column":13},"end":{"line":68,"column":null}},"33":{"start":{"line":68,"column":66},"end":{"line":68,"column":null}},"34":{"start":{"line":71,"column":13},"end":{"line":71,"column":null}},"35":{"start":{"line":71,"column":53},"end":{"line":71,"column":null}},"36":{"start":{"line":72,"column":34},"end":{"line":72,"column":null}},"37":{"start":{"line":73,"column":34},"end":{"line":73,"column":null}},"38":{"start":{"line":74,"column":34},"end":{"line":74,"column":null}},"39":{"start":{"line":77,"column":35},"end":{"line":77,"column":null}},"40":{"start":{"line":78,"column":35},"end":{"line":78,"column":null}},"41":{"start":{"line":79,"column":35},"end":{"line":79,"column":null}},"42":{"start":{"line":80,"column":35},"end":{"line":80,"column":null}},"43":{"start":{"line":83,"column":41},"end":{"line":83,"column":null}},"44":{"start":{"line":84,"column":41},"end":{"line":84,"column":null}},"45":{"start":{"line":85,"column":41},"end":{"line":85,"column":null}},"46":{"start":{"line":86,"column":41},"end":{"line":86,"column":null}},"47":{"start":{"line":87,"column":41},"end":{"line":87,"column":null}},"48":{"start":{"line":88,"column":41},"end":{"line":88,"column":null}},"49":{"start":{"line":90,"column":38},"end":{"line":90,"column":null}},"50":{"start":{"line":91,"column":38},"end":{"line":91,"column":null}},"51":{"start":{"line":92,"column":38},"end":{"line":92,"column":null}},"52":{"start":{"line":93,"column":38},"end":{"line":93,"column":null}},"53":{"start":{"line":96,"column":34},"end":{"line":96,"column":null}},"54":{"start":{"line":97,"column":34},"end":{"line":97,"column":null}},"55":{"start":{"line":98,"column":34},"end":{"line":98,"column":null}},"56":{"start":{"line":101,"column":36},"end":{"line":101,"column":null}},"57":{"start":{"line":102,"column":36},"end":{"line":102,"column":null}},"58":{"start":{"line":107,"column":27},"end":{"line":107,"column":null}},"59":{"start":{"line":108,"column":34},"end":{"line":108,"column":null}},"60":{"start":{"line":109,"column":34},"end":{"line":109,"column":null}},"61":{"start":{"line":110,"column":40},"end":{"line":110,"column":null}},"62":{"start":{"line":112,"column":30},"end":{"line":112,"column":null}},"63":{"start":{"line":113,"column":30},"end":{"line":113,"column":null}},"64":{"start":{"line":114,"column":38},"end":{"line":114,"column":null}},"65":{"start":{"line":117,"column":40},"end":{"line":117,"column":null}},"66":{"start":{"line":118,"column":35},"end":{"line":118,"column":null}},"67":{"start":{"line":120,"column":38},"end":{"line":120,"column":null}},"68":{"start":{"line":121,"column":43},"end":{"line":121,"column":null}},"69":{"start":{"line":122,"column":46},"end":{"line":122,"column":null}},"70":{"start":{"line":125,"column":121},"end":{"line":136,"column":null}},"71":{"start":{"line":139,"column":121},"end":{"line":152,"column":null}}},"fnMap":{"0":{"name":"(anonymous_0)","decl":{"start":{"line":4,"column":13},"end":{"line":4,"column":44}},"loc":{"start":{"line":4,"column":44},"end":{"line":4,"column":null}},"line":4},"1":{"name":"(anonymous_1)","decl":{"start":{"line":5,"column":13},"end":{"line":5,"column":44}},"loc":{"start":{"line":5,"column":44},"end":{"line":5,"column":null}},"line":5},"2":{"name":"(anonymous_2)","decl":{"start":{"line":65,"column":13},"end":{"line":65,"column":39}},"loc":{"start":{"line":65,"column":64},"end":{"line":65,"column":null}},"line":65},"3":{"name":"(anonymous_3)","decl":{"start":{"line":66,"column":13},"end":{"line":66,"column":42}},"loc":{"start":{"line":66,"column":67},"end":{"line":66,"column":null}},"line":66},"4":{"name":"(anonymous_4)","decl":{"start":{"line":67,"column":13},"end":{"line":67,"column":42}},"loc":{"start":{"line":67,"column":67},"end":{"line":67,"column":null}},"line":67},"5":{"name":"(anonymous_5)","decl":{"start":{"line":68,"column":13},"end":{"line":68,"column":41}},"loc":{"start":{"line":68,"column":66},"end":{"line":68,"column":null}},"line":68},"6":{"name":"(anonymous_6)","decl":{"start":{"line":71,"column":13},"end":{"line":71,"column":28}},"loc":{"start":{"line":71,"column":53},"end":{"line":71,"column":null}},"line":71}},"branchMap":{},"s":{"0":15,"1":6,"2":15,"3":6,"4":15,"5":15,"6":15,"7":15,"8":15,"9":15,"10":15,"11":15,"12":15,"13":15,"14":15,"15":15,"16":15,"17":15,"18":15,"19":15,"20":15,"21":15,"22":15,"23":15,"24":15,"25":15,"26":15,"27":228715,"28":15,"29":54497,"30":15,"31":97142,"32":15,"33":17408,"34":15,"35":9727,"36":15,"37":15,"38":15,"39":15,"40":15,"41":15,"42":15,"43":15,"44":15,"45":15,"46":15,"47":15,"48":15,"49":15,"50":15,"51":15,"52":15,"53":15,"54":15,"55":15,"56":15,"57":15,"58":15,"59":15,"60":15,"61":15,"62":15,"63":15,"64":15,"65":15,"66":15,"67":15,"68":15,"69":15,"70":15,"71":15},"f":{"0":6,"1":6,"2":228715,"3":54497,"4":97142,"5":17408,"6":9727},"b":{},"meta":{"lastBranch":0,"lastFunction":7,"lastStatement":72,"seen":{"s:4:13:4:Infinity":0,"f:4:13:4:44":0,"s:4:44:4:Infinity":1,"s:5:13:5:Infinity":2,"f:5:13:5:44":1,"s:5:44:5:Infinity":3,"s:7:27:7:Infinity":4,"s:14:32:14:Infinity":5,"s:15:32:15:Infinity":6,"s:20:32:20:Infinity":7,"s:21:32:21:Infinity":8,"s:26:28:26:Infinity":9,"s:27:32:27:Infinity":10,"s:30:33:30:Infinity":11,"s:31:33:31:Infinity":12,"s:39:5:43:Infinity":13,"s:46:43:46:Infinity":14,"s:47:43:47:Infinity":15,"s:48:43:48:Infinity":16,"s:51:27:51:Infinity":17,"s:52:33:52:Infinity":18,"s:53:33:53:Infinity":19,"s:55:37:55:Infinity":20,"s:56:37:56:Infinity":21,"s:57:37:57:Infinity":22,"s:60:41:60:Infinity":23,"s:61:41:61:Infinity":24,"s:64:18:64:Infinity":25,"s:65:13:65:Infinity":26,"f:65:13:65:39":2,"s:65:64:65:Infinity":27,"s:66:13:66:Infinity":28,"f:66:13:66:42":3,"s:66:67:66:Infinity":29,"s:67:13:67:Infinity":30,"f:67:13:67:42":4,"s:67:67:67:Infinity":31,"s:68:13:68:Infinity":32,"f:68:13:68:41":5,"s:68:66:68:Infinity":33,"s:71:13:71:Infinity":34,"f:71:13:71:28":6,"s:71:53:71:Infinity":35,"s:72:34:72:Infinity":36,"s:73:34:73:Infinity":37,"s:74:34:74:Infinity":38,"s:77:35:77:Infinity":39,"s:78:35:78:Infinity":40,"s:79:35:79:Infinity":41,"s:80:35:80:Infinity":42,"s:83:41:83:Infinity":43,"s:84:41:84:Infinity":44,"s:85:41:85:Infinity":45,"s:86:41:86:Infinity":46,"s:87:41:87:Infinity":47,"s:88:41:88:Infinity":48,"s:90:38:90:Infinity":49,"s:91:38:91:Infinity":50,"s:92:38:92:Infinity":51,"s:93:38:93:Infinity":52,"s:96:34:96:Infinity":53,"s:97:34:97:Infinity":54,"s:98:34:98:Infinity":55,"s:101:36:101:Infinity":56,"s:102:36:102:Infinity":57,"s:107:27:107:Infinity":58,"s:108:34:108:Infinity":59,"s:109:34:109:Infinity":60,"s:110:40:110:Infinity":61,"s:112:30:112:Infinity":62,"s:113:30:113:Infinity":63,"s:114:38:114:Infinity":64,"s:117:40:117:Infinity":65,"s:118:35:118:Infinity":66,"s:120:38:120:Infinity":67,"s:121:43:121:Infinity":68,"s:122:46:122:Infinity":69,"s:125:121:136:Infinity":70,"s:139:121:152:Infinity":71},"fnNames":{}}}
,"C:\\Users\\oob\\.gemini\\antigravity\\scratch\\darwins-canvas\\web\\src\\engine\\SpatialGrid.ts": {"path":"C:\\Users\\oob\\.gemini\\antigravity\\scratch\\darwins-canvas\\web\\src\\engine\\SpatialGrid.ts","statementMap":{"0":{"start":{"line":16,"column":4},"end":{"line":16,"column":null}},"1":{"start":{"line":17,"column":4},"end":{"line":17,"column":null}},"2":{"start":{"line":18,"column":4},"end":{"line":18,"column":null}},"3":{"start":{"line":19,"column":21},"end":{"line":19,"column":null}},"4":{"start":{"line":20,"column":4},"end":{"line":20,"column":null}},"5":{"start":{"line":21,"column":4},"end":{"line":21,"column":null}},"6":{"start":{"line":22,"column":4},"end":{"line":25,"column":null}},"7":{"start":{"line":22,"column":17},"end":{"line":22,"column":20}},"8":{"start":{"line":23,"column":6},"end":{"line":23,"column":null}},"9":{"start":{"line":24,"column":6},"end":{"line":24,"column":null}},"10":{"start":{"line":29,"column":20},"end":{"line":29,"column":null}},"11":{"start":{"line":30,"column":20},"end":{"line":30,"column":null}},"12":{"start":{"line":31,"column":4},"end":{"line":31,"column":null}},"13":{"start":{"line":31,"column":56},"end":{"line":31,"column":null}},"14":{"start":{"line":33,"column":4},"end":{"line":33,"column":null}},"15":{"start":{"line":34,"column":4},"end":{"line":34,"column":null}},"16":{"start":{"line":35,"column":21},"end":{"line":35,"column":null}},"17":{"start":{"line":36,"column":4},"end":{"line":36,"column":null}},"18":{"start":{"line":37,"column":4},"end":{"line":37,"column":null}},"19":{"start":{"line":38,"column":4},"end":{"line":41,"column":null}},"20":{"start":{"line":38,"column":17},"end":{"line":38,"column":20}},"21":{"start":{"line":39,"column":6},"end":{"line":39,"column":null}},"22":{"start":{"line":40,"column":6},"end":{"line":40,"column":null}},"23":{"start":{"line":45,"column":4},"end":{"line":48,"column":null}},"24":{"start":{"line":45,"column":17},"end":{"line":45,"column":20}},"25":{"start":{"line":46,"column":6},"end":{"line":46,"column":null}},"26":{"start":{"line":47,"column":6},"end":{"line":47,"column":null}},"27":{"start":{"line":52,"column":4},"end":{"line":52,"column":null}},"28":{"start":{"line":52,"column":44},"end":{"line":52,"column":null}},"29":{"start":{"line":53,"column":16},"end":{"line":53,"column":null}},"30":{"start":{"line":54,"column":16},"end":{"line":54,"column":null}},"31":{"start":{"line":55,"column":4},"end":{"line":55,"column":null}},"32":{"start":{"line":59,"column":16},"end":{"line":59,"column":null}},"33":{"start":{"line":60,"column":4},"end":{"line":60,"column":null}},"34":{"start":{"line":64,"column":16},"end":{"line":64,"column":null}},"35":{"start":{"line":65,"column":4},"end":{"line":65,"column":null}},"36":{"start":{"line":73,"column":4},"end":{"line":73,"column":null}},"37":{"start":{"line":74,"column":19},"end":{"line":74,"column":null}},"38":{"start":{"line":75,"column":19},"end":{"line":75,"column":null}},"39":{"start":{"line":76,"column":19},"end":{"line":76,"column":null}},"40":{"start":{"line":77,"column":19},"end":{"line":77,"column":null}},"41":{"start":{"line":79,"column":4},"end":{"line":86,"column":null}},"42":{"start":{"line":79,"column":19},"end":{"line":79,"column":27}},"43":{"start":{"line":80,"column":6},"end":{"line":85,"column":null}},"44":{"start":{"line":80,"column":21},"end":{"line":80,"column":29}},"45":{"start":{"line":81,"column":21},"end":{"line":81,"column":null}},"46":{"start":{"line":82,"column":8},"end":{"line":84,"column":null}},"47":{"start":{"line":82,"column":21},"end":{"line":82,"column":24}},"48":{"start":{"line":83,"column":10},"end":{"line":83,"column":null}},"49":{"start":{"line":94,"column":4},"end":{"line":94,"column":null}},"50":{"start":{"line":95,"column":19},"end":{"line":95,"column":null}},"51":{"start":{"line":96,"column":19},"end":{"line":96,"column":null}},"52":{"start":{"line":97,"column":19},"end":{"line":97,"column":null}},"53":{"start":{"line":98,"column":19},"end":{"line":98,"column":null}},"54":{"start":{"line":100,"column":4},"end":{"line":107,"column":null}},"55":{"start":{"line":100,"column":19},"end":{"line":100,"column":27}},"56":{"start":{"line":101,"column":6},"end":{"line":106,"column":null}},"57":{"start":{"line":101,"column":21},"end":{"line":101,"column":29}},"58":{"start":{"line":102,"column":21},"end":{"line":102,"column":null}},"59":{"start":{"line":103,"column":8},"end":{"line":105,"column":null}},"60":{"start":{"line":103,"column":21},"end":{"line":103,"column":24}},"61":{"start":{"line":104,"column":10},"end":{"line":104,"column":null}}},"fnMap":{"0":{"name":"constructor","decl":{"start":{"line":15,"column":2},"end":{"line":15,"column":14}},"loc":{"start":{"line":15,"column":63},"end":{"line":26,"column":null}},"line":15},"1":{"name":"resize","decl":{"start":{"line":28,"column":2},"end":{"line":28,"column":9}},"loc":{"start":{"line":28,"column":47},"end":{"line":42,"column":null}},"line":28},"2":{"name":"clear","decl":{"start":{"line":44,"column":2},"end":{"line":44,"column":9}},"loc":{"start":{"line":44,"column":17},"end":{"line":49,"column":null}},"line":44},"3":{"name":"getCellIndex","decl":{"start":{"line":51,"column":2},"end":{"line":51,"column":10}},"loc":{"start":{"line":51,"column":53},"end":{"line":56,"column":null}},"line":51},"4":{"name":"insertCreature","decl":{"start":{"line":58,"column":2},"end":{"line":58,"column":9}},"loc":{"start":{"line":58,"column":37},"end":{"line":61,"column":null}},"line":58},"5":{"name":"insertPlant","decl":{"start":{"line":63,"column":2},"end":{"line":63,"column":9}},"loc":{"start":{"line":63,"column":31},"end":{"line":66,"column":null}},"line":63},"6":{"name":"getNearbyCreatures","decl":{"start":{"line":72,"column":2},"end":{"line":72,"column":9}},"loc":{"start":{"line":72,"column":95},"end":{"line":87,"column":null}},"line":72},"7":{"name":"getNearbyPlants","decl":{"start":{"line":93,"column":2},"end":{"line":93,"column":9}},"loc":{"start":{"line":93,"column":89},"end":{"line":108,"column":null}},"line":93}},"branchMap":{"0":{"loc":{"start":{"line":31,"column":4},"end":{"line":31,"column":null}},"type":"if","locations":[{"start":{"line":31,"column":4},"end":{"line":31,"column":null}},{"start":{},"end":{}}],"line":31},"1":{"loc":{"start":{"line":31,"column":8},"end":{"line":31,"column":56}},"type":"binary-expr","locations":[{"start":{"line":31,"column":8},"end":{"line":31,"column":33}},{"start":{"line":31,"column":33},"end":{"line":31,"column":56}}],"line":31},"2":{"loc":{"start":{"line":52,"column":4},"end":{"line":52,"column":null}},"type":"if","locations":[{"start":{"line":52,"column":4},"end":{"line":52,"column":null}},{"start":{},"end":{}}],"line":52},"3":{"loc":{"start":{"line":52,"column":8},"end":{"line":52,"column":44}},"type":"binary-expr","locations":[{"start":{"line":52,"column":8},"end":{"line":52,"column":27}},{"start":{"line":52,"column":27},"end":{"line":52,"column":44}}],"line":52}},"s":{"0":2137,"1":2137,"2":2137,"3":2137,"4":2137,"5":2137,"6":2137,"7":2137,"8":106888,"9":106888,"10":59401,"11":59401,"12":59401,"13":57399,"14":2002,"15":2002,"16":2002,"17":2002,"18":2002,"19":2002,"20":2002,"21":676341,"22":676341,"23":59401,"24":59401,"25":12588100,"26":12588100,"27":4305858,"28":5,"29":4305853,"30":4305853,"31":4305853,"32":602164,"33":602164,"34":3703694,"35":3703694,"36":1812219,"37":1812219,"38":1812219,"39":1812219,"40":1812219,"41":1812219,"42":1812219,"43":9644804,"44":9644804,"45":61798276,"46":61798276,"47":61798276,"48":12199121,"49":1102510,"50":1102510,"51":1102510,"52":1102510,"53":1102510,"54":1102510,"55":1102510,"56":4315988,"57":4315988,"58":23298798,"59":23298798,"60":23298798,"61":6358396},"f":{"0":2137,"1":59401,"2":59401,"3":4305858,"4":602164,"5":3703694,"6":1812219,"7":1102510},"b":{"0":[57399,2002],"1":[59401,57399],"2":[5,4305853],"3":[4305858,4305854]},"meta":{"lastBranch":4,"lastFunction":8,"lastStatement":62,"seen":{"f:15:2:15:14":0,"s:16:4:16:Infinity":0,"s:17:4:17:Infinity":1,"s:18:4:18:Infinity":2,"s:19:21:19:Infinity":3,"s:20:4:20:Infinity":4,"s:21:4:21:Infinity":5,"s:22:4:25:Infinity":6,"s:22:17:22:20":7,"s:23:6:23:Infinity":8,"s:24:6:24:Infinity":9,"f:28:2:28:9":1,"s:29:20:29:Infinity":10,"s:30:20:30:Infinity":11,"b:31:4:31:Infinity:undefined:undefined:undefined:undefined":0,"s:31:4:31:Infinity":12,"b:31:8:31:33:31:33:31:56":1,"s:31:56:31:Infinity":13,"s:33:4:33:Infinity":14,"s:34:4:34:Infinity":15,"s:35:21:35:Infinity":16,"s:36:4:36:Infinity":17,"s:37:4:37:Infinity":18,"s:38:4:41:Infinity":19,"s:38:17:38:20":20,"s:39:6:39:Infinity":21,"s:40:6:40:Infinity":22,"f:44:2:44:9":2,"s:45:4:48:Infinity":23,"s:45:17:45:20":24,"s:46:6:46:Infinity":25,"s:47:6:47:Infinity":26,"f:51:2:51:10":3,"b:52:4:52:Infinity:undefined:undefined:undefined:undefined":2,"s:52:4:52:Infinity":27,"b:52:8:52:27:52:27:52:44":3,"s:52:44:52:Infinity":28,"s:53:16:53:Infinity":29,"s:54:16:54:Infinity":30,"s:55:4:55:Infinity":31,"f:58:2:58:9":4,"s:59:16:59:Infinity":32,"s:60:4:60:Infinity":33,"f:63:2:63:9":5,"s:64:16:64:Infinity":34,"s:65:4:65:Infinity":35,"f:72:2:72:9":6,"s:73:4:73:Infinity":36,"s:74:19:74:Infinity":37,"s:75:19:75:Infinity":38,"s:76:19:76:Infinity":39,"s:77:19:77:Infinity":40,"s:79:4:86:Infinity":41,"s:79:19:79:27":42,"s:80:6:85:Infinity":43,"s:80:21:80:29":44,"s:81:21:81:Infinity":45,"s:82:8:84:Infinity":46,"s:82:21:82:24":47,"s:83:10:83:Infinity":48,"f:93:2:93:9":7,"s:94:4:94:Infinity":49,"s:95:19:95:Infinity":50,"s:96:19:96:Infinity":51,"s:97:19:97:Infinity":52,"s:98:19:98:Infinity":53,"s:100:4:107:Infinity":54,"s:100:19:100:27":55,"s:101:6:106:Infinity":56,"s:101:21:101:29":57,"s:102:21:102:Infinity":58,"s:103:8:105:Infinity":59,"s:103:21:103:24":60,"s:104:10:104:Infinity":61},"fnNames":{}}}
,"C:\\Users\\oob\\.gemini\\antigravity\\scratch\\darwins-canvas\\web\\src\\engine\\audioEngine.ts": {"path":"C:\\Users\\oob\\.gemini\\antigravity\\scratch\\darwins-canvas\\web\\src\\engine\\audioEngine.ts","statementMap":{"0":{"start":{"line":15,"column":37},"end":{"line":15,"column":null}},"1":{"start":{"line":16,"column":40},"end":{"line":16,"column":null}},"2":{"start":{"line":17,"column":37},"end":{"line":17,"column":null}},"3":{"start":{"line":18,"column":37},"end":{"line":18,"column":null}},"4":{"start":{"line":21,"column":27},"end":{"line":21,"column":null}},"5":{"start":{"line":22,"column":26},"end":{"line":22,"column":null}},"6":{"start":{"line":25,"column":52},"end":{"line":25,"column":null}},"7":{"start":{"line":28,"column":43},"end":{"line":28,"column":null}},"8":{"start":{"line":29,"column":43},"end":{"line":29,"column":null}},"9":{"start":{"line":30,"column":39},"end":{"line":30,"column":null}},"10":{"start":{"line":31,"column":39},"end":{"line":31,"column":null}},"11":{"start":{"line":32,"column":34},"end":{"line":32,"column":null}},"12":{"start":{"line":33,"column":43},"end":{"line":33,"column":null}},"13":{"start":{"line":34,"column":28},"end":{"line":34,"column":null}},"14":{"start":{"line":36,"column":27},"end":{"line":36,"column":null}},"15":{"start":{"line":39,"column":25},"end":{"line":39,"column":null}},"16":{"start":{"line":40,"column":40},"end":{"line":40,"column":null}},"17":{"start":{"line":41,"column":32},"end":{"line":41,"column":null}},"18":{"start":{"line":44,"column":20},"end":{"line":48,"column":null}},"19":{"start":{"line":51,"column":28},"end":{"line":51,"column":null}},"20":{"start":{"line":352,"column":52},"end":{"line":352,"column":null}},"21":{"start":{"line":54,"column":4},"end":{"line":54,"column":null}},"22":{"start":{"line":54,"column":18},"end":{"line":54,"column":null}},"23":{"start":{"line":55,"column":4},"end":{"line":70,"column":null}},"24":{"start":{"line":56,"column":6},"end":{"line":56,"column":null}},"25":{"start":{"line":58,"column":6},"end":{"line":58,"column":null}},"26":{"start":{"line":59,"column":6},"end":{"line":59,"column":null}},"27":{"start":{"line":60,"column":6},"end":{"line":60,"column":null}},"28":{"start":{"line":62,"column":6},"end":{"line":62,"column":null}},"29":{"start":{"line":63,"column":6},"end":{"line":63,"column":null}},"30":{"start":{"line":64,"column":6},"end":{"line":64,"column":null}},"31":{"start":{"line":66,"column":6},"end":{"line":66,"column":null}},"32":{"start":{"line":67,"column":6},"end":{"line":67,"column":null}},"33":{"start":{"line":69,"column":6},"end":{"line":69,"column":null}},"34":{"start":{"line":74,"column":4},"end":{"line":74,"column":null}},"35":{"start":{"line":74,"column":42},"end":{"line":74,"column":null}},"36":{"start":{"line":75,"column":4},"end":{"line":75,"column":null}},"37":{"start":{"line":78,"column":4},"end":{"line":78,"column":null}},"38":{"start":{"line":79,"column":4},"end":{"line":79,"column":null}},"39":{"start":{"line":80,"column":4},"end":{"line":80,"column":null}},"40":{"start":{"line":82,"column":4},"end":{"line":82,"column":null}},"41":{"start":{"line":83,"column":4},"end":{"line":83,"column":null}},"42":{"start":{"line":84,"column":4},"end":{"line":84,"column":null}},"43":{"start":{"line":86,"column":4},"end":{"line":86,"column":null}},"44":{"start":{"line":87,"column":4},"end":{"line":87,"column":null}},"45":{"start":{"line":88,"column":4},"end":{"line":88,"column":null}},"46":{"start":{"line":89,"column":4},"end":{"line":89,"column":null}},"47":{"start":{"line":91,"column":4},"end":{"line":94,"column":null}},"48":{"start":{"line":92,"column":6},"end":{"line":92,"column":null}},"49":{"start":{"line":93,"column":6},"end":{"line":93,"column":null}},"50":{"start":{"line":97,"column":20},"end":{"line":97,"column":null}},"51":{"start":{"line":98,"column":20},"end":{"line":98,"column":null}},"52":{"start":{"line":99,"column":4},"end":{"line":99,"column":null}},"53":{"start":{"line":100,"column":4},"end":{"line":100,"column":null}},"54":{"start":{"line":102,"column":4},"end":{"line":113,"column":null}},"55":{"start":{"line":103,"column":6},"end":{"line":112,"column":null}},"56":{"start":{"line":104,"column":25},"end":{"line":104,"column":null}},"57":{"start":{"line":105,"column":8},"end":{"line":109,"column":null}},"58":{"start":{"line":106,"column":30},"end":{"line":106,"column":null}},"59":{"start":{"line":107,"column":30},"end":{"line":107,"column":null}},"60":{"start":{"line":108,"column":10},"end":{"line":108,"column":null}},"61":{"start":{"line":117,"column":4},"end":{"line":117,"column":null}},"62":{"start":{"line":117,"column":61},"end":{"line":117,"column":null}},"63":{"start":{"line":118,"column":19},"end":{"line":118,"column":null}},"64":{"start":{"line":119,"column":4},"end":{"line":119,"column":null}},"65":{"start":{"line":120,"column":4},"end":{"line":120,"column":null}},"66":{"start":{"line":121,"column":17},"end":{"line":121,"column":null}},"67":{"start":{"line":122,"column":4},"end":{"line":122,"column":null}},"68":{"start":{"line":123,"column":4},"end":{"line":123,"column":null}},"69":{"start":{"line":124,"column":4},"end":{"line":124,"column":null}},"70":{"start":{"line":125,"column":4},"end":{"line":125,"column":null}},"71":{"start":{"line":126,"column":4},"end":{"line":126,"column":null}},"72":{"start":{"line":130,"column":4},"end":{"line":130,"column":null}},"73":{"start":{"line":131,"column":4},"end":{"line":131,"column":null}},"74":{"start":{"line":135,"column":4},"end":{"line":135,"column":null}},"75":{"start":{"line":135,"column":73},"end":{"line":135,"column":null}},"76":{"start":{"line":137,"column":16},"end":{"line":137,"column":null}},"77":{"start":{"line":139,"column":4},"end":{"line":139,"column":null}},"78":{"start":{"line":140,"column":4},"end":{"line":140,"column":null}},"79":{"start":{"line":141,"column":4},"end":{"line":141,"column":null}},"80":{"start":{"line":145,"column":4},"end":{"line":145,"column":null}},"81":{"start":{"line":145,"column":87},"end":{"line":145,"column":null}},"82":{"start":{"line":149,"column":20},"end":{"line":149,"column":null}},"83":{"start":{"line":150,"column":4},"end":{"line":152,"column":null}},"84":{"start":{"line":151,"column":6},"end":{"line":151,"column":null}},"85":{"start":{"line":154,"column":4},"end":{"line":154,"column":null}},"86":{"start":{"line":154,"column":90},"end":{"line":154,"column":null}},"87":{"start":{"line":156,"column":4},"end":{"line":156,"column":null}},"88":{"start":{"line":160,"column":4},"end":{"line":160,"column":null}},"89":{"start":{"line":160,"column":87},"end":{"line":160,"column":null}},"90":{"start":{"line":162,"column":4},"end":{"line":162,"column":null}},"91":{"start":{"line":163,"column":4},"end":{"line":163,"column":null}},"92":{"start":{"line":165,"column":16},"end":{"line":165,"column":null}},"93":{"start":{"line":166,"column":25},"end":{"line":166,"column":null}},"94":{"start":{"line":168,"column":23},"end":{"line":168,"column":null}},"95":{"start":{"line":169,"column":23},"end":{"line":169,"column":null}},"96":{"start":{"line":170,"column":21},"end":{"line":170,"column":null}},"97":{"start":{"line":171,"column":23},"end":{"line":171,"column":null}},"98":{"start":{"line":172,"column":21},"end":{"line":172,"column":null}},"99":{"start":{"line":175,"column":4},"end":{"line":175,"column":null}},"100":{"start":{"line":176,"column":4},"end":{"line":176,"column":null}},"101":{"start":{"line":178,"column":4},"end":{"line":200,"column":null}},"102":{"start":{"line":180,"column":6},"end":{"line":180,"column":null}},"103":{"start":{"line":181,"column":6},"end":{"line":181,"column":null}},"104":{"start":{"line":186,"column":6},"end":{"line":186,"column":null}},"105":{"start":{"line":187,"column":6},"end":{"line":187,"column":null}},"106":{"start":{"line":189,"column":6},"end":{"line":189,"column":null}},"107":{"start":{"line":192,"column":6},"end":{"line":195,"column":null}},"108":{"start":{"line":193,"column":8},"end":{"line":193,"column":null}},"109":{"start":{"line":194,"column":8},"end":{"line":194,"column":null}},"110":{"start":{"line":198,"column":6},"end":{"line":198,"column":null}},"111":{"start":{"line":199,"column":6},"end":{"line":199,"column":null}},"112":{"start":{"line":204,"column":4},"end":{"line":204,"column":null}},"113":{"start":{"line":204,"column":43},"end":{"line":204,"column":null}},"114":{"start":{"line":206,"column":4},"end":{"line":206,"column":null}},"115":{"start":{"line":207,"column":4},"end":{"line":207,"column":null}},"116":{"start":{"line":207,"column":20},"end":{"line":207,"column":null}},"117":{"start":{"line":208,"column":4},"end":{"line":208,"column":null}},"118":{"start":{"line":208,"column":20},"end":{"line":208,"column":null}},"119":{"start":{"line":212,"column":4},"end":{"line":212,"column":null}},"120":{"start":{"line":212,"column":51},"end":{"line":212,"column":null}},"121":{"start":{"line":213,"column":16},"end":{"line":213,"column":null}},"122":{"start":{"line":214,"column":4},"end":{"line":214,"column":null}},"123":{"start":{"line":214,"column":40},"end":{"line":214,"column":null}},"124":{"start":{"line":215,"column":4},"end":{"line":215,"column":null}},"125":{"start":{"line":218,"column":16},"end":{"line":218,"column":null}},"126":{"start":{"line":219,"column":17},"end":{"line":219,"column":null}},"127":{"start":{"line":220,"column":4},"end":{"line":220,"column":null}},"128":{"start":{"line":221,"column":4},"end":{"line":221,"column":null}},"129":{"start":{"line":222,"column":4},"end":{"line":222,"column":null}},"130":{"start":{"line":223,"column":4},"end":{"line":223,"column":null}},"131":{"start":{"line":224,"column":4},"end":{"line":224,"column":null}},"132":{"start":{"line":225,"column":4},"end":{"line":225,"column":null}},"133":{"start":{"line":226,"column":4},"end":{"line":226,"column":null}},"134":{"start":{"line":227,"column":4},"end":{"line":227,"column":null}},"135":{"start":{"line":228,"column":4},"end":{"line":228,"column":null}},"136":{"start":{"line":232,"column":4},"end":{"line":232,"column":null}},"137":{"start":{"line":232,"column":51},"end":{"line":232,"column":null}},"138":{"start":{"line":233,"column":16},"end":{"line":233,"column":null}},"139":{"start":{"line":234,"column":4},"end":{"line":234,"column":null}},"140":{"start":{"line":234,"column":39},"end":{"line":234,"column":null}},"141":{"start":{"line":235,"column":4},"end":{"line":235,"column":null}},"142":{"start":{"line":237,"column":16},"end":{"line":237,"column":null}},"143":{"start":{"line":238,"column":17},"end":{"line":238,"column":null}},"144":{"start":{"line":239,"column":4},"end":{"line":239,"column":null}},"145":{"start":{"line":240,"column":4},"end":{"line":240,"column":null}},"146":{"start":{"line":241,"column":4},"end":{"line":241,"column":null}},"147":{"start":{"line":242,"column":4},"end":{"line":242,"column":null}},"148":{"start":{"line":243,"column":4},"end":{"line":243,"column":null}},"149":{"start":{"line":244,"column":4},"end":{"line":244,"column":null}},"150":{"start":{"line":245,"column":4},"end":{"line":245,"column":null}},"151":{"start":{"line":246,"column":4},"end":{"line":246,"column":null}},"152":{"start":{"line":247,"column":4},"end":{"line":247,"column":null}},"153":{"start":{"line":251,"column":4},"end":{"line":251,"column":null}},"154":{"start":{"line":252,"column":4},"end":{"line":252,"column":null}},"155":{"start":{"line":252,"column":39},"end":{"line":252,"column":null}},"156":{"start":{"line":253,"column":4},"end":{"line":253,"column":null}},"157":{"start":{"line":253,"column":36},"end":{"line":253,"column":null}},"158":{"start":{"line":254,"column":4},"end":{"line":254,"column":null}},"159":{"start":{"line":258,"column":4},"end":{"line":258,"column":null}},"160":{"start":{"line":259,"column":4},"end":{"line":259,"column":null}},"161":{"start":{"line":259,"column":40},"end":{"line":259,"column":null}},"162":{"start":{"line":260,"column":4},"end":{"line":260,"column":null}},"163":{"start":{"line":260,"column":36},"end":{"line":260,"column":null}},"164":{"start":{"line":261,"column":4},"end":{"line":261,"column":null}},"165":{"start":{"line":265,"column":4},"end":{"line":265,"column":null}},"166":{"start":{"line":266,"column":4},"end":{"line":266,"column":null}},"167":{"start":{"line":266,"column":39},"end":{"line":266,"column":null}},"168":{"start":{"line":267,"column":4},"end":{"line":267,"column":null}},"169":{"start":{"line":267,"column":36},"end":{"line":267,"column":null}},"170":{"start":{"line":268,"column":4},"end":{"line":268,"column":null}},"171":{"start":{"line":272,"column":4},"end":{"line":272,"column":null}},"172":{"start":{"line":273,"column":4},"end":{"line":273,"column":null}},"173":{"start":{"line":273,"column":19},"end":{"line":273,"column":null}},"174":{"start":{"line":275,"column":4},"end":{"line":277,"column":null}},"175":{"start":{"line":276,"column":6},"end":{"line":276,"column":null}},"176":{"start":{"line":279,"column":4},"end":{"line":279,"column":null}},"177":{"start":{"line":281,"column":4},"end":{"line":304,"column":null}},"178":{"start":{"line":282,"column":25},"end":{"line":282,"column":null}},"179":{"start":{"line":285,"column":6},"end":{"line":288,"column":null}},"180":{"start":{"line":286,"column":8},"end":{"line":286,"column":null}},"181":{"start":{"line":287,"column":8},"end":{"line":287,"column":null}},"182":{"start":{"line":290,"column":6},"end":{"line":299,"column":null}},"183":{"start":{"line":291,"column":8},"end":{"line":298,"column":null}},"184":{"start":{"line":292,"column":10},"end":{"line":295,"column":null}},"185":{"start":{"line":293,"column":12},"end":{"line":293,"column":null}},"186":{"start":{"line":294,"column":12},"end":{"line":294,"column":null}},"187":{"start":{"line":301,"column":6},"end":{"line":303,"column":null}},"188":{"start":{"line":302,"column":8},"end":{"line":302,"column":null}},"189":{"start":{"line":308,"column":4},"end":{"line":308,"column":null}},"190":{"start":{"line":309,"column":4},"end":{"line":312,"column":null}},"191":{"start":{"line":310,"column":6},"end":{"line":310,"column":null}},"192":{"start":{"line":311,"column":6},"end":{"line":311,"column":null}},"193":{"start":{"line":313,"column":4},"end":{"line":313,"column":null}},"194":{"start":{"line":313,"column":20},"end":{"line":313,"column":null}},"195":{"start":{"line":314,"column":4},"end":{"line":314,"column":null}},"196":{"start":{"line":314,"column":20},"end":{"line":314,"column":null}},"197":{"start":{"line":318,"column":4},"end":{"line":318,"column":null}},"198":{"start":{"line":318,"column":58},"end":{"line":318,"column":null}},"199":{"start":{"line":320,"column":17},"end":{"line":320,"column":null}},"200":{"start":{"line":321,"column":16},"end":{"line":321,"column":null}},"201":{"start":{"line":322,"column":17},"end":{"line":322,"column":null}},"202":{"start":{"line":324,"column":4},"end":{"line":324,"column":null}},"203":{"start":{"line":325,"column":4},"end":{"line":325,"column":null}},"204":{"start":{"line":327,"column":16},"end":{"line":327,"column":null}},"205":{"start":{"line":328,"column":19},"end":{"line":328,"column":null}},"206":{"start":{"line":329,"column":20},"end":{"line":329,"column":null}},"207":{"start":{"line":331,"column":4},"end":{"line":331,"column":null}},"208":{"start":{"line":332,"column":4},"end":{"line":332,"column":null}},"209":{"start":{"line":333,"column":4},"end":{"line":333,"column":null}},"210":{"start":{"line":335,"column":4},"end":{"line":335,"column":null}},"211":{"start":{"line":336,"column":4},"end":{"line":336,"column":null}},"212":{"start":{"line":338,"column":4},"end":{"line":338,"column":null}},"213":{"start":{"line":339,"column":4},"end":{"line":339,"column":null}},"214":{"start":{"line":341,"column":10},"end":{"line":341,"column":null}},"215":{"start":{"line":342,"column":4},"end":{"line":342,"column":null}},"216":{"start":{"line":342,"column":48},"end":{"line":342,"column":72}},"217":{"start":{"line":346,"column":4},"end":{"line":346,"column":null}},"218":{"start":{"line":347,"column":4},"end":{"line":347,"column":null}},"219":{"start":{"line":347,"column":40},"end":{"line":347,"column":null}},"220":{"start":{"line":348,"column":4},"end":{"line":348,"column":null}},"221":{"start":{"line":348,"column":36},"end":{"line":348,"column":null}},"222":{"start":{"line":349,"column":4},"end":{"line":349,"column":null}},"223":{"start":{"line":361,"column":4},"end":{"line":361,"column":null}},"224":{"start":{"line":362,"column":4},"end":{"line":362,"column":null}},"225":{"start":{"line":362,"column":36},"end":{"line":362,"column":null}},"226":{"start":{"line":365,"column":16},"end":{"line":365,"column":null}},"227":{"start":{"line":366,"column":4},"end":{"line":391,"column":null}},"228":{"start":{"line":367,"column":28},"end":{"line":367,"column":null}},"229":{"start":{"line":368,"column":6},"end":{"line":368,"column":null}},"230":{"start":{"line":368,"column":20},"end":{"line":368,"column":null}},"231":{"start":{"line":370,"column":18},"end":{"line":370,"column":null}},"232":{"start":{"line":371,"column":23},"end":{"line":371,"column":null}},"233":{"start":{"line":372,"column":28},"end":{"line":372,"column":null}},"234":{"start":{"line":373,"column":20},"end":{"line":373,"column":null}},"235":{"start":{"line":375,"column":6},"end":{"line":377,"column":null}},"236":{"start":{"line":376,"column":8},"end":{"line":376,"column":null}},"237":{"start":{"line":378,"column":6},"end":{"line":378,"column":null}},"238":{"start":{"line":380,"column":60},"end":{"line":380,"column":null}},"239":{"start":{"line":381,"column":6},"end":{"line":384,"column":null}},"240":{"start":{"line":381,"column":27},"end":{"line":381,"column":null}},"241":{"start":{"line":382,"column":11},"end":{"line":384,"column":null}},"242":{"start":{"line":382,"column":33},"end":{"line":382,"column":null}},"243":{"start":{"line":383,"column":11},"end":{"line":384,"column":null}},"244":{"start":{"line":383,"column":35},"end":{"line":383,"column":null}},"245":{"start":{"line":384,"column":11},"end":{"line":384,"column":null}},"246":{"start":{"line":384,"column":34},"end":{"line":384,"column":null}},"247":{"start":{"line":386,"column":6},"end":{"line":388,"column":null}},"248":{"start":{"line":387,"column":8},"end":{"line":387,"column":null}},"249":{"start":{"line":390,"column":6},"end":{"line":390,"column":null}},"250":{"start":{"line":397,"column":4},"end":{"line":397,"column":null}},"251":{"start":{"line":398,"column":4},"end":{"line":400,"column":null}},"252":{"start":{"line":399,"column":6},"end":{"line":399,"column":null}},"253":{"start":{"line":402,"column":4},"end":{"line":415,"column":null}},"254":{"start":{"line":403,"column":25},"end":{"line":403,"column":null}},"255":{"start":{"line":404,"column":6},"end":{"line":414,"column":null}},"256":{"start":{"line":405,"column":8},"end":{"line":407,"column":null}},"257":{"start":{"line":406,"column":10},"end":{"line":406,"column":null}},"258":{"start":{"line":408,"column":8},"end":{"line":413,"column":null}},"259":{"start":{"line":409,"column":10},"end":{"line":412,"column":null}},"260":{"start":{"line":410,"column":12},"end":{"line":410,"column":null}},"261":{"start":{"line":411,"column":12},"end":{"line":411,"column":null}},"262":{"start":{"line":417,"column":4},"end":{"line":417,"column":null}},"263":{"start":{"line":417,"column":39},"end":{"line":417,"column":null}},"264":{"start":{"line":419,"column":4},"end":{"line":419,"column":null}},"265":{"start":{"line":419,"column":36},"end":{"line":419,"column":null}},"266":{"start":{"line":421,"column":16},"end":{"line":421,"column":null}},"267":{"start":{"line":423,"column":4},"end":{"line":423,"column":null}},"268":{"start":{"line":423,"column":89},"end":{"line":423,"column":null}},"269":{"start":{"line":424,"column":4},"end":{"line":424,"column":null}},"270":{"start":{"line":426,"column":16},"end":{"line":426,"column":null}},"271":{"start":{"line":427,"column":17},"end":{"line":427,"column":null}},"272":{"start":{"line":429,"column":4},"end":{"line":429,"column":null}},"273":{"start":{"line":430,"column":4},"end":{"line":430,"column":null}},"274":{"start":{"line":431,"column":4},"end":{"line":431,"column":null}},"275":{"start":{"line":433,"column":4},"end":{"line":433,"column":null}},"276":{"start":{"line":434,"column":4},"end":{"line":434,"column":null}},"277":{"start":{"line":435,"column":4},"end":{"line":435,"column":null}},"278":{"start":{"line":437,"column":4},"end":{"line":437,"column":null}},"279":{"start":{"line":438,"column":4},"end":{"line":438,"column":null}},"280":{"start":{"line":440,"column":4},"end":{"line":440,"column":null}},"281":{"start":{"line":441,"column":4},"end":{"line":441,"column":null}},"282":{"start":{"line":445,"column":4},"end":{"line":445,"column":null}},"283":{"start":{"line":446,"column":4},"end":{"line":446,"column":null}},"284":{"start":{"line":446,"column":39},"end":{"line":446,"column":null}},"285":{"start":{"line":447,"column":4},"end":{"line":447,"column":null}},"286":{"start":{"line":447,"column":36},"end":{"line":447,"column":null}},"287":{"start":{"line":448,"column":4},"end":{"line":448,"column":null}},"288":{"start":{"line":452,"column":4},"end":{"line":452,"column":null}},"289":{"start":{"line":454,"column":16},"end":{"line":454,"column":null}},"290":{"start":{"line":455,"column":4},"end":{"line":466,"column":null}},"291":{"start":{"line":456,"column":28},"end":{"line":456,"column":null}},"292":{"start":{"line":457,"column":6},"end":{"line":457,"column":null}},"293":{"start":{"line":457,"column":20},"end":{"line":457,"column":null}},"294":{"start":{"line":459,"column":6},"end":{"line":459,"column":null}},"295":{"start":{"line":459,"column":55},"end":{"line":459,"column":null}},"296":{"start":{"line":461,"column":18},"end":{"line":461,"column":null}},"297":{"start":{"line":462,"column":22},"end":{"line":462,"column":null}},"298":{"start":{"line":463,"column":6},"end":{"line":463,"column":null}},"299":{"start":{"line":463,"column":28},"end":{"line":463,"column":null}},"300":{"start":{"line":465,"column":6},"end":{"line":465,"column":null}},"301":{"start":{"line":470,"column":4},"end":{"line":475,"column":null}},"302":{"start":{"line":470,"column":26},"end":{"line":470,"column":null}},"303":{"start":{"line":471,"column":9},"end":{"line":475,"column":null}},"304":{"start":{"line":471,"column":30},"end":{"line":471,"column":null}},"305":{"start":{"line":472,"column":9},"end":{"line":475,"column":null}},"306":{"start":{"line":472,"column":30},"end":{"line":472,"column":null}},"307":{"start":{"line":473,"column":9},"end":{"line":475,"column":null}},"308":{"start":{"line":473,"column":30},"end":{"line":473,"column":null}},"309":{"start":{"line":474,"column":9},"end":{"line":475,"column":null}},"310":{"start":{"line":474,"column":31},"end":{"line":474,"column":null}},"311":{"start":{"line":475,"column":9},"end":{"line":475,"column":null}},"312":{"start":{"line":479,"column":21},"end":{"line":479,"column":null}}},"fnMap":{"0":{"name":"init","decl":{"start":{"line":53,"column":2},"end":{"line":53,"column":10}},"loc":{"start":{"line":53,"column":17},"end":{"line":71,"column":null}},"line":53},"1":{"name":"loadCustomAssets","decl":{"start":{"line":73,"column":16},"end":{"line":73,"column":35}},"loc":{"start":{"line":73,"column":35},"end":{"line":114,"column":null}},"line":73},"2":{"name":"playCustomSfx","decl":{"start":{"line":116,"column":2},"end":{"line":116,"column":10}},"loc":{"start":{"line":116,"column":122},"end":{"line":127,"column":null}},"line":116},"3":{"name":"setVolumes","decl":{"start":{"line":129,"column":2},"end":{"line":129,"column":9}},"loc":{"start":{"line":129,"column":64},"end":{"line":132,"column":null}},"line":129},"4":{"name":"updateVolumes","decl":{"start":{"line":134,"column":2},"end":{"line":134,"column":10}},"loc":{"start":{"line":134,"column":26},"end":{"line":142,"column":null}},"line":134},"5":{"name":"updateTimeOfDay","decl":{"start":{"line":144,"column":2},"end":{"line":144,"column":9}},"loc":{"start":{"line":144,"column":72},"end":{"line":157,"column":null}},"line":144},"6":{"name":"crossfadeTo","decl":{"start":{"line":159,"column":2},"end":{"line":159,"column":10}},"loc":{"start":{"line":159,"column":41},"end":{"line":201,"column":null}},"line":159},"7":{"name":"(anonymous_7)","decl":{"start":{"line":178,"column":20},"end":{"line":178,"column":31}},"loc":{"start":{"line":178,"column":31},"end":{"line":197,"column":5}},"line":178},"8":{"name":"(anonymous_8)","decl":{"start":{"line":192,"column":6},"end":{"line":192,"column":23}},"loc":{"start":{"line":192,"column":23},"end":{"line":195,"column":9}},"line":192},"9":{"name":"(anonymous_9)","decl":{"start":{"line":197,"column":7},"end":{"line":197,"column":14}},"loc":{"start":{"line":197,"column":22},"end":{"line":200,"column":5}},"line":197},"10":{"name":"setPlaybackRate","decl":{"start":{"line":203,"column":2},"end":{"line":203,"column":9}},"loc":{"start":{"line":203,"column":39},"end":{"line":209,"column":null}},"line":203},"11":{"name":"playUITick","decl":{"start":{"line":211,"column":2},"end":{"line":211,"column":9}},"loc":{"start":{"line":211,"column":22},"end":{"line":229,"column":null}},"line":211},"12":{"name":"playUIPop","decl":{"start":{"line":231,"column":2},"end":{"line":231,"column":9}},"loc":{"start":{"line":231,"column":21},"end":{"line":248,"column":null}},"line":231},"13":{"name":"playPop","decl":{"start":{"line":250,"column":2},"end":{"line":250,"column":9}},"loc":{"start":{"line":250,"column":19},"end":{"line":255,"column":null}},"line":250},"14":{"name":"playZap","decl":{"start":{"line":257,"column":2},"end":{"line":257,"column":9}},"loc":{"start":{"line":257,"column":19},"end":{"line":262,"column":null}},"line":257},"15":{"name":"playCrunch","decl":{"start":{"line":264,"column":2},"end":{"line":264,"column":9}},"loc":{"start":{"line":264,"column":22},"end":{"line":269,"column":null}},"line":264},"16":{"name":"startBGM","decl":{"start":{"line":271,"column":2},"end":{"line":271,"column":9}},"loc":{"start":{"line":271,"column":20},"end":{"line":305,"column":null}},"line":271},"17":{"name":"(anonymous_17)","decl":{"start":{"line":291,"column":26},"end":{"line":291,"column":37}},"loc":{"start":{"line":291,"column":37},"end":{"line":296,"column":9}},"line":291},"18":{"name":"(anonymous_18)","decl":{"start":{"line":296,"column":11},"end":{"line":296,"column":23}},"loc":{"start":{"line":296,"column":23},"end":{"line":298,"column":9}},"line":296},"19":{"name":"stopBGM","decl":{"start":{"line":307,"column":2},"end":{"line":307,"column":9}},"loc":{"start":{"line":307,"column":19},"end":{"line":315,"column":null}},"line":307},"20":{"name":"playNextBgmNote","decl":{"start":{"line":317,"column":2},"end":{"line":317,"column":10}},"loc":{"start":{"line":317,"column":28},"end":{"line":343,"column":null}},"line":317},"21":{"name":"(anonymous_21)","decl":{"start":{"line":342,"column":31},"end":{"line":342,"column":48}},"loc":{"start":{"line":342,"column":48},"end":{"line":342,"column":72}},"line":342},"22":{"name":"playSpawn","decl":{"start":{"line":345,"column":2},"end":{"line":345,"column":9}},"loc":{"start":{"line":345,"column":21},"end":{"line":350,"column":null}},"line":345},"23":{"name":"playCreatureEvent","decl":{"start":{"line":354,"column":2},"end":{"line":354,"column":9}},"loc":{"start":{"line":360,"column":4},"end":{"line":392,"column":null}},"line":360},"24":{"name":"playUIClick","decl":{"start":{"line":396,"column":2},"end":{"line":396,"column":9}},"loc":{"start":{"line":396,"column":23},"end":{"line":442,"column":null}},"line":396},"25":{"name":"(anonymous_25)","decl":{"start":{"line":408,"column":26},"end":{"line":408,"column":37}},"loc":{"start":{"line":408,"column":37},"end":{"line":413,"column":9}},"line":408},"26":{"name":"(anonymous_26)","decl":{"start":{"line":413,"column":11},"end":{"line":413,"column":23}},"loc":{"start":{"line":413,"column":23},"end":{"line":413,"column":25}},"line":413},"27":{"name":"playHeal","decl":{"start":{"line":444,"column":2},"end":{"line":444,"column":10}},"loc":{"start":{"line":444,"column":21},"end":{"line":449,"column":null}},"line":444},"28":{"name":"playLevelUp","decl":{"start":{"line":451,"column":2},"end":{"line":451,"column":9}},"loc":{"start":{"line":451,"column":43},"end":{"line":467,"column":null}},"line":451},"29":{"name":"playGodTool","decl":{"start":{"line":469,"column":2},"end":{"line":469,"column":9}},"loc":{"start":{"line":469,"column":94},"end":{"line":476,"column":null}},"line":469}},"branchMap":{"0":{"loc":{"start":{"line":54,"column":4},"end":{"line":54,"column":null}},"type":"if","locations":[{"start":{"line":54,"column":4},"end":{"line":54,"column":null}},{"start":{},"end":{}}],"line":54},"1":{"loc":{"start":{"line":56,"column":22},"end":{"line":56,"column":81}},"type":"binary-expr","locations":[{"start":{"line":56,"column":22},"end":{"line":56,"column":46}},{"start":{"line":56,"column":46},"end":{"line":56,"column":81}}],"line":56},"2":{"loc":{"start":{"line":74,"column":4},"end":{"line":74,"column":null}},"type":"if","locations":[{"start":{"line":74,"column":4},"end":{"line":74,"column":null}},{"start":{},"end":{}}],"line":74},"3":{"loc":{"start":{"line":74,"column":8},"end":{"line":74,"column":42}},"type":"binary-expr","locations":[{"start":{"line":74,"column":8},"end":{"line":74,"column":31}},{"start":{"line":74,"column":31},"end":{"line":74,"column":42}}],"line":74},"4":{"loc":{"start":{"line":91,"column":4},"end":{"line":94,"column":null}},"type":"if","locations":[{"start":{"line":91,"column":4},"end":{"line":94,"column":null}},{"start":{},"end":{}}],"line":91},"5":{"loc":{"start":{"line":105,"column":8},"end":{"line":109,"column":null}},"type":"if","locations":[{"start":{"line":105,"column":8},"end":{"line":109,"column":null}},{"start":{},"end":{}}],"line":105},"6":{"loc":{"start":{"line":116,"column":60},"end":{"line":116,"column":85}},"type":"default-arg","locations":[{"start":{"line":116,"column":80},"end":{"line":116,"column":85}}],"line":116},"7":{"loc":{"start":{"line":116,"column":85},"end":{"line":116,"column":122}},"type":"default-arg","locations":[{"start":{"line":116,"column":108},"end":{"line":116,"column":122}}],"line":116},"8":{"loc":{"start":{"line":117,"column":4},"end":{"line":117,"column":null}},"type":"if","locations":[{"start":{"line":117,"column":4},"end":{"line":117,"column":null}},{"start":{},"end":{}}],"line":117},"9":{"loc":{"start":{"line":117,"column":8},"end":{"line":117,"column":61}},"type":"binary-expr","locations":[{"start":{"line":117,"column":8},"end":{"line":117,"column":21}},{"start":{"line":117,"column":21},"end":{"line":117,"column":38}},{"start":{"line":117,"column":38},"end":{"line":117,"column":61}}],"line":117},"10":{"loc":{"start":{"line":135,"column":4},"end":{"line":135,"column":null}},"type":"if","locations":[{"start":{"line":135,"column":4},"end":{"line":135,"column":null}},{"start":{},"end":{}}],"line":135},"11":{"loc":{"start":{"line":135,"column":8},"end":{"line":135,"column":73}},"type":"binary-expr","locations":[{"start":{"line":135,"column":8},"end":{"line":135,"column":21}},{"start":{"line":135,"column":21},"end":{"line":135,"column":41}},{"start":{"line":135,"column":41},"end":{"line":135,"column":58}},{"start":{"line":135,"column":58},"end":{"line":135,"column":73}}],"line":135},"12":{"loc":{"start":{"line":144,"column":44},"end":{"line":144,"column":72}},"type":"default-arg","locations":[{"start":{"line":144,"column":63},"end":{"line":144,"column":72}}],"line":144},"13":{"loc":{"start":{"line":145,"column":4},"end":{"line":145,"column":null}},"type":"if","locations":[{"start":{"line":145,"column":4},"end":{"line":145,"column":null}},{"start":{},"end":{}}],"line":145},"14":{"loc":{"start":{"line":145,"column":8},"end":{"line":145,"column":87}},"type":"binary-expr","locations":[{"start":{"line":145,"column":8},"end":{"line":145,"column":21}},{"start":{"line":145,"column":21},"end":{"line":145,"column":36}},{"start":{"line":145,"column":36},"end":{"line":145,"column":51}},{"start":{"line":145,"column":51},"end":{"line":145,"column":70}},{"start":{"line":145,"column":70},"end":{"line":145,"column":87}}],"line":145},"15":{"loc":{"start":{"line":150,"column":4},"end":{"line":152,"column":null}},"type":"if","locations":[{"start":{"line":150,"column":4},"end":{"line":152,"column":null}},{"start":{},"end":{}}],"line":150},"16":{"loc":{"start":{"line":150,"column":8},"end":{"line":150,"column":45}},"type":"binary-expr","locations":[{"start":{"line":150,"column":8},"end":{"line":150,"column":28}},{"start":{"line":150,"column":28},"end":{"line":150,"column":45}}],"line":150},"17":{"loc":{"start":{"line":154,"column":4},"end":{"line":154,"column":null}},"type":"if","locations":[{"start":{"line":154,"column":4},"end":{"line":154,"column":null}},{"start":{},"end":{}}],"line":154},"18":{"loc":{"start":{"line":154,"column":8},"end":{"line":154,"column":90}},"type":"binary-expr","locations":[{"start":{"line":154,"column":8},"end":{"line":154,"column":46}},{"start":{"line":154,"column":46},"end":{"line":154,"column":70}},{"start":{"line":154,"column":70},"end":{"line":154,"column":90}}],"line":154},"19":{"loc":{"start":{"line":160,"column":4},"end":{"line":160,"column":null}},"type":"if","locations":[{"start":{"line":160,"column":4},"end":{"line":160,"column":null}},{"start":{},"end":{}}],"line":160},"20":{"loc":{"start":{"line":160,"column":8},"end":{"line":160,"column":87}},"type":"binary-expr","locations":[{"start":{"line":160,"column":8},"end":{"line":160,"column":21}},{"start":{"line":160,"column":21},"end":{"line":160,"column":36}},{"start":{"line":160,"column":36},"end":{"line":160,"column":51}},{"start":{"line":160,"column":51},"end":{"line":160,"column":70}},{"start":{"line":160,"column":70},"end":{"line":160,"column":87}}],"line":160},"21":{"loc":{"start":{"line":169,"column":23},"end":{"line":169,"column":null}},"type":"cond-expr","locations":[{"start":{"line":169,"column":36},"end":{"line":169,"column":49}},{"start":{"line":169,"column":49},"end":{"line":169,"column":null}}],"line":169},"22":{"loc":{"start":{"line":170,"column":21},"end":{"line":170,"column":null}},"type":"cond-expr","locations":[{"start":{"line":170,"column":34},"end":{"line":170,"column":47}},{"start":{"line":170,"column":47},"end":{"line":170,"column":null}}],"line":170},"23":{"loc":{"start":{"line":171,"column":23},"end":{"line":171,"column":null}},"type":"cond-expr","locations":[{"start":{"line":171,"column":36},"end":{"line":171,"column":53}},{"start":{"line":171,"column":53},"end":{"line":171,"column":null}}],"line":171},"24":{"loc":{"start":{"line":172,"column":21},"end":{"line":172,"column":null}},"type":"cond-expr","locations":[{"start":{"line":172,"column":34},"end":{"line":172,"column":51}},{"start":{"line":172,"column":51},"end":{"line":172,"column":null}}],"line":172},"25":{"loc":{"start":{"line":189,"column":24},"end":{"line":189,"column":null}},"type":"cond-expr","locations":[{"start":{"line":189,"column":37},"end":{"line":189,"column":43}},{"start":{"line":189,"column":43},"end":{"line":189,"column":null}}],"line":189},"26":{"loc":{"start":{"line":204,"column":4},"end":{"line":204,"column":null}},"type":"if","locations":[{"start":{"line":204,"column":4},"end":{"line":204,"column":null}},{"start":{},"end":{}}],"line":204},"27":{"loc":{"start":{"line":207,"column":4},"end":{"line":207,"column":null}},"type":"if","locations":[{"start":{"line":207,"column":4},"end":{"line":207,"column":null}},{"start":{},"end":{}}],"line":207},"28":{"loc":{"start":{"line":208,"column":4},"end":{"line":208,"column":null}},"type":"if","locations":[{"start":{"line":208,"column":4},"end":{"line":208,"column":null}},{"start":{},"end":{}}],"line":208},"29":{"loc":{"start":{"line":212,"column":4},"end":{"line":212,"column":null}},"type":"if","locations":[{"start":{"line":212,"column":4},"end":{"line":212,"column":null}},{"start":{},"end":{}}],"line":212},"30":{"loc":{"start":{"line":212,"column":8},"end":{"line":212,"column":51}},"type":"binary-expr","locations":[{"start":{"line":212,"column":8},"end":{"line":212,"column":21}},{"start":{"line":212,"column":21},"end":{"line":212,"column":51}}],"line":212},"31":{"loc":{"start":{"line":214,"column":4},"end":{"line":214,"column":null}},"type":"if","locations":[{"start":{"line":214,"column":4},"end":{"line":214,"column":null}},{"start":{},"end":{}}],"line":214},"32":{"loc":{"start":{"line":232,"column":4},"end":{"line":232,"column":null}},"type":"if","locations":[{"start":{"line":232,"column":4},"end":{"line":232,"column":null}},{"start":{},"end":{}}],"line":232},"33":{"loc":{"start":{"line":232,"column":8},"end":{"line":232,"column":51}},"type":"binary-expr","locations":[{"start":{"line":232,"column":8},"end":{"line":232,"column":21}},{"start":{"line":232,"column":21},"end":{"line":232,"column":51}}],"line":232},"34":{"loc":{"start":{"line":234,"column":4},"end":{"line":234,"column":null}},"type":"if","locations":[{"start":{"line":234,"column":4},"end":{"line":234,"column":null}},{"start":{},"end":{}}],"line":234},"35":{"loc":{"start":{"line":252,"column":4},"end":{"line":252,"column":null}},"type":"if","locations":[{"start":{"line":252,"column":4},"end":{"line":252,"column":null}},{"start":{},"end":{}}],"line":252},"36":{"loc":{"start":{"line":253,"column":4},"end":{"line":253,"column":null}},"type":"if","locations":[{"start":{"line":253,"column":4},"end":{"line":253,"column":null}},{"start":{},"end":{}}],"line":253},"37":{"loc":{"start":{"line":253,"column":8},"end":{"line":253,"column":36}},"type":"binary-expr","locations":[{"start":{"line":253,"column":8},"end":{"line":253,"column":21}},{"start":{"line":253,"column":21},"end":{"line":253,"column":36}}],"line":253},"38":{"loc":{"start":{"line":259,"column":4},"end":{"line":259,"column":null}},"type":"if","locations":[{"start":{"line":259,"column":4},"end":{"line":259,"column":null}},{"start":{},"end":{}}],"line":259},"39":{"loc":{"start":{"line":260,"column":4},"end":{"line":260,"column":null}},"type":"if","locations":[{"start":{"line":260,"column":4},"end":{"line":260,"column":null}},{"start":{},"end":{}}],"line":260},"40":{"loc":{"start":{"line":260,"column":8},"end":{"line":260,"column":36}},"type":"binary-expr","locations":[{"start":{"line":260,"column":8},"end":{"line":260,"column":21}},{"start":{"line":260,"column":21},"end":{"line":260,"column":36}}],"line":260},"41":{"loc":{"start":{"line":266,"column":4},"end":{"line":266,"column":null}},"type":"if","locations":[{"start":{"line":266,"column":4},"end":{"line":266,"column":null}},{"start":{},"end":{}}],"line":266},"42":{"loc":{"start":{"line":267,"column":4},"end":{"line":267,"column":null}},"type":"if","locations":[{"start":{"line":267,"column":4},"end":{"line":267,"column":null}},{"start":{},"end":{}}],"line":267},"43":{"loc":{"start":{"line":267,"column":8},"end":{"line":267,"column":36}},"type":"binary-expr","locations":[{"start":{"line":267,"column":8},"end":{"line":267,"column":21}},{"start":{"line":267,"column":21},"end":{"line":267,"column":36}}],"line":267},"44":{"loc":{"start":{"line":273,"column":4},"end":{"line":273,"column":null}},"type":"if","locations":[{"start":{"line":273,"column":4},"end":{"line":273,"column":null}},{"start":{},"end":{}}],"line":273},"45":{"loc":{"start":{"line":275,"column":4},"end":{"line":277,"column":null}},"type":"if","locations":[{"start":{"line":275,"column":4},"end":{"line":277,"column":null}},{"start":{},"end":{}}],"line":275},"46":{"loc":{"start":{"line":281,"column":4},"end":{"line":304,"column":null}},"type":"if","locations":[{"start":{"line":281,"column":4},"end":{"line":304,"column":null}},{"start":{"line":300,"column":11},"end":{"line":304,"column":null}}],"line":281},"47":{"loc":{"start":{"line":281,"column":8},"end":{"line":281,"column":34}},"type":"binary-expr","locations":[{"start":{"line":281,"column":8},"end":{"line":281,"column":22}},{"start":{"line":281,"column":22},"end":{"line":281,"column":34}}],"line":281},"48":{"loc":{"start":{"line":282,"column":25},"end":{"line":282,"column":null}},"type":"cond-expr","locations":[{"start":{"line":282,"column":51},"end":{"line":282,"column":64}},{"start":{"line":282,"column":64},"end":{"line":282,"column":null}}],"line":282},"49":{"loc":{"start":{"line":285,"column":6},"end":{"line":288,"column":null}},"type":"if","locations":[{"start":{"line":285,"column":6},"end":{"line":288,"column":null}},{"start":{},"end":{}}],"line":285},"50":{"loc":{"start":{"line":290,"column":6},"end":{"line":299,"column":null}},"type":"if","locations":[{"start":{"line":290,"column":6},"end":{"line":299,"column":null}},{"start":{},"end":{}}],"line":290},"51":{"loc":{"start":{"line":292,"column":10},"end":{"line":295,"column":null}},"type":"if","locations":[{"start":{"line":292,"column":10},"end":{"line":295,"column":null}},{"start":{},"end":{}}],"line":292},"52":{"loc":{"start":{"line":301,"column":6},"end":{"line":303,"column":null}},"type":"if","locations":[{"start":{"line":301,"column":6},"end":{"line":303,"column":null}},{"start":{},"end":{}}],"line":301},"53":{"loc":{"start":{"line":309,"column":4},"end":{"line":312,"column":null}},"type":"if","locations":[{"start":{"line":309,"column":4},"end":{"line":312,"column":null}},{"start":{},"end":{}}],"line":309},"54":{"loc":{"start":{"line":313,"column":4},"end":{"line":313,"column":null}},"type":"if","locations":[{"start":{"line":313,"column":4},"end":{"line":313,"column":null}},{"start":{},"end":{}}],"line":313},"55":{"loc":{"start":{"line":314,"column":4},"end":{"line":314,"column":null}},"type":"if","locations":[{"start":{"line":314,"column":4},"end":{"line":314,"column":null}},{"start":{},"end":{}}],"line":314},"56":{"loc":{"start":{"line":318,"column":4},"end":{"line":318,"column":null}},"type":"if","locations":[{"start":{"line":318,"column":4},"end":{"line":318,"column":null}},{"start":{},"end":{}}],"line":318},"57":{"loc":{"start":{"line":318,"column":8},"end":{"line":318,"column":58}},"type":"binary-expr","locations":[{"start":{"line":318,"column":8},"end":{"line":318,"column":30}},{"start":{"line":318,"column":30},"end":{"line":318,"column":43}},{"start":{"line":318,"column":43},"end":{"line":318,"column":58}}],"line":318},"58":{"loc":{"start":{"line":347,"column":4},"end":{"line":347,"column":null}},"type":"if","locations":[{"start":{"line":347,"column":4},"end":{"line":347,"column":null}},{"start":{},"end":{}}],"line":347},"59":{"loc":{"start":{"line":348,"column":4},"end":{"line":348,"column":null}},"type":"if","locations":[{"start":{"line":348,"column":4},"end":{"line":348,"column":null}},{"start":{},"end":{}}],"line":348},"60":{"loc":{"start":{"line":348,"column":8},"end":{"line":348,"column":36}},"type":"binary-expr","locations":[{"start":{"line":348,"column":8},"end":{"line":348,"column":21}},{"start":{"line":348,"column":21},"end":{"line":348,"column":36}}],"line":348},"61":{"loc":{"start":{"line":362,"column":4},"end":{"line":362,"column":null}},"type":"if","locations":[{"start":{"line":362,"column":4},"end":{"line":362,"column":null}},{"start":{},"end":{}}],"line":362},"62":{"loc":{"start":{"line":362,"column":8},"end":{"line":362,"column":36}},"type":"binary-expr","locations":[{"start":{"line":362,"column":8},"end":{"line":362,"column":21}},{"start":{"line":362,"column":21},"end":{"line":362,"column":36}}],"line":362},"63":{"loc":{"start":{"line":366,"column":4},"end":{"line":391,"column":null}},"type":"if","locations":[{"start":{"line":366,"column":4},"end":{"line":391,"column":null}},{"start":{},"end":{}}],"line":366},"64":{"loc":{"start":{"line":368,"column":6},"end":{"line":368,"column":null}},"type":"if","locations":[{"start":{"line":368,"column":6},"end":{"line":368,"column":null}},{"start":{},"end":{}}],"line":368},"65":{"loc":{"start":{"line":373,"column":20},"end":{"line":373,"column":null}},"type":"binary-expr","locations":[{"start":{"line":373,"column":20},"end":{"line":373,"column":44}},{"start":{"line":373,"column":44},"end":{"line":373,"column":null}}],"line":373},"66":{"loc":{"start":{"line":375,"column":6},"end":{"line":377,"column":null}},"type":"if","locations":[{"start":{"line":375,"column":6},"end":{"line":377,"column":null}},{"start":{},"end":{}}],"line":375},"67":{"loc":{"start":{"line":375,"column":10},"end":{"line":375,"column":90}},"type":"binary-expr","locations":[{"start":{"line":375,"column":10},"end":{"line":375,"column":44}},{"start":{"line":375,"column":44},"end":{"line":375,"column":90}}],"line":375},"68":{"loc":{"start":{"line":381,"column":6},"end":{"line":384,"column":null}},"type":"if","locations":[{"start":{"line":381,"column":6},"end":{"line":384,"column":null}},{"start":{"line":382,"column":11},"end":{"line":384,"column":null}}],"line":381},"69":{"loc":{"start":{"line":382,"column":11},"end":{"line":384,"column":null}},"type":"if","locations":[{"start":{"line":382,"column":11},"end":{"line":384,"column":null}},{"start":{"line":383,"column":11},"end":{"line":384,"column":null}}],"line":382},"70":{"loc":{"start":{"line":383,"column":11},"end":{"line":384,"column":null}},"type":"if","locations":[{"start":{"line":383,"column":11},"end":{"line":384,"column":null}},{"start":{"line":384,"column":11},"end":{"line":384,"column":null}}],"line":383},"71":{"loc":{"start":{"line":384,"column":11},"end":{"line":384,"column":null}},"type":"if","locations":[{"start":{"line":384,"column":11},"end":{"line":384,"column":null}},{"start":{},"end":{}}],"line":384},"72":{"loc":{"start":{"line":386,"column":6},"end":{"line":388,"column":null}},"type":"if","locations":[{"start":{"line":386,"column":6},"end":{"line":388,"column":null}},{"start":{},"end":{}}],"line":386},"73":{"loc":{"start":{"line":386,"column":10},"end":{"line":386,"column":81}},"type":"binary-expr","locations":[{"start":{"line":386,"column":10},"end":{"line":386,"column":23}},{"start":{"line":386,"column":23},"end":{"line":386,"column":81}}],"line":386},"74":{"loc":{"start":{"line":398,"column":4},"end":{"line":400,"column":null}},"type":"if","locations":[{"start":{"line":398,"column":4},"end":{"line":400,"column":null}},{"start":{},"end":{}}],"line":398},"75":{"loc":{"start":{"line":402,"column":4},"end":{"line":415,"column":null}},"type":"if","locations":[{"start":{"line":402,"column":4},"end":{"line":415,"column":null}},{"start":{},"end":{}}],"line":402},"76":{"loc":{"start":{"line":402,"column":8},"end":{"line":402,"column":55}},"type":"binary-expr","locations":[{"start":{"line":402,"column":8},"end":{"line":402,"column":29}},{"start":{"line":402,"column":29},"end":{"line":402,"column":43}},{"start":{"line":402,"column":43},"end":{"line":402,"column":55}}],"line":402},"77":{"loc":{"start":{"line":403,"column":25},"end":{"line":403,"column":null}},"type":"cond-expr","locations":[{"start":{"line":403,"column":51},"end":{"line":403,"column":64}},{"start":{"line":403,"column":64},"end":{"line":403,"column":null}}],"line":403},"78":{"loc":{"start":{"line":404,"column":6},"end":{"line":414,"column":null}},"type":"if","locations":[{"start":{"line":404,"column":6},"end":{"line":414,"column":null}},{"start":{},"end":{}}],"line":404},"79":{"loc":{"start":{"line":405,"column":8},"end":{"line":407,"column":null}},"type":"if","locations":[{"start":{"line":405,"column":8},"end":{"line":407,"column":null}},{"start":{},"end":{}}],"line":405},"80":{"loc":{"start":{"line":405,"column":12},"end":{"line":405,"column":53}},"type":"binary-expr","locations":[{"start":{"line":405,"column":12},"end":{"line":405,"column":31}},{"start":{"line":405,"column":31},"end":{"line":405,"column":53}}],"line":405},"81":{"loc":{"start":{"line":409,"column":10},"end":{"line":412,"column":null}},"type":"if","locations":[{"start":{"line":409,"column":10},"end":{"line":412,"column":null}},{"start":{},"end":{}}],"line":409},"82":{"loc":{"start":{"line":417,"column":4},"end":{"line":417,"column":null}},"type":"if","locations":[{"start":{"line":417,"column":4},"end":{"line":417,"column":null}},{"start":{},"end":{}}],"line":417},"83":{"loc":{"start":{"line":419,"column":4},"end":{"line":419,"column":null}},"type":"if","locations":[{"start":{"line":419,"column":4},"end":{"line":419,"column":null}},{"start":{},"end":{}}],"line":419},"84":{"loc":{"start":{"line":419,"column":8},"end":{"line":419,"column":36}},"type":"binary-expr","locations":[{"start":{"line":419,"column":8},"end":{"line":419,"column":21}},{"start":{"line":419,"column":21},"end":{"line":419,"column":36}}],"line":419},"85":{"loc":{"start":{"line":423,"column":4},"end":{"line":423,"column":null}},"type":"if","locations":[{"start":{"line":423,"column":4},"end":{"line":423,"column":null}},{"start":{},"end":{}}],"line":423},"86":{"loc":{"start":{"line":423,"column":8},"end":{"line":423,"column":89}},"type":"binary-expr","locations":[{"start":{"line":423,"column":8},"end":{"line":423,"column":43}},{"start":{"line":423,"column":43},"end":{"line":423,"column":89}}],"line":423},"87":{"loc":{"start":{"line":446,"column":4},"end":{"line":446,"column":null}},"type":"if","locations":[{"start":{"line":446,"column":4},"end":{"line":446,"column":null}},{"start":{},"end":{}}],"line":446},"88":{"loc":{"start":{"line":447,"column":4},"end":{"line":447,"column":null}},"type":"if","locations":[{"start":{"line":447,"column":4},"end":{"line":447,"column":null}},{"start":{},"end":{}}],"line":447},"89":{"loc":{"start":{"line":447,"column":8},"end":{"line":447,"column":36}},"type":"binary-expr","locations":[{"start":{"line":447,"column":8},"end":{"line":447,"column":21}},{"start":{"line":447,"column":21},"end":{"line":447,"column":36}}],"line":447},"90":{"loc":{"start":{"line":455,"column":4},"end":{"line":466,"column":null}},"type":"if","locations":[{"start":{"line":455,"column":4},"end":{"line":466,"column":null}},{"start":{},"end":{}}],"line":455},"91":{"loc":{"start":{"line":457,"column":6},"end":{"line":457,"column":null}},"type":"if","locations":[{"start":{"line":457,"column":6},"end":{"line":457,"column":null}},{"start":{},"end":{}}],"line":457},"92":{"loc":{"start":{"line":459,"column":6},"end":{"line":459,"column":null}},"type":"if","locations":[{"start":{"line":459,"column":6},"end":{"line":459,"column":null}},{"start":{},"end":{}}],"line":459},"93":{"loc":{"start":{"line":463,"column":6},"end":{"line":463,"column":null}},"type":"if","locations":[{"start":{"line":463,"column":6},"end":{"line":463,"column":null}},{"start":{},"end":{}}],"line":463},"94":{"loc":{"start":{"line":463,"column":10},"end":{"line":463,"column":28}},"type":"binary-expr","locations":[{"start":{"line":463,"column":10},"end":{"line":463,"column":18}},{"start":{"line":463,"column":18},"end":{"line":463,"column":28}}],"line":463},"95":{"loc":{"start":{"line":470,"column":4},"end":{"line":475,"column":null}},"type":"if","locations":[{"start":{"line":470,"column":4},"end":{"line":475,"column":null}},{"start":{"line":471,"column":9},"end":{"line":475,"column":null}}],"line":470},"96":{"loc":{"start":{"line":471,"column":9},"end":{"line":475,"column":null}},"type":"if","locations":[{"start":{"line":471,"column":9},"end":{"line":475,"column":null}},{"start":{"line":472,"column":9},"end":{"line":475,"column":null}}],"line":471},"97":{"loc":{"start":{"line":472,"column":9},"end":{"line":475,"column":null}},"type":"if","locations":[{"start":{"line":472,"column":9},"end":{"line":475,"column":null}},{"start":{"line":473,"column":9},"end":{"line":475,"column":null}}],"line":472},"98":{"loc":{"start":{"line":473,"column":9},"end":{"line":475,"column":null}},"type":"if","locations":[{"start":{"line":473,"column":9},"end":{"line":475,"column":null}},{"start":{"line":474,"column":9},"end":{"line":475,"column":null}}],"line":473},"99":{"loc":{"start":{"line":474,"column":9},"end":{"line":475,"column":null}},"type":"if","locations":[{"start":{"line":474,"column":9},"end":{"line":475,"column":null}},{"start":{"line":475,"column":9},"end":{"line":475,"column":null}}],"line":474}},"s":{"0":1,"1":1,"2":1,"3":1,"4":1,"5":1,"6":1,"7":1,"8":1,"9":1,"10":1,"11":1,"12":1,"13":1,"14":1,"15":1,"16":1,"17":1,"18":1,"19":1,"20":1,"21":0,"22":0,"23":0,"24":0,"25":0,"26":0,"27":0,"28":0,"29":0,"30":0,"31":0,"32":0,"33":0,"34":0,"35":0,"36":0,"37":0,"38":0,"39":0,"40":0,"41":0,"42":0,"43":0,"44":0,"45":0,"46":0,"47":0,"48":0,"49":0,"50":0,"51":0,"52":0,"53":0,"54":0,"55":0,"56":0,"57":0,"58":0,"59":0,"60":0,"61":0,"62":0,"63":0,"64":0,"65":0,"66":0,"67":0,"68":0,"69":0,"70":0,"71":0,"72":0,"73":0,"74":0,"75":0,"76":0,"77":0,"78":0,"79":0,"80":0,"81":0,"82":0,"83":0,"84":0,"85":0,"86":0,"87":0,"88":0,"89":0,"90":0,"91":0,"92":0,"93":0,"94":0,"95":0,"96":0,"97":0,"98":0,"99":0,"100":0,"101":0,"102":0,"103":0,"104":0,"105":0,"106":0,"107":0,"108":0,"109":0,"110":0,"111":0,"112":0,"113":0,"114":0,"115":0,"116":0,"117":0,"118":0,"119":0,"120":0,"121":0,"122":0,"123":0,"124":0,"125":0,"126":0,"127":0,"128":0,"129":0,"130":0,"131":0,"132":0,"133":0,"134":0,"135":0,"136":0,"137":0,"138":0,"139":0,"140":0,"141":0,"142":0,"143":0,"144":0,"145":0,"146":0,"147":0,"148":0,"149":0,"150":0,"151":0,"152":0,"153":0,"154":0,"155":0,"156":0,"157":0,"158":0,"159":0,"160":0,"161":0,"162":0,"163":0,"164":0,"165":0,"166":0,"167":0,"168":0,"169":0,"170":0,"171":0,"172":0,"173":0,"174":0,"175":0,"176":0,"177":0,"178":0,"179":0,"180":0,"181":0,"182":0,"183":0,"184":0,"185":0,"186":0,"187":0,"188":0,"189":0,"190":0,"191":0,"192":0,"193":0,"194":0,"195":0,"196":0,"197":0,"198":0,"199":0,"200":0,"201":0,"202":0,"203":0,"204":0,"205":0,"206":0,"207":0,"208":0,"209":0,"210":0,"211":0,"212":0,"213":0,"214":0,"215":0,"216":0,"217":0,"218":0,"219":0,"220":0,"221":0,"222":0,"223":0,"224":0,"225":0,"226":0,"227":0,"228":0,"229":0,"230":0,"231":0,"232":0,"233":0,"234":0,"235":0,"236":0,"237":0,"238":0,"239":0,"240":0,"241":0,"242":0,"243":0,"244":0,"245":0,"246":0,"247":0,"248":0,"249":0,"250":0,"251":0,"252":0,"253":0,"254":0,"255":0,"256":0,"257":0,"258":0,"259":0,"260":0,"261":0,"262":0,"263":0,"264":0,"265":0,"266":0,"267":0,"268":0,"269":0,"270":0,"271":0,"272":0,"273":0,"274":0,"275":0,"276":0,"277":0,"278":0,"279":0,"280":0,"281":0,"282":0,"283":0,"284":0,"285":0,"286":0,"287":0,"288":0,"289":0,"290":0,"291":0,"292":0,"293":0,"294":0,"295":0,"296":0,"297":0,"298":0,"299":0,"300":0,"301":0,"302":0,"303":0,"304":0,"305":0,"306":0,"307":0,"308":0,"309":0,"310":0,"311":0,"312":1},"f":{"0":0,"1":0,"2":0,"3":0,"4":0,"5":0,"6":0,"7":0,"8":0,"9":0,"10":0,"11":0,"12":0,"13":0,"14":0,"15":0,"16":0,"17":0,"18":0,"19":0,"20":0,"21":0,"22":0,"23":0,"24":0,"25":0,"26":0,"27":0,"28":0,"29":0},"b":{"0":[0,0],"1":[0,0],"2":[0,0],"3":[0,0],"4":[0,0],"5":[0,0],"6":[0],"7":[0],"8":[0,0],"9":[0,0,0],"10":[0,0],"11":[0,0,0,0],"12":[0],"13":[0,0],"14":[0,0,0,0,0],"15":[0,0],"16":[0,0],"17":[0,0],"18":[0,0,0],"19":[0,0],"20":[0,0,0,0,0],"21":[0,0],"22":[0,0],"23":[0,0],"24":[0,0],"25":[0,0],"26":[0,0],"27":[0,0],"28":[0,0],"29":[0,0],"30":[0,0],"31":[0,0],"32":[0,0],"33":[0,0],"34":[0,0],"35":[0,0],"36":[0,0],"37":[0,0],"38":[0,0],"39":[0,0],"40":[0,0],"41":[0,0],"42":[0,0],"43":[0,0],"44":[0,0],"45":[0,0],"46":[0,0],"47":[0,0],"48":[0,0],"49":[0,0],"50":[0,0],"51":[0,0],"52":[0,0],"53":[0,0],"54":[0,0],"55":[0,0],"56":[0,0],"57":[0,0,0],"58":[0,0],"59":[0,0],"60":[0,0],"61":[0,0],"62":[0,0],"63":[0,0],"64":[0,0],"65":[0,0],"66":[0,0],"67":[0,0],"68":[0,0],"69":[0,0],"70":[0,0],"71":[0,0],"72":[0,0],"73":[0,0],"74":[0,0],"75":[0,0],"76":[0,0,0],"77":[0,0],"78":[0,0],"79":[0,0],"80":[0,0],"81":[0,0],"82":[0,0],"83":[0,0],"84":[0,0],"85":[0,0],"86":[0,0],"87":[0,0],"88":[0,0],"89":[0,0],"90":[0,0],"91":[0,0],"92":[0,0],"93":[0,0],"94":[0,0],"95":[0,0],"96":[0,0],"97":[0,0],"98":[0,0],"99":[0,0]},"meta":{"lastBranch":100,"lastFunction":30,"lastStatement":313,"seen":{"s:15:37:15:Infinity":0,"s:16:40:16:Infinity":1,"s:17:37:17:Infinity":2,"s:18:37:18:Infinity":3,"s:21:27:21:Infinity":4,"s:22:26:22:Infinity":5,"s:25:52:25:Infinity":6,"s:28:43:28:Infinity":7,"s:29:43:29:Infinity":8,"s:30:39:30:Infinity":9,"s:31:39:31:Infinity":10,"s:32:34:32:Infinity":11,"s:33:43:33:Infinity":12,"s:34:28:34:Infinity":13,"s:36:27:36:Infinity":14,"s:39:25:39:Infinity":15,"s:40:40:40:Infinity":16,"s:41:32:41:Infinity":17,"s:44:20:48:Infinity":18,"s:51:28:51:Infinity":19,"s:352:52:352:Infinity":20,"f:53:2:53:10":0,"b:54:4:54:Infinity:undefined:undefined:undefined:undefined":0,"s:54:4:54:Infinity":21,"s:54:18:54:Infinity":22,"s:55:4:70:Infinity":23,"s:56:6:56:Infinity":24,"b:56:22:56:46:56:46:56:81":1,"s:58:6:58:Infinity":25,"s:59:6:59:Infinity":26,"s:60:6:60:Infinity":27,"s:62:6:62:Infinity":28,"s:63:6:63:Infinity":29,"s:64:6:64:Infinity":30,"s:66:6:66:Infinity":31,"s:67:6:67:Infinity":32,"s:69:6:69:Infinity":33,"f:73:16:73:35":1,"b:74:4:74:Infinity:undefined:undefined:undefined:undefined":2,"s:74:4:74:Infinity":34,"b:74:8:74:31:74:31:74:42":3,"s:74:42:74:Infinity":35,"s:75:4:75:Infinity":36,"s:78:4:78:Infinity":37,"s:79:4:79:Infinity":38,"s:80:4:80:Infinity":39,"s:82:4:82:Infinity":40,"s:83:4:83:Infinity":41,"s:84:4:84:Infinity":42,"s:86:4:86:Infinity":43,"s:87:4:87:Infinity":44,"s:88:4:88:Infinity":45,"s:89:4:89:Infinity":46,"b:91:4:94:Infinity:undefined:undefined:undefined:undefined":4,"s:91:4:94:Infinity":47,"s:92:6:92:Infinity":48,"s:93:6:93:Infinity":49,"s:97:20:97:Infinity":50,"s:98:20:98:Infinity":51,"s:99:4:99:Infinity":52,"s:100:4:100:Infinity":53,"s:102:4:113:Infinity":54,"s:103:6:112:Infinity":55,"s:104:25:104:Infinity":56,"b:105:8:109:Infinity:undefined:undefined:undefined:undefined":5,"s:105:8:109:Infinity":57,"s:106:30:106:Infinity":58,"s:107:30:107:Infinity":59,"s:108:10:108:Infinity":60,"f:116:2:116:10":2,"b:116:80:116:85":6,"b:116:108:116:122":7,"b:117:4:117:Infinity:undefined:undefined:undefined:undefined":8,"s:117:4:117:Infinity":61,"b:117:8:117:21:117:21:117:38:117:38:117:61":9,"s:117:61:117:Infinity":62,"s:118:19:118:Infinity":63,"s:119:4:119:Infinity":64,"s:120:4:120:Infinity":65,"s:121:17:121:Infinity":66,"s:122:4:122:Infinity":67,"s:123:4:123:Infinity":68,"s:124:4:124:Infinity":69,"s:125:4:125:Infinity":70,"s:126:4:126:Infinity":71,"f:129:2:129:9":3,"s:130:4:130:Infinity":72,"s:131:4:131:Infinity":73,"f:134:2:134:10":4,"b:135:4:135:Infinity:undefined:undefined:undefined:undefined":10,"s:135:4:135:Infinity":74,"b:135:8:135:21:135:21:135:41:135:41:135:58:135:58:135:73":11,"s:135:73:135:Infinity":75,"s:137:16:137:Infinity":76,"s:139:4:139:Infinity":77,"s:140:4:140:Infinity":78,"s:141:4:141:Infinity":79,"f:144:2:144:9":5,"b:144:63:144:72":12,"b:145:4:145:Infinity:undefined:undefined:undefined:undefined":13,"s:145:4:145:Infinity":80,"b:145:8:145:21:145:21:145:36:145:36:145:51:145:51:145:70:145:70:145:87":14,"s:145:87:145:Infinity":81,"s:149:20:149:Infinity":82,"b:150:4:152:Infinity:undefined:undefined:undefined:undefined":15,"s:150:4:152:Infinity":83,"b:150:8:150:28:150:28:150:45":16,"s:151:6:151:Infinity":84,"b:154:4:154:Infinity:undefined:undefined:undefined:undefined":17,"s:154:4:154:Infinity":85,"b:154:8:154:46:154:46:154:70:154:70:154:90":18,"s:154:90:154:Infinity":86,"s:156:4:156:Infinity":87,"f:159:2:159:10":6,"b:160:4:160:Infinity:undefined:undefined:undefined:undefined":19,"s:160:4:160:Infinity":88,"b:160:8:160:21:160:21:160:36:160:36:160:51:160:51:160:70:160:70:160:87":20,"s:160:87:160:Infinity":89,"s:162:4:162:Infinity":90,"s:163:4:163:Infinity":91,"s:165:16:165:Infinity":92,"s:166:25:166:Infinity":93,"s:168:23:168:Infinity":94,"s:169:23:169:Infinity":95,"b:169:36:169:49:169:49:169:Infinity":21,"s:170:21:170:Infinity":96,"b:170:34:170:47:170:47:170:Infinity":22,"s:171:23:171:Infinity":97,"b:171:36:171:53:171:53:171:Infinity":23,"s:172:21:172:Infinity":98,"b:172:34:172:51:172:51:172:Infinity":24,"s:175:4:175:Infinity":99,"s:176:4:176:Infinity":100,"s:178:4:200:Infinity":101,"f:178:20:178:31":7,"s:180:6:180:Infinity":102,"s:181:6:181:Infinity":103,"s:186:6:186:Infinity":104,"s:187:6:187:Infinity":105,"s:189:6:189:Infinity":106,"b:189:37:189:43:189:43:189:Infinity":25,"s:192:6:195:Infinity":107,"f:192:6:192:23":8,"s:193:8:193:Infinity":108,"s:194:8:194:Infinity":109,"f:197:7:197:14":9,"s:198:6:198:Infinity":110,"s:199:6:199:Infinity":111,"f:203:2:203:9":10,"b:204:4:204:Infinity:undefined:undefined:undefined:undefined":26,"s:204:4:204:Infinity":112,"s:204:43:204:Infinity":113,"s:206:4:206:Infinity":114,"b:207:4:207:Infinity:undefined:undefined:undefined:undefined":27,"s:207:4:207:Infinity":115,"s:207:20:207:Infinity":116,"b:208:4:208:Infinity:undefined:undefined:undefined:undefined":28,"s:208:4:208:Infinity":117,"s:208:20:208:Infinity":118,"f:211:2:211:9":11,"b:212:4:212:Infinity:undefined
[...]
{"start":{"line":46,"column":4},"end":{"line":46,"column":null}},"33":{"start":{"line":47,"column":4},"end":{"line":47,"column":null}},"34":{"start":{"line":48,"column":9},"end":{"line":60,"column":null}},"35":{"start":{"line":49,"column":4},"end":{"line":49,"column":null}},"36":{"start":{"line":50,"column":4},"end":{"line":50,"column":null}},"37":{"start":{"line":51,"column":4},"end":{"line":51,"column":null}},"38":{"start":{"line":52,"column":9},"end":{"line":60,"column":null}},"39":{"start":{"line":53,"column":4},"end":{"line":53,"column":null}},"40":{"start":{"line":54,"column":4},"end":{"line":54,"column":null}},"41":{"start":{"line":55,"column":4},"end":{"line":55,"column":null}},"42":{"start":{"line":57,"column":4},"end":{"line":57,"column":null}},"43":{"start":{"line":58,"column":4},"end":{"line":58,"column":null}},"44":{"start":{"line":59,"column":4},"end":{"line":59,"column":null}},"45":{"start":{"line":62,"column":2},"end":{"line":67,"column":null}}},"fnMap":{"0":{"name":"generateLore","decl":{"start":{"line":8,"column":16},"end":{"line":8,"column":29}},"loc":{"start":{"line":8,"column":57},"end":{"line":68,"column":null}},"line":8}},"branchMap":{"0":{"loc":{"start":{"line":9,"column":26},"end":{"line":9,"column":37}},"type":"default-arg","locations":[{"start":{"line":9,"column":34},"end":{"line":9,"column":37}}],"line":9},"1":{"loc":{"start":{"line":9,"column":37},"end":{"line":9,"column":52}},"type":"default-arg","locations":[{"start":{"line":9,"column":49},"end":{"line":9,"column":52}}],"line":9},"2":{"loc":{"start":{"line":9,"column":52},"end":{"line":9,"column":61}},"type":"default-arg","locations":[{"start":{"line":9,"column":58},"end":{"line":9,"column":61}}],"line":9},"3":{"loc":{"start":{"line":9,"column":72},"end":{"line":9,"column":91}},"type":"default-arg","locations":[{"start":{"line":9,"column":85},"end":{"line":9,"column":91}}],"line":9},"4":{"loc":{"start":{"line":13,"column":2},"end":{"line":21,"column":null}},"type":"if","locations":[{"start":{"line":13,"column":2},"end":{"line":21,"column":null}},{"start":{"line":16,"column":9},"end":{"line":21,"column":null}}],"line":13},"5":{"loc":{"start":{"line":14,"column":4},"end":{"line":15,"column":null}},"type":"if","locations":[{"start":{"line":14,"column":4},"end":{"line":15,"column":null}},{"start":{"line":15,"column":9},"end":{"line":15,"column":null}}],"line":14},"6":{"loc":{"start":{"line":16,"column":9},"end":{"line":21,"column":null}},"type":"if","locations":[{"start":{"line":16,"column":9},"end":{"line":21,"column":null}},{"start":{"line":19,"column":9},"end":{"line":21,"column":null}}],"line":16},"7":{"loc":{"start":{"line":17,"column":4},"end":{"line":18,"column":null}},"type":"if","locations":[{"start":{"line":17,"column":4},"end":{"line":18,"column":null}},{"start":{"line":18,"column":9},"end":{"line":18,"column":null}}],"line":17},"8":{"loc":{"start":{"line":23,"column":2},"end":{"line":25,"column":null}},"type":"if","locations":[{"start":{"line":23,"column":2},"end":{"line":25,"column":null}},{"start":{"line":24,"column":7},"end":{"line":25,"column":null}}],"line":23},"9":{"loc":{"start":{"line":24,"column":7},"end":{"line":25,"column":null}},"type":"if","locations":[{"start":{"line":24,"column":7},"end":{"line":25,"column":null}},{"start":{"line":25,"column":7},"end":{"line":25,"column":null}}],"line":24},"10":{"loc":{"start":{"line":27,"column":2},"end":{"line":28,"column":null}},"type":"if","locations":[{"start":{"line":27,"column":2},"end":{"line":28,"column":null}},{"start":{"line":28,"column":7},"end":{"line":28,"column":null}}],"line":27},"11":{"loc":{"start":{"line":28,"column":7},"end":{"line":28,"column":null}},"type":"if","locations":[{"start":{"line":28,"column":7},"end":{"line":28,"column":null}},{"start":{},"end":{}}],"line":28},"12":{"loc":{"start":{"line":37,"column":15},"end":{"line":37,"column":null}},"type":"binary-expr","locations":[{"start":{"line":37,"column":15},"end":{"line":37,"column":41}},{"start":{"line":37,"column":41},"end":{"line":37,"column":null}}],"line":37},"13":{"loc":{"start":{"line":38,"column":16},"end":{"line":38,"column":null}},"type":"binary-expr","locations":[{"start":{"line":38,"column":16},"end":{"line":38,"column":36}},{"start":{"line":38,"column":36},"end":{"line":38,"column":null}}],"line":38},"14":{"loc":{"start":{"line":40,"column":2},"end":{"line":60,"column":null}},"type":"if","locations":[{"start":{"line":40,"column":2},"end":{"line":60,"column":null}},{"start":{"line":44,"column":9},"end":{"line":60,"column":null}}],"line":40},"15":{"loc":{"start":{"line":44,"column":9},"end":{"line":60,"column":null}},"type":"if","locations":[{"start":{"line":44,"column":9},"end":{"line":60,"column":null}},{"start":{"line":48,"column":9},"end":{"line":60,"column":null}}],"line":44},"16":{"loc":{"start":{"line":44,"column":13},"end":{"line":44,"column":49}},"type":"binary-expr","locations":[{"start":{"line":44,"column":13},"end":{"line":44,"column":27}},{"start":{"line":44,"column":27},"end":{"line":44,"column":49}}],"line":44},"17":{"loc":{"start":{"line":48,"column":9},"end":{"line":60,"column":null}},"type":"if","locations":[{"start":{"line":48,"column":9},"end":{"line":60,"column":null}},{"start":{"line":52,"column":9},"end":{"line":60,"column":null}}],"line":48},"18":{"loc":{"start":{"line":48,"column":13},"end":{"line":48,"column":40}},"type":"binary-expr","locations":[{"start":{"line":48,"column":13},"end":{"line":48,"column":27}},{"start":{"line":48,"column":27},"end":{"line":48,"column":40}}],"line":48},"19":{"loc":{"start":{"line":52,"column":9},"end":{"line":60,"column":null}},"type":"if","locations":[{"start":{"line":52,"column":9},"end":{"line":60,"column":null}},{"start":{"line":56,"column":9},"end":{"line":60,"column":null}}],"line":52},"20":{"loc":{"start":{"line":52,"column":13},"end":{"line":52,"column":49}},"type":"binary-expr","locations":[{"start":{"line":52,"column":13},"end":{"line":52,"column":27}},{"start":{"line":52,"column":27},"end":{"line":52,"column":49}}],"line":52}},"s":{"0":2,"1":2,"2":2,"3":2,"4":1,"5":1,"6":0,"7":0,"8":0,"9":0,"10":0,"11":2,"12":0,"13":2,"14":0,"15":2,"16":2,"17":1,"18":1,"19":1,"20":2,"21":2,"22":2,"23":2,"24":2,"25":2,"26":2,"27":0,"28":0,"29":0,"30":2,"31":0,"32":0,"33":0,"34":2,"35":0,"36":0,"37":0,"38":2,"39":0,"40":0,"41":0,"42":2,"43":2,"44":2,"45":2},"f":{"0":2},"b":{"0":[2],"1":[2],"2":[2],"3":[2],"4":[2,0],"5":[1,1],"6":[0,0],"7":[0,0],"8":[0,2],"9":[0,2],"10":[1,1],"11":[1,0],"12":[2,2],"13":[2,2],"14":[0,2],"15":[0,2],"16":[2,0],"17":[0,2],"18":[2,0],"19":[0,2],"20":[2,0]},"meta":{"lastBranch":21,"lastFunction":1,"lastStatement":46,"seen":{"f:8:16:8:29":0,"s:9:91:9:Infinity":0,"b:9:34:9:37":0,"b:9:49:9:52":1,"b:9:58:9:61":2,"b:9:85:9:91":3,"s:12:26:12:Infinity":1,"b:13:2:21:Infinity:16:9:21:Infinity":4,"s:13:2:21:Infinity":2,"b:14:4:15:Infinity:15:9:15:Infinity":5,"s:14:4:15:Infinity":3,"s:14:19:14:Infinity":4,"s:15:9:15:Infinity":5,"b:16:9:21:Infinity:19:9:21:Infinity":6,"s:16:9:21:Infinity":6,"b:17:4:18:Infinity:18:9:18:Infinity":7,"s:17:4:18:Infinity":7,"s:17:24:17:Infinity":8,"s:18:9:18:Infinity":9,"s:20:4:20:Infinity":10,"b:23:2:25:Infinity:24:7:25:Infinity":8,"s:23:2:25:Infinity":11,"s:23:29:23:Infinity":12,"b:24:7:25:Infinity:25:7:25:Infinity":9,"s:24:7:25:Infinity":13,"s:24:35:24:Infinity":14,"s:25:7:25:Infinity":15,"b:27:2:28:Infinity:28:7:28:Infinity":10,"s:27:2:28:Infinity":16,"s:27:17:27:Infinity":17,"b:28:7:28:Infinity:undefined:undefined:undefined:undefined":11,"s:28:7:28:Infinity":18,"s:28:21:28:Infinity":19,"s:30:21:30:Infinity":20,"s:33:21:33:Infinity":21,"s:34:20:34:Infinity":22,"s:35:48:35:Infinity":23,"s:37:15:37:Infinity":24,"b:37:15:37:41:37:41:37:Infinity":12,"s:38:16:38:Infinity":25,"b:38:16:38:36:38:36:38:Infinity":13,"b:40:2:60:Infinity:44:9:60:Infinity":14,"s:40:2:60:Infinity":26,"s:41:4:41:Infinity":27,"s:42:4:42:Infinity":28,"s:43:4:43:Infinity":29,"b:44:9:60:Infinity:48:9:60:Infinity":15,"s:44:9:60:Infinity":30,"b:44:13:44:27:44:27:44:49":16,"s:45:4:45:Infinity":31,"s:46:4:46:Infinity":32,"s:47:4:47:Infinity":33,"b:48:9:60:Infinity:52:9:60:Infinity":17,"s:48:9:60:Infinity":34,"b:48:13:48:27:48:27:48:40":18,"s:49:4:49:Infinity":35,"s:50:4:50:Infinity":36,"s:51:4:51:Infinity":37,"b:52:9:60:Infinity:56:9:60:Infinity":19,"s:52:9:60:Infinity":38,"b:52:13:52:27:52:27:52:49":20,"s:53:4:53:Infinity":39,"s:54:4:54:Infinity":40,"s:55:4:55:Infinity":41,"s:57:4:57:Infinity":42,"s:58:4:58:Infinity":43,"s:59:4:59:Infinity":44,"s:62:2:67:Infinity":45},"fnNames":{}}}
,"C:\\Users\\oob\\.gemini\\antigravity\\scratch\\darwins-canvas\\web\\src\\utils\\saveSystem.ts": {"path":"C:\\Users\\oob\\.gemini\\antigravity\\scratch\\darwins-canvas\\web\\src\\utils\\saveSystem.ts","statementMap":{"0":{"start":{"line":3,"column":16},"end":{"line":3,"column":null}},"1":{"start":{"line":4,"column":19},"end":{"line":4,"column":null}},"2":{"start":{"line":5,"column":19},"end":{"line":5,"column":null}},"3":{"start":{"line":23,"column":45},"end":{"line":23,"column":null}},"4":{"start":{"line":26,"column":2},"end":{"line":40,"column":null}},"5":{"start":{"line":27,"column":4},"end":{"line":39,"column":null}},"6":{"start":{"line":28,"column":22},"end":{"line":28,"column":null}},"7":{"start":{"line":30,"column":6},"end":{"line":30,"column":null}},"8":{"start":{"line":30,"column":30},"end":{"line":30,"column":null}},"9":{"start":{"line":31,"column":6},"end":{"line":31,"column":null}},"10":{"start":{"line":31,"column":32},"end":{"line":31,"column":null}},"11":{"start":{"line":33,"column":6},"end":{"line":38,"column":null}},"12":{"start":{"line":34,"column":20},"end":{"line":34,"column":null}},"13":{"start":{"line":35,"column":8},"end":{"line":37,"column":null}},"14":{"start":{"line":36,"column":10},"end":{"line":36,"column":null}},"15":{"start":{"line":41,"column":2},"end":{"line":41,"column":null}},"16":{"start":{"line":45,"column":13},"end":{"line":45,"column":null}},"17":{"start":{"line":49,"column":29},"end":{"line":60,"column":null}},"18":{"start":{"line":62,"column":2},"end":{"line":69,"column":null}},"19":{"start":{"line":63,"column":24},"end":{"line":63,"column":null}},"20":{"start":{"line":64,"column":18},"end":{"line":64,"column":null}},"21":{"start":{"line":65,"column":20},"end":{"line":65,"column":null}},"22":{"start":{"line":67,"column":4},"end":{"line":67,"column":null}},"23":{"start":{"line":67,"column":28},"end":{"line":67,"column":null}},"24":{"start":{"line":68,"column":4},"end":{"line":68,"column":null}},"25":{"start":{"line":68,"column":30},"end":{"line":68,"column":null}},"26":{"start":{"line":73,"column":13},"end":{"line":73,"column":null}},"27":{"start":{"line":74,"column":2},"end":{"line":81,"column":null}},"28":{"start":{"line":75,"column":24},"end":{"line":75,"column":null}},"29":{"start":{"line":76,"column":18},"end":{"line":76,"column":null}},"30":{"start":{"line":77,"column":20},"end":{"line":77,"column":null}},"31":{"start":{"line":79,"column":4},"end":{"line":79,"column":null}},"32":{"start":{"line":79,"column":28},"end":{"line":79,"column":null}},"33":{"start":{"line":80,"column":4},"end":{"line":80,"column":null}},"34":{"start":{"line":80,"column":30},"end":{"line":80,"column":null}},"35":{"start":{"line":85,"column":13},"end":{"line":85,"column":null}},"36":{"start":{"line":86,"column":2},"end":{"line":103,"column":null}},"37":{"start":{"line":87,"column":24},"end":{"line":87,"column":null}},"38":{"start":{"line":88,"column":18},"end":{"line":88,"column":null}},"39":{"start":{"line":89,"column":20},"end":{"line":89,"column":null}},"40":{"start":{"line":91,"column":4},"end":{"line":91,"column":null}},"41":{"start":{"line":91,"column":28},"end":{"line":91,"column":null}},"42":{"start":{"line":92,"column":4},"end":{"line":102,"column":null}},"43":{"start":{"line":93,"column":20},"end":{"line":93,"column":null}},"44":{"start":{"line":95,"column":23},"end":{"line":100,"column":null}},"45":{"start":{"line":95,"column":42},"end":{"line":100,"column":8}},"46":{"start":{"line":101,"column":6},"end":{"line":101,"column":null}},"47":{"start":{"line":107,"column":13},"end":{"line":107,"column":null}},"48":{"start":{"line":108,"column":2},"end":{"line":115,"column":null}},"49":{"start":{"line":109,"column":24},"end":{"line":109,"column":null}},"50":{"start":{"line":110,"column":18},"end":{"line":110,"column":null}},"51":{"start":{"line":111,"column":20},"end":{"line":111,"column":null}},"52":{"start":{"line":113,"column":4},"end":{"line":113,"column":null}},"53":{"start":{"line":113,"column":28},"end":{"line":113,"column":null}},"54":{"start":{"line":114,"column":4},"end":{"line":114,"column":null}},"55":{"start":{"line":114,"column":30},"end":{"line":114,"column":null}}},"fnMap":{"0":{"name":"getDB","decl":{"start":{"line":25,"column":9},"end":{"line":25,"column":39}},"loc":{"start":{"line":25,"column":39},"end":{"line":42,"column":null}},"line":25},"1":{"name":"(anonymous_1)","decl":{"start":{"line":27,"column":20},"end":{"line":27,"column":29}},"loc":{"start":{"line":27,"column":49},"end":{"line":39,"column":5}},"line":27},"2":{"name":"(anonymous_2)","decl":{"start":{"line":30,"column":14},"end":{"line":30,"column":30}},"loc":{"start":{"line":30,"column":30},"end":{"line":30,"column":null}},"line":30},"3":{"name":"(anonymous_3)","decl":{"start":{"line":31,"column":14},"end":{"line":31,"column":32}},"loc":{"start":{"line":31,"column":32},"end":{"line":31,"column":null}},"line":31},"4":{"name":"(anonymous_4)","decl":{"start":{"line":33,"column":14},"end":{"line":33,"column":33}},"loc":{"start":{"line":33,"column":43},"end":{"line":38,"column":null}},"line":33},"5":{"name":"saveGame","decl":{"start":{"line":44,"column":22},"end":{"line":44,"column":31}},"loc":{"start":{"line":44,"column":99},"end":{"line":70,"column":null}},"line":44},"6":{"name":"(anonymous_6)","decl":{"start":{"line":62,"column":13},"end":{"line":62,"column":22}},"loc":{"start":{"line":62,"column":42},"end":{"line":69,"column":3}},"line":62},"7":{"name":"(anonymous_7)","decl":{"start":{"line":67,"column":12},"end":{"line":67,"column":28}},"loc":{"start":{"line":67,"column":28},"end":{"line":67,"column":null}},"line":67},"8":{"name":"(anonymous_8)","decl":{"start":{"line":68,"column":12},"end":{"line":68,"column":30}},"loc":{"start":{"line":68,"column":30},"end":{"line":68,"column":null}},"line":68},"9":{"name":"loadGame","decl":{"start":{"line":72,"column":22},"end":{"line":72,"column":31}},"loc":{"start":{"line":72,"column":77},"end":{"line":82,"column":null}},"line":72},"10":{"name":"(anonymous_10)","decl":{"start":{"line":74,"column":13},"end":{"line":74,"column":22}},"loc":{"start":{"line":74,"column":42},"end":{"line":81,"column":3}},"line":74},"11":{"name":"(anonymous_11)","decl":{"start":{"line":79,"column":12},"end":{"line":79,"column":28}},"loc":{"start":{"line":79,"column":28},"end":{"line":79,"column":null}},"line":79},"12":{"name":"(anonymous_12)","decl":{"start":{"line":80,"column":12},"end":{"line":80,"column":30}},"loc":{"start":{"line":80,"column":30},"end":{"line":80,"column":null}},"line":80},"13":{"name":"listSaves","decl":{"start":{"line":84,"column":22},"end":{"line":84,"column":63}},"loc":{"start":{"line":84,"column":63},"end":{"line":104,"column":null}},"line":84},"14":{"name":"(anonymous_14)","decl":{"start":{"line":86,"column":13},"end":{"line":86,"column":22}},"loc":{"start":{"line":86,"column":42},"end":{"line":103,"column":3}},"line":86},"15":{"name":"(anonymous_15)","decl":{"start":{"line":91,"column":12},"end":{"line":91,"column":28}},"loc":{"start":{"line":91,"column":28},"end":{"line":91,"column":null}},"line":91},"16":{"name":"(anonymous_16)","decl":{"start":{"line":92,"column":12},"end":{"line":92,"column":30}},"loc":{"start":{"line":92,"column":30},"end":{"line":102,"column":null}},"line":92},"17":{"name":"(anonymous_17)","decl":{"start":{"line":95,"column":29},"end":{"line":95,"column":33}},"loc":{"start":{"line":95,"column":42},"end":{"line":100,"column":8}},"line":95},"18":{"name":"deleteGame","decl":{"start":{"line":106,"column":22},"end":{"line":106,"column":33}},"loc":{"start":{"line":106,"column":64},"end":{"line":116,"column":null}},"line":106},"19":{"name":"(anonymous_19)","decl":{"start":{"line":108,"column":13},"end":{"line":108,"column":22}},"loc":{"start":{"line":108,"column":42},"end":{"line":115,"column":3}},"line":108},"20":{"name":"(anonymous_20)","decl":{"start":{"line":113,"column":12},"end":{"line":113,"column":28}},"loc":{"start":{"line":113,"column":28},"end":{"line":113,"column":null}},"line":113},"21":{"name":"(anonymous_21)","decl":{"start":{"line":114,"column":12},"end":{"line":114,"column":30}},"loc":{"start":{"line":114,"column":30},"end":{"line":114,"column":null}},"line":114}},"branchMap":{"0":{"loc":{"start":{"line":26,"column":2},"end":{"line":40,"column":null}},"type":"if","locations":[{"start":{"line":26,"column":2},"end":{"line":40,"column":null}},{"start":{},"end":{}}],"line":26},"1":{"loc":{"start":{"line":35,"column":8},"end":{"line":37,"column":null}},"type":"if","locations":[{"start":{"line":35,"column":8},"end":{"line":37,"column":null}},{"start":{},"end":{}}],"line":35},"2":{"loc":{"start":{"line":80,"column":38},"end":{"line":80,"column":60}},"type":"binary-expr","locations":[{"start":{"line":80,"column":38},"end":{"line":80,"column":56}},{"start":{"line":80,"column":56},"end":{"line":80,"column":60}}],"line":80}},"s":{"0":1,"1":1,"2":1,"3":1,"4":4,"5":1,"6":1,"7":1,"8":0,"9":1,"10":1,"11":1,"12":1,"13":1,"14":1,"15":4,"16":2,"17":2,"18":2,"19":2,"20":2,"21":2,"22":2,"23":0,"24":2,"25":2,"26":2,"27":2,"28":2,"29":2,"30":2,"31":2,"32":0,"33":2,"34":2,"35":0,"36":0,"37":0,"38":0,"39":0,"40":0,"41":0,"42":0,"43":0,"44":0,"45":0,"46":0,"47":0,"48":0,"49":0,"50":0,"51":0,"52":0,"53":0,"54":0,"55":0},"f":{"0":4,"1":1,"2":0,"3":1,"4":1,"5":2,"6":2,"7":0,"8":2,"9":2,"10":2,"11":0,"12":2,"13":0,"14":0,"15":0,"16":0,"17":0,"18":0,"19":0,"20":0,"21":0},"b":{"0":[1,3],"1":[1,0],"2":[2,0]},"meta":{"lastBranch":3,"lastFunction":22,"lastStatement":56,"seen":{"s:3:16:3:Infinity":0,"s:4:19:4:Infinity":1,"s:5:19:5:Infinity":2,"s:23:45:23:Infinity":3,"f:25:9:25:39":0,"b:26:2:40:Infinity:undefined:undefined:undefined:undefined":0,"s:26:2:40:Infinity":4,"s:27:4:39:Infinity":5,"f:27:20:27:29":1,"s:28:22:28:Infinity":6,"s:30:6:30:Infinity":7,"f:30:14:30:30":2,"s:30:30:30:Infinity":8,"s:31:6:31:Infinity":9,"f:31:14:31:32":3,"s:31:32:31:Infinity":10,"s:33:6:38:Infinity":11,"f:33:14:33:33":4,"s:34:20:34:Infinity":12,"b:35:8:37:Infinity:undefined:undefined:undefined:undefined":1,"s:35:8:37:Infinity":13,"s:36:10:36:Infinity":14,"s:41:2:41:Infinity":15,"f:44:22:44:31":5,"s:45:13:45:Infinity":16,"s:49:29:60:Infinity":17,"s:62:2:69:Infinity":18,"f:62:13:62:22":6,"s:63:24:63:Infinity":19,"s:64:18:64:Infinity":20,"s:65:20:65:Infinity":21,"s:67:4:67:Infinity":22,"f:67:12:67:28":7,"s:67:28:67:Infinity":23,"s:68:4:68:Infinity":24,"f:68:12:68:30":8,"s:68:30:68:Infinity":25,"f:72:22:72:31":9,"s:73:13:73:Infinity":26,"s:74:2:81:Infinity":27,"f:74:13:74:22":10,"s:75:24:75:Infinity":28,"s:76:18:76:Infinity":29,"s:77:20:77:Infinity":30,"s:79:4:79:Infinity":31,"f:79:12:79:28":11,"s:79:28:79:Infinity":32,"s:80:4:80:Infinity":33,"f:80:12:80:30":12,"s:80:30:80:Infinity":34,"b:80:38:80:56:80:56:80:60":2,"f:84:22:84:63":13,"s:85:13:85:Infinity":35,"s:86:2:103:Infinity":36,"f:86:13:86:22":14,"s:87:24:87:Infinity":37,"s:88:18:88:Infinity":38,"s:89:20:89:Infinity":39,"s:91:4:91:Infinity":40,"f:91:12:91:28":15,"s:91:28:91:Infinity":41,"s:92:4:102:Infinity":42,"f:92:12:92:30":16,"s:93:20:93:Infinity":43,"s:95:23:100:Infinity":44,"f:95:29:95:33":17,"s:95:42:100:8":45,"s:101:6:101:Infinity":46,"f:106:22:106:33":18,"s:107:13:107:Infinity":47,"s:108:2:115:Infinity":48,"f:108:13:108:22":19,"s:109:24:109:Infinity":49,"s:110:18:110:Infinity":50,"s:111:20:111:Infinity":51,"s:113:4:113:Infinity":52,"f:113:12:113:28":20,"s:113:28:113:Infinity":53,"s:114:4:114:Infinity":54,"f:114:12:114:30":21,"s:114:30:114:Infinity":55},"fnNames":{}}}
}
